#
# A fatal error has been detected by the Java Runtime Environment:
#
#  EXCEPTION_ACCESS_VIOLATION (0xc0000005) at pc=0x000000005c52c1cb, pid=3520, tid=5612
#
# JRE version: Java(TM) SE Runtime Environment (8.0_45-b15) (build 1.8.0_45-b15)
# Java VM: Java HotSpot(TM) 64-Bit Server VM (25.45-b02 mixed mode windows-amd64 compressed oops)
# Problematic frame:
# C  [atio6axx.dll+0x54c1cb]
#
# Failed to write core dump. Minidumps are not enabled by default on client versions of Windows
#
# If you would like to submit a bug report, please visit:
#   http://bugreport.java.com/bugreport/crash.jsp
# The crash happened outside the Java Virtual Machine in native code.
# See problematic frame for where to report the bug.
#

---------------  T H R E A D  ---------------

Current thread (0x0000000056304800):  JavaThread "AWT-EventQueue-0" [_thread_in_native, id=5612, stack(0x0000000058de0000,0x0000000058ee0000)]

siginfo: ExceptionCode=0xc0000005, reading address 0x0000000000000000

Registers:
RAX=0x000007fee976b080, RBX=0x000000005a98ae80, RCX=0x0000000000000000, RDX=0x0000000058edcde0
RSP=0x0000000058edccc0, RBP=0x0000000058edcd98, RSI=0x0000000000000000, RDI=0x000000005a98ae80
R8 =0x0000000000000000, R9 =0x0000000000000000, R10=0x00000000026d3848, R11=0x000000005b977ca0
R12=0x0000000000000000, R13=0x000000005a1b1f88, R14=0x0000000058edcde0, R15=0x0000000056304800
RIP=0x000000005c52c1cb, EFLAGS=0x0000000000010282

Top of Stack: (sp=0x0000000058edccc0)
0x0000000058edccc0:   00000000026c7a01 000000005a1b1f88
0x0000000058edccd0:   0000000000000003 00000000026c7a01
0x0000000058edcce0:   0000000058edcd98 0000000000000000
0x0000000058edccf0:   00000000026c7a01 00000000026d3874
0x0000000058edcd00:   000000005a1b1f88 0000000000000003
0x0000000058edcd10:   0000000000000003 00000000026c7a01
0x0000000058edcd20:   0000000000000000 000007fee976b080
0x0000000058edcd30:   0000000056304800 000000005a1b1f88
0x0000000058edcd40:   0000000000000003 0000000056304800
0x0000000058edcd50:   00000000026d35a2 0000000058edcd58
0x0000000058edcd60:   000000005a1b1f88 0000000058edcde0
0x0000000058edcd70:   000000005a220028 0000000000000000
0x0000000058edcd80:   000000005a1b1f88 0000000000000000
0x0000000058edcd90:   0000000058edcdb8 0000000058edce28
0x0000000058edcda0:   00000000026c7a01 0000000000000000
0x0000000058edcdb0:   00000000026cf698 000007fee976b080 

Instructions: (pc=0x000000005c52c1cb)
0x000000005c52c1ab:   ff ff ff 85 c9 74 11 48 8d 8f a8 2c 00 00 ba 08
0x000000005c52c1bb:   00 00 00 e8 6d 9e d3 ff 48 83 8f e0 37 00 00 08
0x000000005c52c1cb:   8b 06 48 8d 8b e0 08 00 00 4c 8d 05 d5 cb 84 00
0x000000005c52c1db:   89 01 8b 46 04 bb 02 00 00 00 48 8d 51 08 4c 2b 


Register to memory mapping:

RAX=0x000007fee976b080 is an unknown value
RBX=0x000000005a98ae80 is an unknown value
RCX=0x0000000000000000 is an unknown value
RDX=0x0000000058edcde0 is pointing into the stack for thread: 0x0000000056304800
RSP=0x0000000058edccc0 is pointing into the stack for thread: 0x0000000056304800
RBP=0x0000000058edcd98 is pointing into the stack for thread: 0x0000000056304800
RSI=0x0000000000000000 is an unknown value
RDI=0x000000005a98ae80 is an unknown value
R8 =0x0000000000000000 is an unknown value
R9 =0x0000000000000000 is an unknown value
R10=0x00000000026d3848 is at code_begin+840 in an Interpreter codelet
method entry point (kind = native)  [0x00000000026d3500, 0x00000000026d3e60]  2400 bytes
R11=0x000000005b977ca0 is an unknown value
R12=0x0000000000000000 is an unknown value
R13={method} {0x000000005a1b1f90} 'dispatch_glTexCoord2fv1' '(Ljava/lang/Object;IZJ)V' in 'jogamp/opengl/gl4/GL4bcImpl'
R14=0x0000000058edcde0 is pointing into the stack for thread: 0x0000000056304800
R15=0x0000000056304800 is a thread


Stack: [0x0000000058de0000,0x0000000058ee0000],  sp=0x0000000058edccc0,  free space=1011k
Native frames: (J=compiled Java code, j=interpreted, Vv=VM code, C=native code)
C  [atio6axx.dll+0x54c1cb]
C  0x00000000026d3874

Java frames: (J=compiled Java code, j=interpreted, Vv=VM code)
j  jogamp.opengl.gl4.GL4bcImpl.dispatch_glTexCoord2fv1(Ljava/lang/Object;IZJ)V+0
j  jogamp.opengl.gl4.GL4bcImpl.glTexCoord2fv([FI)V+97
j  resource.model.Model.draw()V+61
j  obj.itm.Item.draw()Z+27
j  object.primitive.Drawable.drawAll()V+346
j  gfx.GOGL.draw()V+48
j  gfx.GOGL$1.display(Lcom/jogamp/opengl/GLAutoDrawable;)V+21
j  jogamp.opengl.GLDrawableHelper.displayImpl(Lcom/jogamp/opengl/GLAutoDrawable;)V+81
j  jogamp.opengl.GLDrawableHelper.display(Lcom/jogamp/opengl/GLAutoDrawable;)V+2
j  com.jogamp.opengl.awt.GLCanvas$11.run()V+118
j  jogamp.opengl.GLDrawableHelper.invokeGLImpl(Lcom/jogamp/opengl/GLDrawable;Lcom/jogamp/opengl/GLContext;Ljava/lang/Runnable;Ljava/lang/Runnable;)V+203
j  jogamp.opengl.GLDrawableHelper.invokeGL(Lcom/jogamp/opengl/GLDrawable;Lcom/jogamp/opengl/GLContext;Ljava/lang/Runnable;Ljava/lang/Runnable;)V+72
j  com.jogamp.opengl.awt.GLCanvas$12.run()V+104
j  com.jogamp.opengl.Threading.invoke(ZLjava/lang/Runnable;Ljava/lang/Object;)V+27
j  com.jogamp.opengl.awt.GLCanvas.display()V+64
j  com.jogamp.opengl.awt.GLCanvas.paint(Ljava/awt/Graphics;)V+137
j  sun.awt.RepaintArea.paintComponent(Ljava/awt/Component;Ljava/awt/Graphics;)V+6
j  sun.awt.RepaintArea.paint(Ljava/lang/Object;Z)V+326
j  sun.awt.windows.WComponentPeer.handleEvent(Ljava/awt/AWTEvent;)V+155
j  java.awt.Component.dispatchEventImpl(Ljava/awt/AWTEvent;)V+877
j  java.awt.Component.dispatchEvent(Ljava/awt/AWTEvent;)V+2
j  java.awt.EventQueue.dispatchEventImpl(Ljava/awt/AWTEvent;Ljava/lang/Object;)V+41
j  java.awt.EventQueue.access$500(Ljava/awt/EventQueue;Ljava/awt/AWTEvent;Ljava/lang/Object;)V+3
j  java.awt.EventQueue$3.run()Ljava/lang/Void;+32
j  java.awt.EventQueue$3.run()Ljava/lang/Object;+1
v  ~StubRoutines::call_stub
j  java.security.AccessController.doPrivileged(Ljava/security/PrivilegedAction;Ljava/security/AccessControlContext;)Ljava/lang/Object;+0
j  java.security.ProtectionDomain$1.doIntersectionPrivilege(Ljava/security/PrivilegedAction;Ljava/security/AccessControlContext;Ljava/security/AccessControlContext;)Ljava/lang/Object;+28
j  java.security.ProtectionDomain$1.doIntersectionPrivilege(Ljava/security/PrivilegedAction;Ljava/security/AccessControlContext;)Ljava/lang/Object;+6
j  java.awt.EventQueue$4.run()Ljava/lang/Void;+11
j  java.awt.EventQueue$4.run()Ljava/lang/Object;+1
v  ~StubRoutines::call_stub
j  java.security.AccessController.doPrivileged(Ljava/security/PrivilegedAction;Ljava/security/AccessControlContext;)Ljava/lang/Object;+0
j  java.security.ProtectionDomain$1.doIntersectionPrivilege(Ljava/security/PrivilegedAction;Ljava/security/AccessControlContext;Ljava/security/AccessControlContext;)Ljava/lang/Object;+28
j  java.awt.EventQueue.dispatchEvent(Ljava/awt/AWTEvent;)V+73
j  java.awt.EventDispatchThread.pumpOneEventForFilters(I)V+245
j  java.awt.EventDispatchThread.pumpEventsForFilter(ILjava/awt/Conditional;Ljava/awt/EventFilter;)V+35
j  java.awt.EventDispatchThread.pumpEventsForHierarchy(ILjava/awt/Conditional;Ljava/awt/Component;)V+11
j  java.awt.EventDispatchThread.pumpEvents(ILjava/awt/Conditional;)V+4
j  java.awt.EventDispatchThread.pumpEvents(Ljava/awt/Conditional;)V+3
j  java.awt.EventDispatchThread.run()V+9
v  ~StubRoutines::call_stub

---------------  P R O C E S S  ---------------

Java Threads: ( => current thread )
  0x000000000218e800 JavaThread "DestroyJavaVM" [_thread_blocked, id=3220, stack(0x00000000022f0000,0x00000000023f0000)]
  0x0000000059a83000 JavaThread "Thread-5" [_thread_blocked, id=5392, stack(0x000000005add0000,0x000000005aed0000)]
  0x0000000059a2d800 JavaThread "D3D Screen Updater" daemon [_thread_blocked, id=1444, stack(0x000000005aff0000,0x000000005b0f0000)]
  0x0000000059c33800 JavaThread "main-SharedResourceRunner" daemon [_thread_blocked, id=3396, stack(0x000000005a590000,0x000000005a690000)]
=>0x0000000056304800 JavaThread "AWT-EventQueue-0" [_thread_in_native, id=5612, stack(0x0000000058de0000,0x0000000058ee0000)]
  0x0000000056312800 JavaThread "AWT-Windows" daemon [_thread_in_native, id=4848, stack(0x0000000056ab0000,0x0000000056bb0000)]
  0x000000005630c800 JavaThread "AWT-Shutdown" [_thread_blocked, id=3472, stack(0x00000000568a0000,0x00000000569a0000)]
  0x000000005630c000 JavaThread "Java2D Disposer" daemon [_thread_blocked, id=4620, stack(0x0000000056690000,0x0000000056790000)]
  0x0000000055fc0800 JavaThread "Service Thread" daemon [_thread_blocked, id=224, stack(0x0000000055bc0000,0x0000000055cc0000)]
  0x0000000054cdd000 JavaThread "C1 CompilerThread1" daemon [_thread_blocked, id=6072, stack(0x0000000055ec0000,0x0000000055fc0000)]
  0x0000000054cd7000 JavaThread "C2 CompilerThread0" daemon [_thread_blocked, id=2884, stack(0x00000000555e0000,0x00000000556e0000)]
  0x0000000054cd5800 JavaThread "Attach Listener" daemon [_thread_blocked, id=5616, stack(0x0000000055ce0000,0x0000000055de0000)]
  0x0000000054cdf000 JavaThread "Signal Dispatcher" daemon [_thread_blocked, id=4544, stack(0x0000000055820000,0x0000000055920000)]
  0x0000000054c76000 JavaThread "Finalizer" daemon [_thread_blocked, id=4576, stack(0x0000000055a90000,0x0000000055b90000)]
  0x0000000054c75000 JavaThread "Reference Handler" daemon [_thread_blocked, id=5180, stack(0x0000000055990000,0x0000000055a90000)]

Other Threads:
  0x0000000054c6d000 VMThread [stack: 0x0000000055700000,0x0000000055800000] [id=3320]
  0x0000000055fc1000 WatcherThread [stack: 0x0000000056560000,0x0000000056660000] [id=756]

VM state:not at safepoint (normal execution)

VM Mutex/Monitor currently owned by a thread: None

Heap:
 PSYoungGen      total 70144K, used 28045K [0x00000000eb300000, 0x00000000efe00000, 0x0000000100000000)
  eden space 65024K, 36% used [0x00000000eb300000,0x00000000eca33680,0x00000000ef280000)
  from space 5120K, 83% used [0x00000000ef800000,0x00000000efc30050,0x00000000efd00000)
  to   space 5632K, 0% used [0x00000000ef280000,0x00000000ef280000,0x00000000ef800000)
 ParOldGen       total 44032K, used 4398K [0x00000000c1800000, 0x00000000c4300000, 0x00000000eb300000)
  object space 44032K, 9% used [0x00000000c1800000,0x00000000c1c4b808,0x00000000c4300000)
 Metaspace       used 15956K, capacity 16136K, committed 16384K, reserved 1064960K
  class space    used 1619K, capacity 1687K, committed 1792K, reserved 1048576K

Card table byte_map: [0x0000000011a80000,0x0000000011c80000] byte_map_base: 0x0000000011474000

Marking Bits: (ParMarkBitMap*) 0x000000005bf54040
 Begin Bits: [0x0000000012200000, 0x00000000131a0000)
 End Bits:   [0x00000000131a0000, 0x0000000014140000)

Polling page: 0x0000000001cd0000

CodeCache: size=245760Kb used=5028Kb max_used=5039Kb free=240731Kb
 bounds [0x00000000026c0000, 0x0000000002bb0000, 0x00000000116c0000]
 total_blobs=2320 nmethods=1430 adapters=805
 compilation: enabled

Compilation events (10 events):
Event: 5.569 Thread 0x0000000054cdd000 nmethod 1423 0x0000000002ba7a10 code [0x0000000002ba7c60, 0x0000000002ba8988]
Event: 5.569 Thread 0x0000000054cdd000 1419       3       jogamp.opengl.gl4.GL4bcImpl::glVertex3f (49 bytes)
Event: 5.570 Thread 0x0000000054cdd000 nmethod 1419 0x0000000002ba92d0 code [0x0000000002ba9520, 0x0000000002baa248]
Event: 5.570 Thread 0x0000000054cdd000 1429       1       object.environment.Heightmap::getNormal (9 bytes)
Event: 5.570 Thread 0x0000000054cdd000 nmethod 1429 0x0000000002ba4950 code [0x0000000002ba4aa0, 0x0000000002ba4bf0]
Event: 5.574 Thread 0x0000000054cd7000 nmethod 1427 0x0000000002babfd0 code [0x0000000002bac1a0, 0x0000000002bac998]
Event: 5.574 Thread 0x0000000054cd7000 1430       4       java.lang.StrictMath::floorOrCeil (128 bytes)
Event: 5.575 Thread 0x0000000054cd7000 nmethod 1430 0x0000000002baaf50 code [0x0000000002bab0c0, 0x0000000002bab1d8]
Event: 5.575 Thread 0x0000000054cd7000 1428       4       Datatypes.vec::get (21 bytes)
Event: 5.575 Thread 0x0000000054cd7000 nmethod 1428 0x0000000002baab90 code [0x0000000002baace0, 0x0000000002baad98]

GC Heap History (10 events):
Event: 1.750 GC heap before
{Heap before GC invocations=2 (full 0):
 PSYoungGen      total 18944K, used 18928K [0x00000000eb300000, 0x00000000ec800000, 0x0000000100000000)
  eden space 16384K, 100% used [0x00000000eb300000,0x00000000ec300000,0x00000000ec300000)
  from space 2560K, 99% used [0x00000000ec300000,0x00000000ec57c170,0x00000000ec580000)
  to   space 2560K, 0% used [0x00000000ec580000,0x00000000ec580000,0x00000000ec800000)
 ParOldGen       total 44032K, used 1216K [0x00000000c1800000, 0x00000000c4300000, 0x00000000eb300000)
  object space 44032K, 2% used [0x00000000c1800000,0x00000000c19300c0,0x00000000c4300000)
 Metaspace       used 13031K, capacity 13250K, committed 13440K, reserved 1060864K
  class space    used 1303K, capacity 1366K, committed 1408K, reserved 1048576K
Event: 1.758 GC heap after
Heap after GC invocations=2 (full 0):
 PSYoungGen      total 18944K, used 2176K [0x00000000eb300000, 0x00000000ed800000, 0x0000000100000000)
  eden space 16384K, 0% used [0x00000000eb300000,0x00000000eb300000,0x00000000ec300000)
  from space 2560K, 85% used [0x00000000ec580000,0x00000000ec7a0000,0x00000000ec800000)
  to   space 2560K, 0% used [0x00000000ec300000,0x00000000ec300000,0x00000000ec580000)
 ParOldGen       total 44032K, used 1216K [0x00000000c1800000, 0x00000000c4300000, 0x00000000eb300000)
  object space 44032K, 2% used [0x00000000c1800000,0x00000000c19300c0,0x00000000c4300000)
 Metaspace       used 13031K, capacity 13250K, committed 13440K, reserved 1060864K
  class space    used 1303K, capacity 1366K, committed 1408K, reserved 1048576K
}
Event: 2.095 GC heap before
{Heap before GC invocations=3 (full 0):
 PSYoungGen      total 18944K, used 18560K [0x00000000eb300000, 0x00000000ed800000, 0x0000000100000000)
  eden space 16384K, 100% used [0x00000000eb300000,0x00000000ec300000,0x00000000ec300000)
  from space 2560K, 85% used [0x00000000ec580000,0x00000000ec7a0000,0x00000000ec800000)
  to   space 2560K, 0% used [0x00000000ec300000,0x00000000ec300000,0x00000000ec580000)
 ParOldGen       total 44032K, used 1216K [0x00000000c1800000, 0x00000000c4300000, 0x00000000eb300000)
  object space 44032K, 2% used [0x00000000c1800000,0x00000000c19300c0,0x00000000c4300000)
 Metaspace       used 13134K, capacity 13346K, committed 13440K, reserved 1060864K
  class space    used 1316K, capacity 1398K, committed 1408K, reserved 1048576K
Event: 2.107 GC heap after
Heap after GC invocations=3 (full 0):
 PSYoungGen      total 18944K, used 2544K [0x00000000eb300000, 0x00000000ed800000, 0x0000000100000000)
  eden space 16384K, 0% used [0x00000000eb300000,0x00000000eb300000,0x00000000ec300000)
  from space 2560K, 99% used [0x00000000ec300000,0x00000000ec57c010,0x00000000ec580000)
  to   space 2560K, 0% used [0x00000000ed580000,0x00000000ed580000,0x00000000ed800000)
 ParOldGen       total 44032K, used 2040K [0x00000000c1800000, 0x00000000c4300000, 0x00000000eb300000)
  object space 44032K, 4% used [0x00000000c1800000,0x00000000c19fe248,0x00000000c4300000)
 Metaspace       used 13134K, capacity 13346K, committed 13440K, reserved 1060864K
  class space    used 1316K, capacity 1398K, committed 1408K, reserved 1048576K
}
Event: 2.440 GC heap before
{Heap before GC invocations=4 (full 0):
 PSYoungGen      total 18944K, used 18928K [0x00000000eb300000, 0x00000000ed800000, 0x0000000100000000)
  eden space 16384K, 100% used [0x00000000eb300000,0x00000000ec300000,0x00000000ec300000)
  from space 2560K, 99% used [0x00000000ec300000,0x00000000ec57c010,0x00000000ec580000)
  to   space 2560K, 0% used [0x00000000ed580000,0x00000000ed580000,0x00000000ed800000)
 ParOldGen       total 44032K, used 2040K [0x00000000c1800000, 0x00000000c4300000, 0x00000000eb300000)
  object space 44032K, 4% used [0x00000000c1800000,0x00000000c19fe248,0x00000000c4300000)
 Metaspace       used 13135K, capacity 13346K, committed 13440K, reserved 1060864K
  class space    used 1316K, capacity 1398K, committed 1408K, reserved 1048576K
Event: 2.450 GC heap after
Heap after GC invocations=4 (full 0):
 PSYoungGen      total 35328K, used 2544K [0x00000000eb300000, 0x00000000ed800000, 0x0000000100000000)
  eden space 32768K, 0% used [0x00000000eb300000,0x00000000eb300000,0x00000000ed300000)
  from space 2560K, 99% used [0x00000000ed580000,0x00000000ed7fc010,0x00000000ed800000)
  to   space 2560K, 0% used [0x00000000ed300000,0x00000000ed300000,0x00000000ed580000)
 ParOldGen       total 44032K, used 2112K [0x00000000c1800000, 0x00000000c4300000, 0x00000000eb300000)
  object space 44032K, 4% used [0x00000000c1800000,0x00000000c1a101b0,0x00000000c4300000)
 Metaspace       used 13135K, capacity 13346K, committed 13440K, reserved 1060864K
  class space    used 1316K, capacity 1398K, committed 1408K, reserved 1048576K
}
Event: 3.328 GC heap before
{Heap before GC invocations=5 (full 0):
 PSYoungGen      total 35328K, used 35312K [0x00000000eb300000, 0x00000000ed800000, 0x0000000100000000)
  eden space 32768K, 100% used [0x00000000eb300000,0x00000000ed300000,0x00000000ed300000)
  from space 2560K, 99% used [0x00000000ed580000,0x00000000ed7fc010,0x00000000ed800000)
  to   space 2560K, 0% used [0x00000000ed300000,0x00000000ed300000,0x00000000ed580000)
 ParOldGen       total 44032K, used 2112K [0x00000000c1800000, 0x00000000c4300000, 0x00000000eb300000)
  object space 44032K, 4% used [0x00000000c1800000,0x00000000c1a101b0,0x00000000c4300000)
 Metaspace       used 15311K, capacity 15464K, committed 15744K, reserved 1062912K
  class space    used 1572K, capacity 1655K, committed 1664K, reserved 1048576K
Event: 3.338 GC heap after
Heap after GC invocations=5 (full 0):
 PSYoungGen      total 35328K, used 2542K [0x00000000eb300000, 0x00000000efd00000, 0x0000000100000000)
  eden space 32768K, 0% used [0x00000000eb300000,0x00000000eb300000,0x00000000ed300000)
  from space 2560K, 99% used [0x00000000ed300000,0x00000000ed57bb40,0x00000000ed580000)
  to   space 5120K, 0% used [0x00000000ef800000,0x00000000ef800000,0x00000000efd00000)
 ParOldGen       total 44032K, used 4398K [0x00000000c1800000, 0x00000000c4300000, 0x00000000eb300000)
  object space 44032K, 9% used [0x00000000c1800000,0x00000000c1c4b808,0x00000000c4300000)
 Metaspace       used 15311K, capacity 15464K, committed 15744K, reserved 1062912K
  class space    used 1572K, capacity 1655K, committed 1664K, reserved 1048576K
}
Event: 3.736 GC heap before
{Heap before GC invocations=6 (full 0):
 PSYoungGen      total 35328K, used 35310K [0x00000000eb300000, 0x00000000efd00000, 0x0000000100000000)
  eden space 32768K, 100% used [0x00000000eb300000,0x00000000ed300000,0x00000000ed300000)
  from space 2560K, 99% used [0x00000000ed300000,0x00000000ed57bb40,0x00000000ed580000)
  to   space 5120K, 0% used [0x00000000ef800000,0x00000000ef800000,0x00000000efd00000)
 ParOldGen       total 44032K, used 4398K [0x00000000c1800000, 0x00000000c4300000, 0x00000000eb300000)
  object space 44032K, 9% used [0x00000000c1800000,0x00000000c1c4b808,0x00000000c4300000)
 Metaspace       used 15576K, capacity 15784K, committed 16000K, reserved 1062912K
  class space    used 1585K, capacity 1655K, committed 1664K, reserved 1048576K
Event: 3.749 GC heap after
Heap after GC invocations=6 (full 0):
 PSYoungGen      total 70144K, used 4288K [0x00000000eb300000, 0x00000000efe00000, 0x0000000100000000)
  eden space 65024K, 0% used [0x00000000eb300000,0x00000000eb300000,0x00000000ef280000)
  from space 5120K, 83% used [0x00000000ef800000,0x00000000efc30050,0x00000000efd00000)
  to   space 5632K, 0% used [0x00000000ef280000,0x00000000ef280000,0x00000000ef800000)
 ParOldGen       total 44032K, used 4398K [0x00000000c1800000, 0x00000000c4300000, 0x00000000eb300000)
  object space 44032K, 9% used [0x00000000c1800000,0x00000000c1c4b808,0x00000000c4300000)
 Metaspace       used 15576K, capacity 15784K, committed 16000K, reserved 1062912K
  class space    used 1585K, capacity 1655K, committed 1664K, reserved 1048576K
}

Deoptimization events (10 events):
Event: 3.789 Thread 0x0000000056304800 Uncommon trap: reason=unstable_if action=reinterpret pc=0x0000000002ae0830 method=javax.imageio.stream.FileCacheImageInputStream.readUntil(J)J @ 72
Event: 3.793 Thread 0x0000000056304800 Uncommon trap: reason=class_check action=maybe_recompile pc=0x00000000029f2c44 method=java.awt.image.BufferedImage.getRGB(II)I @ 11
Event: 3.793 Thread 0x0000000056304800 Uncommon trap: reason=unstable_if action=reinterpret pc=0x00000000029e575c method=java.awt.image.ComponentColorModel.getRGB(Ljava/lang/Object;)I @ 4
Event: 3.793 Thread 0x0000000056304800 Uncommon trap: reason=unstable_if action=reinterpret pc=0x00000000029e9340 method=java.awt.image.ComponentColorModel.getAlpha(Ljava/lang/Object;)I @ 4
Event: 3.793 Thread 0x0000000056304800 Uncommon trap: reason=unstable_if action=reinterpret pc=0x00000000029c2588 method=java.awt.image.ComponentColorModel.extractComponent(Ljava/lang/Object;II)I @ 4
Event: 3.793 Thread 0x0000000056304800 Uncommon trap: reason=class_check action=maybe_recompile pc=0x00000000029f2c44 method=java.awt.image.BufferedImage.getRGB(II)I @ 11
Event: 3.793 Thread 0x0000000056304800 Uncommon trap: reason=class_check action=maybe_recompile pc=0x00000000029f2c44 method=java.awt.image.BufferedImage.getRGB(II)I @ 11
Event: 3.793 Thread 0x0000000056304800 Uncommon trap: reason=class_check action=maybe_recompile pc=0x00000000029f2c44 method=java.awt.image.BufferedImage.getRGB(II)I @ 11
Event: 3.858 Thread 0x0000000056304800 Uncommon trap: reason=unstable_if action=reinterpret pc=0x0000000002b85fe0 method=java.lang.StrictMath.floorOrCeil(DDDD)D @ 90
Event: 3.858 Thread 0x0000000056304800 Uncommon trap: reason=unstable_if action=reinterpret pc=0x0000000002b80820 method=java.lang.StrictMath.floorOrCeil(DDDD)D @ 90

Internal exceptions (10 events):
Event: 0.171 Thread 0x000000000218e800 Exception <a 'java/security/PrivilegedActionException'> (0x00000000eb45ad38) thrown at [C:\re\workspace\8-2-build-windows-amd64-cygwin\jdk8u45\3627\hotspot\src\share\vm\prims\jvm.cpp, line 1382]
Event: 0.172 Thread 0x000000000218e800 Exception <a 'java/security/PrivilegedActionException'> (0x00000000eb45e830) thrown at [C:\re\workspace\8-2-build-windows-amd64-cygwin\jdk8u45\3627\hotspot\src\share\vm\prims\jvm.cpp, line 1382]
Event: 0.172 Thread 0x000000000218e800 Exception <a 'java/security/PrivilegedActionException'> (0x00000000eb45e9e8) thrown at [C:\re\workspace\8-2-build-windows-amd64-cygwin\jdk8u45\3627\hotspot\src\share\vm\prims\jvm.cpp, line 1382]
Event: 0.176 Thread 0x000000000218e800 Exception <a 'java/io/FileNotFoundException'> (0x00000000eb460d38) thrown at [C:\re\workspace\8-2-build-windows-amd64-cygwin\jdk8u45\3627\hotspot\src\share\vm\prims\jni.cpp, line 709]
Event: 0.212 Thread 0x000000000218e800 Exception <a 'java/io/FileNotFoundException'> (0x00000000eb480a38) thrown at [C:\re\workspace\8-2-build-windows-amd64-cygwin\jdk8u45\3627\hotspot\src\share\vm\prims\jni.cpp, line 709]
Event: 0.295 Thread 0x000000000218e800 Exception <a 'java/lang/NoSuchFieldError': method resolution failed> (0x00000000eb555768) thrown at [C:\re\workspace\8-2-build-windows-amd64-cygwin\jdk8u45\3627\hotspot\src\share\vm\prims\methodHandles.cpp, line 1125]
Event: 0.302 Thread 0x000000000218e800 Exception <a 'java/lang/NoSuchFieldError': method resolution failed> (0x00000000eb5641a8) thrown at [C:\re\workspace\8-2-build-windows-amd64-cygwin\jdk8u45\3627\hotspot\src\share\vm\prims\methodHandles.cpp, line 1125]
Event: 2.698 Thread 0x000000000218e800 Exception <a 'java/lang/InterruptedException'> (0x00000000ebd59fd8) thrown at [C:\re\workspace\8-2-build-windows-amd64-cygwin\jdk8u45\3627\hotspot\src\share\vm\runtime\objectMonitor.cpp, line 1683]
Event: 2.845 Thread 0x000000000218e800 Exception <a 'java/lang/reflect/InvocationTargetException'> (0x00000000ebfdcaf0) thrown at [C:\re\workspace\8-2-build-windows-amd64-cygwin\jdk8u45\3627\hotspot\src\share\vm\runtime\reflection.cpp, line 1080]
Event: 2.989 Thread 0x0000000056304800 Implicit null exception at 0x00000000029d0056 to 0x00000000029d0665

Events (10 events):
Event: 5.548 loading class io/Controller
Event: 5.548 loading class io/Controller done
Event: 5.549 loading class gfx/Overlay
Event: 5.549 loading class gfx/Overlay done
Event: 5.550 loading class functions/Math3D
Event: 5.550 loading class functions/Math3D done
Event: 5.551 loading class com/jogamp/opengl/math/FloatUtil
Event: 5.551 loading class com/jogamp/opengl/math/FloatUtil done
Event: 5.553 loading class com/jogamp/opengl/math/VectorUtil
Event: 5.553 loading class com/jogamp/opengl/math/VectorUtil done


Dynamic libraries:
0x000000013f7e0000 - 0x000000013f817000 	C:\Program Files\Java\jre1.8.0_45\bin\javaw.exe
0x0000000077a40000 - 0x0000000077be9000 	C:\Windows\SYSTEM32\ntdll.dll
0x0000000077820000 - 0x000000007793f000 	C:\Windows\system32\kernel32.dll
0x000007fefda00000 - 0x000007fefda6c000 	C:\Windows\system32\KERNELBASE.dll
0x000007fefdc30000 - 0x000007fefdd0b000 	C:\Windows\system32\ADVAPI32.dll
0x000007fefe090000 - 0x000007fefe12f000 	C:\Windows\system32\msvcrt.dll
0x000007fefe070000 - 0x000007fefe08f000 	C:\Windows\SYSTEM32\sechost.dll
0x000007fefdf20000 - 0x000007fefe04d000 	C:\Windows\system32\RPCRT4.dll
0x0000000077940000 - 0x0000000077a3a000 	C:\Windows\system32\USER32.dll
0x000007fefe380000 - 0x000007fefe3e7000 	C:\Windows\system32\GDI32.dll
0x000007fefe250000 - 0x000007fefe25e000 	C:\Windows\system32\LPK.dll
0x000007fefe3f0000 - 0x000007fefe4b9000 	C:\Windows\system32\USP10.dll
0x000007fefd070000 - 0x000007fefd264000 	C:\Windows\WinSxS\amd64_microsoft.windows.common-controls_6595b64144ccf1df_6.0.7601.17514_none_fa396087175ac9ac\COMCTL32.dll
0x000007fefe4c0000 - 0x000007fefe531000 	C:\Windows\system32\SHLWAPI.dll
0x000007fefe130000 - 0x000007fefe15e000 	C:\Windows\system32\IMM32.DLL
0x000007fefe260000 - 0x000007fefe369000 	C:\Windows\system32\MSCTF.dll
0x0000000071f20000 - 0x0000000071ff2000 	C:\Program Files\Java\jre1.8.0_45\bin\msvcr100.dll
0x000000005b750000 - 0x000000005bfd3000 	C:\Program Files\Java\jre1.8.0_45\bin\server\jvm.dll
0x000007fef5630000 - 0x000007fef5639000 	C:\Windows\system32\WSOCK32.dll
0x000007fefe160000 - 0x000007fefe1ad000 	C:\Windows\system32\WS2_32.dll
0x000007fefe370000 - 0x000007fefe378000 	C:\Windows\system32\NSI.dll
0x000007fef99e0000 - 0x000007fef9a1b000 	C:\Windows\system32\WINMM.dll
0x000007fefc3a0000 - 0x000007fefc3ac000 	C:\Windows\system32\VERSION.dll
0x0000000077c00000 - 0x0000000077c07000 	C:\Windows\system32\PSAPI.DLL
0x000000006f7c0000 - 0x000000006f7cf000 	C:\Program Files\Java\jre1.8.0_45\bin\verify.dll
0x000000006f790000 - 0x000000006f7b9000 	C:\Program Files\Java\jre1.8.0_45\bin\java.dll
0x000000006a1b0000 - 0x000000006a1c6000 	C:\Program Files\Java\jre1.8.0_45\bin\zip.dll
0x000007fefe970000 - 0x000007feff6f8000 	C:\Windows\system32\SHELL32.dll
0x000007fefdd10000 - 0x000007fefdf13000 	C:\Windows\system32\ole32.dll
0x000007fefd880000 - 0x000007fefd88f000 	C:\Windows\system32\profapi.dll
0x00000000714f0000 - 0x0000000071688000 	C:\Program Files\Java\jre1.8.0_45\bin\awt.dll
0x000007feff700000 - 0x000007feff7d7000 	C:\Windows\system32\OLEAUT32.dll
0x000007fefb290000 - 0x000007fefb2a8000 	C:\Windows\system32\DWMAPI.DLL
0x000007fefbae0000 - 0x000007fefbb36000 	C:\Windows\system32\uxtheme.dll
0x000007fefd6d0000 - 0x000007fefd6df000 	C:\Windows\system32\CRYPTBASE.dll
0x000007feee970000 - 0x000007feeeb6f000 	C:\Windows\system32\d3d9.dll
0x000007fefc740000 - 0x000007fefc747000 	C:\Windows\system32\d3d8thk.dll
0x000007fef4c90000 - 0x000007fef4c9d000 	C:\Windows\system32\atiu9p64.dll
0x000000006fb20000 - 0x000000006ff57000 	C:\Windows\system32\atiumd64.dll
0x000000006f510000 - 0x000000006f781000 	C:\Windows\system32\atiumd6a.dll
0x0000000073c20000 - 0x0000000073c67000 	C:\Program Files\Java\jre1.8.0_45\bin\fontmanager.dll
0x000007fefe6a0000 - 0x000007fefe739000 	C:\Windows\system32\CLBCatQ.DLL
0x000007fefcd70000 - 0x000007fefcd87000 	C:\Windows\system32\CRYPTSP.dll
0x000007fefca70000 - 0x000007fefcab7000 	C:\Windows\system32\rsaenh.dll
0x000007fefdc10000 - 0x000007fefdc2e000 	C:\Windows\system32\USERENV.dll
0x000000006a0e0000 - 0x000000006a0fa000 	C:\Program Files\Java\jre1.8.0_45\bin\net.dll
0x000007fefcd10000 - 0x000007fefcd65000 	C:\Windows\system32\mswsock.dll
0x000007fefcd00000 - 0x000007fefcd07000 	C:\Windows\System32\wship6.dll
0x000007fefb180000 - 0x000007fefb1a7000 	C:\Windows\system32\IPHLPAPI.DLL
0x000007fefb170000 - 0x000007fefb17b000 	C:\Windows\system32\WINNSI.DLL
0x000007fefae50000 - 0x000007fefae68000 	C:\Windows\system32\dhcpcsvc.DLL
0x000007fefad30000 - 0x000007fefad41000 	C:\Windows\system32\dhcpcsvc6.DLL
0x00000000692b0000 - 0x00000000692c1000 	C:\Program Files\Java\jre1.8.0_45\bin\nio.dll
0x000007fefd670000 - 0x000007fefd6c7000 	C:\Windows\system32\apphelp.dll
0x00000000637c0000 - 0x00000000637cd000 	C:\Users\Ryan\AppData\Local\Temp\jogamp_0000\file_cache\jln4436671924128138245\jln7296676037704008027\gluegen-rt.dll
0x0000000074230000 - 0x0000000074237000 	C:\Program Files\Java\jre1.8.0_45\bin\jawt.dll
0x000000006a440000 - 0x000000006a44d000 	C:\Users\Ryan\AppData\Local\Temp\jogamp_0000\file_cache\jln4436671924128138245\jln7296676037704008027\nativewindow_awt.dll
0x000000006c100000 - 0x000000006c10f000 	C:\Users\Ryan\AppData\Local\Temp\jogamp_0000\file_cache\jln4436671924128138245\jln7296676037704008027\nativewindow_win32.dll
0x000007fee9690000 - 0x000007fee97ad000 	C:\Windows\system32\OpenGL32.dll
0x000007fef49e0000 - 0x000007fef4a0d000 	C:\Windows\system32\GLU32.dll
0x000007fee9590000 - 0x000007fee9681000 	C:\Windows\system32\DDRAW.dll
0x000007fef4e10000 - 0x000007fef4e18000 	C:\Windows\system32\DCIMAN32.dll
0x000007feff840000 - 0x000007feffa17000 	C:\Windows\system32\SETUPAPI.dll
0x000007fefda80000 - 0x000007fefdab6000 	C:\Windows\system32\CFGMGR32.dll
0x000007fefdbf0000 - 0x000007fefdc0a000 	C:\Windows\system32\DEVOBJ.dll
0x0000000064500000 - 0x00000000645ae000 	C:\Users\Ryan\AppData\Local\Temp\jogamp_0000\file_cache\jln4436671924128138245\jln7296676037704008027\jogl_desktop.dll
0x0000000064340000 - 0x00000000643a0000 	C:\Users\Ryan\AppData\Local\Temp\jogamp_0000\file_cache\jln4436671924128138245\jln7296676037704008027\jogl_mobile.dll
0x000007fef4c50000 - 0x000007fef4c58000 	C:\Windows\system32\atig6pxx.dll
0x000000005bfe0000 - 0x000000005cfa6000 	C:\Windows\system32\atio6axx.dll
0x000007fef4c60000 - 0x000007fef4c69000 	C:\Windows\system32\atig6txx.dll
0x0000000180000000 - 0x0000000180049000 	C:\Windows\system32\atiadlxx.dll
0x000007fefdb10000 - 0x000007fefdb4a000 	C:\Windows\system32\WINTRUST.dll
0x000007fefd890000 - 0x000007fefd9fc000 	C:\Windows\system32\CRYPT32.dll
0x000007fefd870000 - 0x000007fefd87f000 	C:\Windows\system32\MSASN1.dll
0x000000006b600000 - 0x000000006b658000 	C:\Users\Ryan\AppData\Local\Temp\jogamp_0000\file_cache\jln4436671924128138245\jln7296676037704008027\soft_oal.dll
0x00000000680c0000 - 0x00000000680d6000 	C:\Users\Ryan\AppData\Local\Temp\jogamp_0000\file_cache\jln4436671924128138245\jln7296676037704008027\joal.dll
0x000007fefb880000 - 0x000007fefb8cb000 	C:\Windows\System32\MMDevApi.dll
0x000007fefbb40000 - 0x000007fefbc6c000 	C:\Windows\System32\PROPSYS.dll
0x000007fee84a0000 - 0x000007fee8528000 	C:\Windows\system32\dsound.dll
0x000007fefc150000 - 0x000007fefc17c000 	C:\Windows\system32\POWRPROF.dll
0x000007fef37d0000 - 0x000007fef381f000 	C:\Windows\system32\AUDIOSES.DLL
0x0000000073c80000 - 0x0000000073cb1000 	C:\Program Files\Java\jre1.8.0_45\bin\jpeg.dll
0x000007fee8280000 - 0x000007fee83a5000 	C:\Windows\system32\dbghelp.dll

VM Arguments:
jvm_args: -Djava.library.path=C:\Users\Ryan\Desktop\jogamp-all-platforms\lib;C:\Users\Ryan\Desktop\jogamp-all-platforms\lib\windows-i586;C:\Users\Ryan\Desktop\jogamp-all-platforms\lib\windows-i586;C:\Users\Ryan\Desktop\jogamp-all-platforms -Dfile.encoding=Cp1252 
java_command: cont.GameController
java_class_path (initial): C:\Users\Ryan\Desktop\jogamp-all-platforms\jar\gluegen-rt.jar;C:\Users\Ryan\Desktop\jogamp-all-platforms\jar\jogl-all.jar;C:\Users\Ryan\Desktop\jogamp-all-platforms\jar\joal.jar;C:\Users\Ryan\Documents\newWorkspace\JavaGame\bin
Launcher Type: SUN_STANDARD

Environment Variables:
CLASSPATH=.;C:\Program Files (x86)\Java\jre7\lib\ext\QTJava.zip
PATH=C:/Program Files/Java/jre1.8.0_45/bin/server;C:/Program Files/Java/jre1.8.0_45/bin;C:/Program Files/Java/jre1.8.0_45/lib/amd64;C:\ProgramData\Oracle\Java\javapath;C:\Windows\system32;C:\Windows;C:\Windows\system32\wbem;C:\Program Files (x86)\AMD APP\bin\x86_64;C:\Program Files (x86)\AMD APP\bin\x86;C:\Program Files\Common Files\Microsoft Shared\Windows Live;C:\Program Files (x86)\PC Connectivity Solution;C:\Windows\System32\WindowsPowerShell\v1.0;C:\Program Files (x86)\ATI Technologies\ATI.ACE\Core-Static;C:\Program Files (x86)\Common Files\Lenovo;C:\Program Files (x86)\Common Files\Roxio Shared\10.0\DLLShared;C:\Program Files (x86)\Common Files\Roxio Shared\DLLShared;C:\Program Files (x86)\Lenovo\Access Connections;c:\Program Files (x86)\Microsoft SQL Server\90\Tools\binn;c:\Program Files (x86)\Microsoft SQL Server\100\Tools\Binn;c:\Program Files\Microsoft SQL Server\100\Tools\Binn;c:\Program Files\Microsoft SQL Server\100\DTS\Binn;C:\Program Files (x86)\Common Files\Teleca Shared;C:\Program Files (x86)\QuickTime\QTSystem;C:\Windows\System32\WindowsPowerShell\v1.0;C:\Program Files (x86)\Java\jre7\bin;C:\Program Files (x86)\PharosSystems\Core;C:\Program Files (x86)\PharosSystems\Core;C:\Program Files (x86)\QuickTime\QTSystem\;C:\Program Files\Common Files\Microsoft Shared\Windows Live;C:\Users\Ryan\Desktop\eclipse;
USERNAME=Ryan
OS=Windows_NT
PROCESSOR_IDENTIFIER=Intel64 Family 6 Model 23 Stepping 10, GenuineIntel



---------------  S Y S T E M  ---------------

OS: Windows 7 , 64 bit Build 7601 (6.1.7601.18409)

CPU:total 2 (2 cores per cpu, 1 threads per core) family 6 model 23 stepping 10, cmov, cx8, fxsr, mmx, sse, sse2, sse3, ssse3, sse4.1, tsc

Memory: 4k page, physical 4087836k(1858908k free), swap 8173808k(5300088k free)

vm_info: Java HotSpot(TM) 64-Bit Server VM (25.45-b02) for windows-amd64 JRE (1.8.0_45-b15), built on Apr 30 2015 12:40:44 by "java_re" with MS VC++ 10.0 (VS2010)

time: Wed Jul 08 03:00:59 2015
elapsed time: 5 seconds (0d 0h 0m 5s)

