#
# A fatal error has been detected by the Java Runtime Environment:
#
#  EXCEPTION_ACCESS_VIOLATION (0xc0000005) at pc=0x000000005c52c1cb, pid=4548, tid=2664
#
# JRE version: Java(TM) SE Runtime Environment (8.0_45-b15) (build 1.8.0_45-b15)
# Java VM: Java HotSpot(TM) 64-Bit Server VM (25.45-b02 mixed mode windows-amd64 compressed oops)
# Problematic frame:
# C  [atio6axx.dll+0x54c1cb]
#
# Failed to write core dump. Minidumps are not enabled by default on client versions of Windows
#
# If you would like to submit a bug report, please visit:
#   http://bugreport.java.com/bugreport/crash.jsp
# The crash happened outside the Java Virtual Machine in native code.
# See problematic frame for where to report the bug.
#

---------------  T H R E A D  ---------------

Current thread (0x00000000568fa800):  JavaThread "AWT-EventQueue-0" [_thread_in_native, id=2664, stack(0x0000000059080000,0x0000000059180000)]

siginfo: ExceptionCode=0xc0000005, reading address 0x0000000000000000

Registers:
RAX=0x000007fee976b080, RBX=0x000000005acc2100, RCX=0x0000000000000000, RDX=0x000000005917cf80
RSP=0x000000005917ce60, RBP=0x000000005917cf38, RSI=0x0000000000000000, RDI=0x000000005acc2100
R8 =0x0000000000000000, R9 =0x0000000000000000, R10=0x00000000028a3848, R11=0x000000005b977ca0
R12=0x0000000000000000, R13=0x000000005a511f88, R14=0x000000005917cf80, R15=0x00000000568fa800
RIP=0x000000005c52c1cb, EFLAGS=0x0000000000010282

Top of Stack: (sp=0x000000005917ce60)
0x000000005917ce60:   0000000002897a01 000000005a511f88
0x000000005917ce70:   00000000ecd34558 0000000002897a01
0x000000005917ce80:   000000005917cf38 0000000000000000
0x000000005917ce90:   0000000002897a01 00000000028a3874
0x000000005917cea0:   000000005a511f88 00000000ecd34558
0x000000005917ceb0:   00000000ecd34558 0000000002897a01
0x000000005917cec0:   0000000000000000 000007fee976b080
0x000000005917ced0:   00000000568fa800 000000005a511f88
0x000000005917cee0:   00000000ecd34558 00000000568fa800
0x000000005917cef0:   00000000028a35a2 000000005917cef8
0x000000005917cf00:   000000005a511f88 000000005917cf80
0x000000005917cf10:   000000005a580028 0000000000000000
0x000000005917cf20:   000000005a511f88 0000000000000000
0x000000005917cf30:   000000005917cf58 000000005917cfc8
0x000000005917cf40:   0000000002897a01 0000000000000000
0x000000005917cf50:   000000000289f698 000007fee976b080 

Instructions: (pc=0x000000005c52c1cb)
0x000000005c52c1ab:   ff ff ff 85 c9 74 11 48 8d 8f a8 2c 00 00 ba 08
0x000000005c52c1bb:   00 00 00 e8 6d 9e d3 ff 48 83 8f e0 37 00 00 08
0x000000005c52c1cb:   8b 06 48 8d 8b e0 08 00 00 4c 8d 05 d5 cb 84 00
0x000000005c52c1db:   89 01 8b 46 04 bb 02 00 00 00 48 8d 51 08 4c 2b 


Register to memory mapping:

RAX=0x000007fee976b080 is an unknown value
RBX=0x000000005acc2100 is an unknown value
RCX=0x0000000000000000 is an unknown value
RDX=0x000000005917cf80 is pointing into the stack for thread: 0x00000000568fa800
RSP=0x000000005917ce60 is pointing into the stack for thread: 0x00000000568fa800
RBP=0x000000005917cf38 is pointing into the stack for thread: 0x00000000568fa800
RSI=0x0000000000000000 is an unknown value
RDI=0x000000005acc2100 is an unknown value
R8 =0x0000000000000000 is an unknown value
R9 =0x0000000000000000 is an unknown value
R10=0x00000000028a3848 is at code_begin+840 in an Interpreter codelet
method entry point (kind = native)  [0x00000000028a3500, 0x00000000028a3e60]  2400 bytes
R11=0x000000005b977ca0 is an unknown value
R12=0x0000000000000000 is an unknown value
R13={method} {0x000000005a511f90} 'dispatch_glTexCoord2fv1' '(Ljava/lang/Object;IZJ)V' in 'jogamp/opengl/gl4/GL4bcImpl'
R14=0x000000005917cf80 is pointing into the stack for thread: 0x00000000568fa800
R15=0x00000000568fa800 is a thread


Stack: [0x0000000059080000,0x0000000059180000],  sp=0x000000005917ce60,  free space=1011k
Native frames: (J=compiled Java code, j=interpreted, Vv=VM code, C=native code)
C  [atio6axx.dll+0x54c1cb]
C  0x00000000028a3874

Java frames: (J=compiled Java code, j=interpreted, Vv=VM code)
j  jogamp.opengl.gl4.GL4bcImpl.dispatch_glTexCoord2fv1(Ljava/lang/Object;IZJ)V+0
j  jogamp.opengl.gl4.GL4bcImpl.glTexCoord2fv([FI)V+97
j  resource.model.Model.draw()V+61
j  obj.itm.Item.draw()Z+27
j  object.primitive.Drawable.drawAll()V+346
j  gfx.GOGL.draw()V+48
j  gfx.GOGL$1.display(Lcom/jogamp/opengl/GLAutoDrawable;)V+21
j  jogamp.opengl.GLDrawableHelper.displayImpl(Lcom/jogamp/opengl/GLAutoDrawable;)V+81
j  jogamp.opengl.GLDrawableHelper.display(Lcom/jogamp/opengl/GLAutoDrawable;)V+2
j  com.jogamp.opengl.awt.GLCanvas$11.run()V+118
j  jogamp.opengl.GLDrawableHelper.invokeGLImpl(Lcom/jogamp/opengl/GLDrawable;Lcom/jogamp/opengl/GLContext;Ljava/lang/Runnable;Ljava/lang/Runnable;)V+203
j  jogamp.opengl.GLDrawableHelper.invokeGL(Lcom/jogamp/opengl/GLDrawable;Lcom/jogamp/opengl/GLContext;Ljava/lang/Runnable;Ljava/lang/Runnable;)V+72
j  com.jogamp.opengl.awt.GLCanvas$12.run()V+104
j  com.jogamp.opengl.Threading.invoke(ZLjava/lang/Runnable;Ljava/lang/Object;)V+27
j  com.jogamp.opengl.awt.GLCanvas.display()V+64
j  com.jogamp.opengl.awt.GLCanvas.paint(Ljava/awt/Graphics;)V+137
j  sun.awt.RepaintArea.paintComponent(Ljava/awt/Component;Ljava/awt/Graphics;)V+6
j  sun.awt.RepaintArea.paint(Ljava/lang/Object;Z)V+326
j  sun.awt.windows.WComponentPeer.handleEvent(Ljava/awt/AWTEvent;)V+155
j  java.awt.Component.dispatchEventImpl(Ljava/awt/AWTEvent;)V+877
j  java.awt.Component.dispatchEvent(Ljava/awt/AWTEvent;)V+2
j  java.awt.EventQueue.dispatchEventImpl(Ljava/awt/AWTEvent;Ljava/lang/Object;)V+41
j  java.awt.EventQueue.access$500(Ljava/awt/EventQueue;Ljava/awt/AWTEvent;Ljava/lang/Object;)V+3
j  java.awt.EventQueue$3.run()Ljava/lang/Void;+32
j  java.awt.EventQueue$3.run()Ljava/lang/Object;+1
v  ~StubRoutines::call_stub
j  java.security.AccessController.doPrivileged(Ljava/security/PrivilegedAction;Ljava/security/AccessControlContext;)Ljava/lang/Object;+0
j  java.security.ProtectionDomain$1.doIntersectionPrivilege(Ljava/security/PrivilegedAction;Ljava/security/AccessControlContext;Ljava/security/AccessControlContext;)Ljava/lang/Object;+28
j  java.security.ProtectionDomain$1.doIntersectionPrivilege(Ljava/security/PrivilegedAction;Ljava/security/AccessControlContext;)Ljava/lang/Object;+6
j  java.awt.EventQueue$4.run()Ljava/lang/Void;+11
j  java.awt.EventQueue$4.run()Ljava/lang/Object;+1
v  ~StubRoutines::call_stub
j  java.security.AccessController.doPrivileged(Ljava/security/PrivilegedAction;Ljava/security/AccessControlContext;)Ljava/lang/Object;+0
j  java.security.ProtectionDomain$1.doIntersectionPrivilege(Ljava/security/PrivilegedAction;Ljava/security/AccessControlContext;Ljava/security/AccessControlContext;)Ljava/lang/Object;+28
j  java.awt.EventQueue.dispatchEvent(Ljava/awt/AWTEvent;)V+73
j  java.awt.EventDispatchThread.pumpOneEventForFilters(I)V+245
j  java.awt.EventDispatchThread.pumpEventsForFilter(ILjava/awt/Conditional;Ljava/awt/EventFilter;)V+35
j  java.awt.EventDispatchThread.pumpEventsForHierarchy(ILjava/awt/Conditional;Ljava/awt/Component;)V+11
j  java.awt.EventDispatchThread.pumpEvents(ILjava/awt/Conditional;)V+4
j  java.awt.EventDispatchThread.pumpEvents(Ljava/awt/Conditional;)V+3
j  java.awt.EventDispatchThread.run()V+9
v  ~StubRoutines::call_stub

---------------  P R O C E S S  ---------------

Java Threads: ( => current thread )
  0x00000000021de800 JavaThread "DestroyJavaVM" [_thread_blocked, id=1236, stack(0x00000000024c0000,0x00000000025c0000)]
  0x0000000059f26000 JavaThread "Thread-5" [_thread_blocked, id=5320, stack(0x000000005b400000,0x000000005b500000)]
  0x0000000059cd4000 JavaThread "D3D Screen Updater" daemon [_thread_blocked, id=5776, stack(0x000000005b130000,0x000000005b230000)]
  0x0000000059ae3000 JavaThread "main-SharedResourceRunner" daemon [_thread_blocked, id=1516, stack(0x000000005a160000,0x000000005a260000)]
=>0x00000000568fa800 JavaThread "AWT-EventQueue-0" [_thread_in_native, id=2664, stack(0x0000000059080000,0x0000000059180000)]
  0x00000000568d0000 JavaThread "AWT-Windows" daemon [_thread_in_native, id=4408, stack(0x0000000056970000,0x0000000056a70000)]
  0x00000000566c5000 JavaThread "AWT-Shutdown" [_thread_blocked, id=996, stack(0x0000000055e10000,0x0000000055f10000)]
  0x00000000566c4000 JavaThread "Java2D Disposer" daemon [_thread_blocked, id=3908, stack(0x0000000056ab0000,0x0000000056bb0000)]
  0x0000000054daa000 JavaThread "Service Thread" daemon [_thread_blocked, id=5032, stack(0x0000000056310000,0x0000000056410000)]
  0x0000000054d52800 JavaThread "C1 CompilerThread1" daemon [_thread_blocked, id=3032, stack(0x00000000560d0000,0x00000000561d0000)]
  0x0000000054d49000 JavaThread "C2 CompilerThread0" daemon [_thread_blocked, id=5464, stack(0x0000000055f10000,0x0000000056010000)]
  0x0000000054d47800 JavaThread "Attach Listener" daemon [_thread_blocked, id=6024, stack(0x0000000055d00000,0x0000000055e00000)]
  0x0000000054d46800 JavaThread "Signal Dispatcher" daemon [_thread_blocked, id=5552, stack(0x0000000055b90000,0x0000000055c90000)]
  0x0000000054cec000 JavaThread "Finalizer" daemon [_thread_blocked, id=3048, stack(0x00000000559a0000,0x0000000055aa0000)]
  0x0000000054ce5000 JavaThread "Reference Handler" daemon [_thread_blocked, id=2300, stack(0x00000000556e0000,0x00000000557e0000)]

Other Threads:
  0x0000000054cdd000 VMThread [stack: 0x0000000055800000,0x0000000055900000] [id=2720]
  0x0000000054dab000 WatcherThread [stack: 0x0000000056470000,0x0000000056570000] [id=4964]

VM state:not at safepoint (normal execution)

VM Mutex/Monitor currently owned by a thread: None

Heap:
 PSYoungGen      total 70144K, used 31249K [0x00000000eb300000, 0x00000000efe00000, 0x0000000100000000)
  eden space 65024K, 41% used [0x00000000eb300000,0x00000000ecd44750,0x00000000ef280000)
  from space 5120K, 85% used [0x00000000ef800000,0x00000000efc40070,0x00000000efd00000)
  to   space 5632K, 0% used [0x00000000ef280000,0x00000000ef280000,0x00000000ef800000)
 ParOldGen       total 44032K, used 4041K [0x00000000c1800000, 0x00000000c4300000, 0x00000000eb300000)
  object space 44032K, 9% used [0x00000000c1800000,0x00000000c1bf25f8,0x00000000c4300000)
 Metaspace       used 15888K, capacity 16080K, committed 16384K, reserved 1064960K
  class space    used 1617K, capacity 1687K, committed 1792K, reserved 1048576K

Card table byte_map: [0x0000000011c50000,0x0000000011e50000] byte_map_base: 0x0000000011644000

Marking Bits: (ParMarkBitMap*) 0x000000005bf54040
 Begin Bits: [0x0000000012270000, 0x0000000013210000)
 End Bits:   [0x0000000013210000, 0x00000000141b0000)

Polling page: 0x0000000000220000

CodeCache: size=245760Kb used=4820Kb max_used=4831Kb free=240939Kb
 bounds [0x0000000002890000, 0x0000000002d50000, 0x0000000011890000]
 total_blobs=2264 nmethods=1374 adapters=805
 compilation: enabled

Compilation events (10 events):
Event: 5.735 Thread 0x0000000054d52800 1368       3       gfx.GOGL::vertex (37 bytes)
Event: 5.736 Thread 0x0000000054d52800 nmethod 1368 0x0000000002d44210 code [0x0000000002d443a0, 0x0000000002d44768]
Event: 5.736 Thread 0x0000000054d52800 1373       1       object.environment.Heightmap::getNormal (9 bytes)
Event: 5.736 Thread 0x0000000054d52800 nmethod 1373 0x0000000002d44910 code [0x0000000002d44a60, 0x0000000002d44bb0]
Event: 5.736 Thread 0x0000000054d52800 1369       3       jogamp.opengl.gl4.GL4bcImpl::glNormal3f (49 bytes)
Event: 5.736 Thread 0x0000000054d52800 nmethod 1369 0x0000000002d44cd0 code [0x0000000002d44f20, 0x0000000002d45c48]
Event: 5.737 Thread 0x0000000054d52800 1371       3       jogamp.opengl.gl4.GL4bcImpl::glTexCoord2f (45 bytes)
Event: 5.737 Thread 0x0000000054d52800 nmethod 1371 0x0000000002d46590 code [0x0000000002d467e0, 0x0000000002d47508]
Event: 5.737 Thread 0x0000000054d49000 1374       4       Datatypes.vec::get (21 bytes)
Event: 5.738 Thread 0x0000000054d49000 nmethod 1374 0x0000000002d4aad0 code [0x0000000002d4ac20, 0x0000000002d4acd8]

GC Heap History (10 events):
Event: 1.721 GC heap before
{Heap before GC invocations=2 (full 0):
 PSYoungGen      total 18944K, used 18928K [0x00000000eb300000, 0x00000000ec800000, 0x0000000100000000)
  eden space 16384K, 100% used [0x00000000eb300000,0x00000000ec300000,0x00000000ec300000)
  from space 2560K, 99% used [0x00000000ec300000,0x00000000ec57c170,0x00000000ec580000)
  to   space 2560K, 0% used [0x00000000ec580000,0x00000000ec580000,0x00000000ec800000)
 ParOldGen       total 44032K, used 1216K [0x00000000c1800000, 0x00000000c4300000, 0x00000000eb300000)
  object space 44032K, 2% used [0x00000000c1800000,0x00000000c19300c0,0x00000000c4300000)
 Metaspace       used 12965K, capacity 13194K, committed 13440K, reserved 1060864K
  class space    used 1302K, capacity 1366K, committed 1408K, reserved 1048576K
Event: 1.729 GC heap after
Heap after GC invocations=2 (full 0):
 PSYoungGen      total 18944K, used 2176K [0x00000000eb300000, 0x00000000ed800000, 0x0000000100000000)
  eden space 16384K, 0% used [0x00000000eb300000,0x00000000eb300000,0x00000000ec300000)
  from space 2560K, 85% used [0x00000000ec580000,0x00000000ec7a0000,0x00000000ec800000)
  to   space 2560K, 0% used [0x00000000ec300000,0x00000000ec300000,0x00000000ec580000)
 ParOldGen       total 44032K, used 1216K [0x00000000c1800000, 0x00000000c4300000, 0x00000000eb300000)
  object space 44032K, 2% used [0x00000000c1800000,0x00000000c19300c0,0x00000000c4300000)
 Metaspace       used 12965K, capacity 13194K, committed 13440K, reserved 1060864K
  class space    used 1302K, capacity 1366K, committed 1408K, reserved 1048576K
}
Event: 2.091 GC heap before
{Heap before GC invocations=3 (full 0):
 PSYoungGen      total 18944K, used 18560K [0x00000000eb300000, 0x00000000ed800000, 0x0000000100000000)
  eden space 16384K, 100% used [0x00000000eb300000,0x00000000ec300000,0x00000000ec300000)
  from space 2560K, 85% used [0x00000000ec580000,0x00000000ec7a0000,0x00000000ec800000)
  to   space 2560K, 0% used [0x00000000ec300000,0x00000000ec300000,0x00000000ec580000)
 ParOldGen       total 44032K, used 1216K [0x00000000c1800000, 0x00000000c4300000, 0x00000000eb300000)
  object space 44032K, 2% used [0x00000000c1800000,0x00000000c19300c0,0x00000000c4300000)
 Metaspace       used 13068K, capacity 13290K, committed 13440K, reserved 1060864K
  class space    used 1314K, capacity 1398K, committed 1408K, reserved 1048576K
Event: 2.103 GC heap after
Heap after GC invocations=3 (full 0):
 PSYoungGen      total 18944K, used 2544K [0x00000000eb300000, 0x00000000ed800000, 0x0000000100000000)
  eden space 16384K, 0% used [0x00000000eb300000,0x00000000eb300000,0x00000000ec300000)
  from space 2560K, 99% used [0x00000000ec300000,0x00000000ec57c010,0x00000000ec580000)
  to   space 2560K, 0% used [0x00000000ed580000,0x00000000ed580000,0x00000000ed800000)
 ParOldGen       total 44032K, used 2040K [0x00000000c1800000, 0x00000000c4300000, 0x00000000eb300000)
  object space 44032K, 4% used [0x00000000c1800000,0x00000000c19fe248,0x00000000c4300000)
 Metaspace       used 13068K, capacity 13290K, committed 13440K, reserved 1060864K
  class space    used 1314K, capacity 1398K, committed 1408K, reserved 1048576K
}
Event: 2.473 GC heap before
{Heap before GC invocations=4 (full 0):
 PSYoungGen      total 18944K, used 18928K [0x00000000eb300000, 0x00000000ed800000, 0x0000000100000000)
  eden space 16384K, 100% used [0x00000000eb300000,0x00000000ec300000,0x00000000ec300000)
  from space 2560K, 99% used [0x00000000ec300000,0x00000000ec57c010,0x00000000ec580000)
  to   space 2560K, 0% used [0x00000000ed580000,0x00000000ed580000,0x00000000ed800000)
 ParOldGen       total 44032K, used 2040K [0x00000000c1800000, 0x00000000c4300000, 0x00000000eb300000)
  object space 44032K, 4% used [0x00000000c1800000,0x00000000c19fe248,0x00000000c4300000)
 Metaspace       used 13069K, capacity 13290K, committed 13440K, reserved 1060864K
  class space    used 1314K, capacity 1398K, committed 1408K, reserved 1048576K
Event: 2.483 GC heap after
Heap after GC invocations=4 (full 0):
 PSYoungGen      total 35328K, used 2544K [0x00000000eb300000, 0x00000000ed800000, 0x0000000100000000)
  eden space 32768K, 0% used [0x00000000eb300000,0x00000000eb300000,0x00000000ed300000)
  from space 2560K, 99% used [0x00000000ed580000,0x00000000ed7fc010,0x00000000ed800000)
  to   space 2560K, 0% used [0x00000000ed300000,0x00000000ed300000,0x00000000ed580000)
 ParOldGen       total 44032K, used 2112K [0x00000000c1800000, 0x00000000c4300000, 0x00000000eb300000)
  object space 44032K, 4% used [0x00000000c1800000,0x00000000c1a101b0,0x00000000c4300000)
 Metaspace       used 13069K, capacity 13290K, committed 13440K, reserved 1060864K
  class space    used 1314K, capacity 1398K, committed 1408K, reserved 1048576K
}
Event: 3.309 GC heap before
{Heap before GC invocations=5 (full 0):
 PSYoungGen      total 35328K, used 35312K [0x00000000eb300000, 0x00000000ed800000, 0x0000000100000000)
  eden space 32768K, 100% used [0x00000000eb300000,0x00000000ed300000,0x00000000ed300000)
  from space 2560K, 99% used [0x00000000ed580000,0x00000000ed7fc010,0x00000000ed800000)
  to   space 2560K, 0% used [0x00000000ed300000,0x00000000ed300000,0x00000000ed580000)
 ParOldGen       total 44032K, used 2112K [0x00000000c1800000, 0x00000000c4300000, 0x00000000eb300000)
  object space 44032K, 4% used [0x00000000c1800000,0x00000000c1a101b0,0x00000000c4300000)
 Metaspace       used 15176K, capacity 15344K, committed 15488K, reserved 1062912K
  class space    used 1571K, capacity 1655K, committed 1664K, reserved 1048576K
Event: 3.319 GC heap after
Heap after GC invocations=5 (full 0):
 PSYoungGen      total 35328K, used 2556K [0x00000000eb300000, 0x00000000efd00000, 0x0000000100000000)
  eden space 32768K, 0% used [0x00000000eb300000,0x00000000eb300000,0x00000000ed300000)
  from space 2560K, 99% used [0x00000000ed300000,0x00000000ed57f0d0,0x00000000ed580000)
  to   space 5120K, 0% used [0x00000000ef800000,0x00000000ef800000,0x00000000efd00000)
 ParOldGen       total 44032K, used 4033K [0x00000000c1800000, 0x00000000c4300000, 0x00000000eb300000)
  object space 44032K, 9% used [0x00000000c1800000,0x00000000c1bf05f8,0x00000000c4300000)
 Metaspace       used 15176K, capacity 15344K, committed 15488K, reserved 1062912K
  class space    used 1571K, capacity 1655K, committed 1664K, reserved 1048576K
}
Event: 3.848 GC heap before
{Heap before GC invocations=6 (full 0):
 PSYoungGen      total 35328K, used 35324K [0x00000000eb300000, 0x00000000efd00000, 0x0000000100000000)
  eden space 32768K, 100% used [0x00000000eb300000,0x00000000ed300000,0x00000000ed300000)
  from space 2560K, 99% used [0x00000000ed300000,0x00000000ed57f0d0,0x00000000ed580000)
  to   space 5120K, 0% used [0x00000000ef800000,0x00000000ef800000,0x00000000efd00000)
 ParOldGen       total 44032K, used 4033K [0x00000000c1800000, 0x00000000c4300000, 0x00000000eb300000)
  object space 44032K, 9% used [0x00000000c1800000,0x00000000c1bf05f8,0x00000000c4300000)
 Metaspace       used 15515K, capacity 15728K, committed 16000K, reserved 1062912K
  class space    used 1584K, capacity 1655K, committed 1664K, reserved 1048576K
Event: 3.858 GC heap after
Heap after GC invocations=6 (full 0):
 PSYoungGen      total 70144K, used 4352K [0x00000000eb300000, 0x00000000efe00000, 0x0000000100000000)
  eden space 65024K, 0% used [0x00000000eb300000,0x00000000eb300000,0x00000000ef280000)
  from space 5120K, 85% used [0x00000000ef800000,0x00000000efc40070,0x00000000efd00000)
  to   space 5632K, 0% used [0x00000000ef280000,0x00000000ef280000,0x00000000ef800000)
 ParOldGen       total 44032K, used 4041K [0x00000000c1800000, 0x00000000c4300000, 0x00000000eb300000)
  object space 44032K, 9% used [0x00000000c1800000,0x00000000c1bf25f8,0x00000000c4300000)
 Metaspace       used 15515K, capacity 15728K, committed 16000K, reserved 1062912K
  class space    used 1584K, capacity 1655K, committed 1664K, reserved 1048576K
}

Deoptimization events (10 events):
Event: 3.909 Thread 0x00000000568fa800 Uncommon trap: reason=unstable_if action=reinterpret pc=0x0000000002c5d260 method=sun.awt.image.ByteInterleavedRaster.putByteData(IIII[B)V @ 395
Event: 3.911 Thread 0x00000000568fa800 Uncommon trap: reason=unstable_if action=reinterpret pc=0x0000000002c7cd70 method=javax.imageio.stream.FileCacheImageInputStream.readUntil(J)J @ 72
Event: 3.915 Thread 0x00000000568fa800 Uncommon trap: reason=class_check action=maybe_recompile pc=0x0000000002bb3c04 method=java.awt.image.BufferedImage.getRGB(II)I @ 11
Event: 3.915 Thread 0x00000000568fa800 Uncommon trap: reason=unstable_if action=reinterpret pc=0x0000000002b6dd9c method=java.awt.image.ComponentColorModel.getRGB(Ljava/lang/Object;)I @ 4
Event: 3.915 Thread 0x00000000568fa800 Uncommon trap: reason=unstable_if action=reinterpret pc=0x0000000002b68d08 method=java.awt.image.ComponentColorModel.extractComponent(Ljava/lang/Object;II)I @ 4
Event: 3.915 Thread 0x00000000568fa800 Uncommon trap: reason=class_check action=maybe_recompile pc=0x0000000002bb3c04 method=java.awt.image.BufferedImage.getRGB(II)I @ 11
Event: 3.915 Thread 0x00000000568fa800 Uncommon trap: reason=class_check action=maybe_recompile pc=0x0000000002bb3c04 method=java.awt.image.BufferedImage.getRGB(II)I @ 11
Event: 3.915 Thread 0x00000000568fa800 Uncommon trap: reason=class_check action=maybe_recompile pc=0x0000000002bb3c04 method=java.awt.image.BufferedImage.getRGB(II)I @ 11
Event: 4.009 Thread 0x00000000568fa800 Uncommon trap: reason=unstable_if action=reinterpret pc=0x0000000002d232ac method=java.lang.StrictMath.floorOrCeil(DDDD)D @ 90
Event: 4.010 Thread 0x00000000568fa800 Uncommon trap: reason=unstable_if action=reinterpret pc=0x0000000002d21e20 method=java.lang.StrictMath.floorOrCeil(DDDD)D @ 90

Internal exceptions (10 events):
Event: 0.148 Thread 0x00000000021de800 Exception <a 'java/security/PrivilegedActionException'> (0x00000000eb3baed0) thrown at [C:\re\workspace\8-2-build-windows-amd64-cygwin\jdk8u45\3627\hotspot\src\share\vm\prims\jvm.cpp, line 1382]
Event: 0.148 Thread 0x00000000021de800 Exception <a 'java/security/PrivilegedActionException'> (0x00000000eb3bb088) thrown at [C:\re\workspace\8-2-build-windows-amd64-cygwin\jdk8u45\3627\hotspot\src\share\vm\prims\jvm.cpp, line 1382]
Event: 0.153 Thread 0x00000000021de800 Exception <a 'java/io/FileNotFoundException'> (0x00000000eb3bd3d8) thrown at [C:\re\workspace\8-2-build-windows-amd64-cygwin\jdk8u45\3627\hotspot\src\share\vm\prims\jni.cpp, line 709]
Event: 0.189 Thread 0x00000000021de800 Exception <a 'java/io/FileNotFoundException'> (0x00000000eb3dd0d8) thrown at [C:\re\workspace\8-2-build-windows-amd64-cygwin\jdk8u45\3627\hotspot\src\share\vm\prims\jni.cpp, line 709]
Event: 0.259 Thread 0x00000000021de800 Exception <a 'java/lang/NoSuchFieldError': method resolution failed> (0x00000000eb4b1ae8) thrown at [C:\re\workspace\8-2-build-windows-amd64-cygwin\jdk8u45\3627\hotspot\src\share\vm\prims\methodHandles.cpp, line 1125]
Event: 0.263 Thread 0x00000000021de800 Exception <a 'java/lang/NoSuchFieldError': method resolution failed> (0x00000000eb4c0528) thrown at [C:\re\workspace\8-2-build-windows-amd64-cygwin\jdk8u45\3627\hotspot\src\share\vm\prims\methodHandles.cpp, line 1125]
Event: 0.356 Thread 0x00000000021de800 Implicit null exception at 0x00000000029d4d8b to 0x00000000029d4f3d
Event: 2.760 Thread 0x00000000021de800 Exception <a 'java/lang/InterruptedException'> (0x00000000ebd626d0) thrown at [C:\re\workspace\8-2-build-windows-amd64-cygwin\jdk8u45\3627\hotspot\src\share\vm\runtime\objectMonitor.cpp, line 1683]
Event: 2.905 Thread 0x00000000021de800 Exception <a 'java/lang/reflect/InvocationTargetException'> (0x00000000ebfe5238) thrown at [C:\re\workspace\8-2-build-windows-amd64-cygwin\jdk8u45\3627\hotspot\src\share\vm\runtime\reflection.cpp, line 1080]
Event: 3.050 Thread 0x00000000568fa800 Implicit null exception at 0x0000000002b6add6 to 0x0000000002b6b3e5

Events (10 events):
Event: 5.717 loading class io/Controller
Event: 5.717 loading class io/Controller done
Event: 5.718 loading class gfx/Overlay
Event: 5.718 loading class gfx/Overlay done
Event: 5.719 loading class functions/Math3D
Event: 5.719 loading class functions/Math3D done
Event: 5.720 loading class com/jogamp/opengl/math/FloatUtil
Event: 5.720 loading class com/jogamp/opengl/math/FloatUtil done
Event: 5.722 loading class com/jogamp/opengl/math/VectorUtil
Event: 5.722 loading class com/jogamp/opengl/math/VectorUtil done


Dynamic libraries:
0x000000013fb00000 - 0x000000013fb37000 	C:\Program Files\Java\jre1.8.0_45\bin\javaw.exe
0x0000000077a40000 - 0x0000000077be9000 	C:\Windows\SYSTEM32\ntdll.dll
0x0000000077820000 - 0x000000007793f000 	C:\Windows\system32\kernel32.dll
0x000007fefda00000 - 0x000007fefda6c000 	C:\Windows\system32\KERNELBASE.dll
0x000007fefdc30000 - 0x000007fefdd0b000 	C:\Windows\system32\ADVAPI32.dll
0x000007fefe090000 - 0x000007fefe12f000 	C:\Windows\system32\msvcrt.dll
0x000007fefe070000 - 0x000007fefe08f000 	C:\Windows\SYSTEM32\sechost.dll
0x000007fefdf20000 - 0x000007fefe04d000 	C:\Windows\system32\RPCRT4.dll
0x0000000077940000 - 0x0000000077a3a000 	C:\Windows\system32\USER32.dll
0x000007fefe380000 - 0x000007fefe3e7000 	C:\Windows\system32\GDI32.dll
0x000007fefe250000 - 0x000007fefe25e000 	C:\Windows\system32\LPK.dll
0x000007fefe3f0000 - 0x000007fefe4b9000 	C:\Windows\system32\USP10.dll
0x000007fefd070000 - 0x000007fefd264000 	C:\Windows\WinSxS\amd64_microsoft.windows.common-controls_6595b64144ccf1df_6.0.7601.17514_none_fa396087175ac9ac\COMCTL32.dll
0x000007fefe4c0000 - 0x000007fefe531000 	C:\Windows\system32\SHLWAPI.dll
0x000007fefe130000 - 0x000007fefe15e000 	C:\Windows\system32\IMM32.DLL
0x000007fefe260000 - 0x000007fefe369000 	C:\Windows\system32\MSCTF.dll
0x0000000072000000 - 0x00000000720d2000 	C:\Program Files\Java\jre1.8.0_45\bin\msvcr100.dll
0x000000005b750000 - 0x000000005bfd3000 	C:\Program Files\Java\jre1.8.0_45\bin\server\jvm.dll
0x000007fef5630000 - 0x000007fef5639000 	C:\Windows\system32\WSOCK32.dll
0x000007fefe160000 - 0x000007fefe1ad000 	C:\Windows\system32\WS2_32.dll
0x000007fefe370000 - 0x000007fefe378000 	C:\Windows\system32\NSI.dll
0x000007fef99e0000 - 0x000007fef9a1b000 	C:\Windows\system32\WINMM.dll
0x000007fefc3a0000 - 0x000007fefc3ac000 	C:\Windows\system32\VERSION.dll
0x0000000077c00000 - 0x0000000077c07000 	C:\Windows\system32\PSAPI.DLL
0x000000006f7c0000 - 0x000000006f7cf000 	C:\Program Files\Java\jre1.8.0_45\bin\verify.dll
0x000000006f790000 - 0x000000006f7b9000 	C:\Program Files\Java\jre1.8.0_45\bin\java.dll
0x000000006a1b0000 - 0x000000006a1c6000 	C:\Program Files\Java\jre1.8.0_45\bin\zip.dll
0x000007fefe970000 - 0x000007feff6f8000 	C:\Windows\system32\SHELL32.dll
0x000007fefdd10000 - 0x000007fefdf13000 	C:\Windows\system32\ole32.dll
0x000007fefd880000 - 0x000007fefd88f000 	C:\Windows\system32\profapi.dll
0x0000000071690000 - 0x0000000071828000 	C:\Program Files\Java\jre1.8.0_45\bin\awt.dll
0x000007feff700000 - 0x000007feff7d7000 	C:\Windows\system32\OLEAUT32.dll
0x000007fefb290000 - 0x000007fefb2a8000 	C:\Windows\system32\DWMAPI.DLL
0x000007fefbae0000 - 0x000007fefbb36000 	C:\Windows\system32\uxtheme.dll
0x000007fefd6d0000 - 0x000007fefd6df000 	C:\Windows\system32\CRYPTBASE.dll
0x000007feee970000 - 0x000007feeeb6f000 	C:\Windows\system32\d3d9.dll
0x000007fefc740000 - 0x000007fefc747000 	C:\Windows\system32\d3d8thk.dll
0x000007fef4ca0000 - 0x000007fef4cad000 	C:\Windows\system32\atiu9p64.dll
0x000000006f350000 - 0x000000006f787000 	C:\Windows\system32\atiumd64.dll
0x0000000071410000 - 0x0000000071681000 	C:\Windows\system32\atiumd6a.dll
0x0000000073c70000 - 0x0000000073cb7000 	C:\Program Files\Java\jre1.8.0_45\bin\fontmanager.dll
0x000007fefe6a0000 - 0x000007fefe739000 	C:\Windows\system32\CLBCatQ.DLL
0x000007fefcd70000 - 0x000007fefcd87000 	C:\Windows\system32\CRYPTSP.dll
0x000007fefca70000 - 0x000007fefcab7000 	C:\Windows\system32\rsaenh.dll
0x000007fefdc10000 - 0x000007fefdc2e000 	C:\Windows\system32\USERENV.dll
0x000000006a0e0000 - 0x000000006a0fa000 	C:\Program Files\Java\jre1.8.0_45\bin\net.dll
0x000007fefcd10000 - 0x000007fefcd65000 	C:\Windows\system32\mswsock.dll
0x000007fefcd00000 - 0x000007fefcd07000 	C:\Windows\System32\wship6.dll
0x000007fefb180000 - 0x000007fefb1a7000 	C:\Windows\system32\IPHLPAPI.DLL
0x000007fefb170000 - 0x000007fefb17b000 	C:\Windows\system32\WINNSI.DLL
0x000007fefae50000 - 0x000007fefae68000 	C:\Windows\system32\dhcpcsvc.DLL
0x000007fefad30000 - 0x000007fefad41000 	C:\Windows\system32\dhcpcsvc6.DLL
0x00000000692b0000 - 0x00000000692c1000 	C:\Program Files\Java\jre1.8.0_45\bin\nio.dll
0x000007fefd670000 - 0x000007fefd6c7000 	C:\Windows\system32\apphelp.dll
0x00000000637c0000 - 0x00000000637cd000 	C:\Users\Ryan\AppData\Local\Temp\jogamp_0000\file_cache\jln556832443725221669\jln9001794456339861776\gluegen-rt.dll
0x00000000746f0000 - 0x00000000746f7000 	C:\Program Files\Java\jre1.8.0_45\bin\jawt.dll
0x000000006a440000 - 0x000000006a44d000 	C:\Users\Ryan\AppData\Local\Temp\jogamp_0000\file_cache\jln556832443725221669\jln9001794456339861776\nativewindow_awt.dll
0x000000006c100000 - 0x000000006c10f000 	C:\Users\Ryan\AppData\Local\Temp\jogamp_0000\file_cache\jln556832443725221669\jln9001794456339861776\nativewindow_win32.dll
0x000007fee9690000 - 0x000007fee97ad000 	C:\Windows\system32\OpenGL32.dll
0x000007fef49e0000 - 0x000007fef4a0d000 	C:\Windows\system32\GLU32.dll
0x000007fee9590000 - 0x000007fee9681000 	C:\Windows\system32\DDRAW.dll
0x000007fef4e10000 - 0x000007fef4e18000 	C:\Windows\system32\DCIMAN32.dll
0x000007feff840000 - 0x000007feffa17000 	C:\Windows\system32\SETUPAPI.dll
0x000007fefda80000 - 0x000007fefdab6000 	C:\Windows\system32\CFGMGR32.dll
0x000007fefdbf0000 - 0x000007fefdc0a000 	C:\Windows\system32\DEVOBJ.dll
0x0000000064500000 - 0x00000000645ae000 	C:\Users\Ryan\AppData\Local\Temp\jogamp_0000\file_cache\jln556832443725221669\jln9001794456339861776\jogl_desktop.dll
0x0000000064340000 - 0x00000000643a0000 	C:\Users\Ryan\AppData\Local\Temp\jogamp_0000\file_cache\jln556832443725221669\jln9001794456339861776\jogl_mobile.dll
0x000007fef4c50000 - 0x000007fef4c58000 	C:\Windows\system32\atig6pxx.dll
0x000000005bfe0000 - 0x000000005cfa6000 	C:\Windows\system32\atio6axx.dll
0x000007fef4c60000 - 0x000007fef4c69000 	C:\Windows\system32\atig6txx.dll
0x0000000180000000 - 0x0000000180049000 	C:\Windows\system32\atiadlxx.dll
0x000007fefdb10000 - 0x000007fefdb4a000 	C:\Windows\system32\WINTRUST.dll
0x000007fefd890000 - 0x000007fefd9fc000 	C:\Windows\system32\CRYPT32.dll
0x000007fefd870000 - 0x000007fefd87f000 	C:\Windows\system32\MSASN1.dll
0x000000006b600000 - 0x000000006b658000 	C:\Users\Ryan\AppData\Local\Temp\jogamp_0000\file_cache\jln556832443725221669\jln9001794456339861776\soft_oal.dll
0x00000000680c0000 - 0x00000000680d6000 	C:\Users\Ryan\AppData\Local\Temp\jogamp_0000\file_cache\jln556832443725221669\jln9001794456339861776\joal.dll
0x000007fefb880000 - 0x000007fefb8cb000 	C:\Windows\System32\MMDevApi.dll
0x000007fefbb40000 - 0x000007fefbc6c000 	C:\Windows\System32\PROPSYS.dll
0x000007fee8320000 - 0x000007fee83a8000 	C:\Windows\system32\dsound.dll
0x000007fefc150000 - 0x000007fefc17c000 	C:\Windows\system32\POWRPROF.dll
0x000007fef37d0000 - 0x000007fef381f000 	C:\Windows\system32\AUDIOSES.DLL
0x0000000073c30000 - 0x0000000073c61000 	C:\Program Files\Java\jre1.8.0_45\bin\jpeg.dll
0x000007fee81f0000 - 0x000007fee8315000 	C:\Windows\system32\dbghelp.dll

VM Arguments:
jvm_args: -Djava.library.path=C:\Users\Ryan\Desktop\jogamp-all-platforms\lib;C:\Users\Ryan\Desktop\jogamp-all-platforms\lib\windows-i586;C:\Users\Ryan\Desktop\jogamp-all-platforms\lib\windows-i586;C:\Users\Ryan\Desktop\jogamp-all-platforms -Dfile.encoding=Cp1252 
java_command: cont.GameController
java_class_path (initial): C:\Users\Ryan\Desktop\jogamp-all-platforms\jar\gluegen-rt.jar;C:\Users\Ryan\Desktop\jogamp-all-platforms\jar\jogl-all.jar;C:\Users\Ryan\Desktop\jogamp-all-platforms\jar\joal.jar;C:\Users\Ryan\Documents\newWorkspace\JavaGame\bin
Launcher Type: SUN_STANDARD

Environment Variables:
CLASSPATH=.;C:\Program Files (x86)\Java\jre7\lib\ext\QTJava.zip
PATH=C:/Program Files/Java/jre1.8.0_45/bin/server;C:/Program Files/Java/jre1.8.0_45/bin;C:/Program Files/Java/jre1.8.0_45/lib/amd64;C:\ProgramData\Oracle\Java\javapath;C:\Windows\system32;C:\Windows;C:\Windows\system32\wbem;C:\Program Files (x86)\AMD APP\bin\x86_64;C:\Program Files (x86)\AMD APP\bin\x86;C:\Program Files\Common Files\Microsoft Shared\Windows Live;C:\Program Files (x86)\PC Connectivity Solution;C:\Windows\System32\WindowsPowerShell\v1.0;C:\Program Files (x86)\ATI Technologies\ATI.ACE\Core-Static;C:\Program Files (x86)\Common Files\Lenovo;C:\Program Files (x86)\Common Files\Roxio Shared\10.0\DLLShared;C:\Program Files (x86)\Common Files\Roxio Shared\DLLShared;C:\Program Files (x86)\Lenovo\Access Connections;c:\Program Files (x86)\Microsoft SQL Server\90\Tools\binn;c:\Program Files (x86)\Microsoft SQL Server\100\Tools\Binn;c:\Program Files\Microsoft SQL Server\100\Tools\Binn;c:\Program Files\Microsoft SQL Server\100\DTS\Binn;C:\Program Files (x86)\Common Files\Teleca Shared;C:\Program Files (x86)\QuickTime\QTSystem;C:\Windows\System32\WindowsPowerShell\v1.0;C:\Program Files (x86)\Java\jre7\bin;C:\Program Files (x86)\PharosSystems\Core;C:\Program Files (x86)\PharosSystems\Core;C:\Program Files (x86)\QuickTime\QTSystem\;C:\Program Files\Common Files\Microsoft Shared\Windows Live;C:\Users\Ryan\Desktop\eclipse;
USERNAME=Ryan
OS=Windows_NT
PROCESSOR_IDENTIFIER=Intel64 Family 6 Model 23 Stepping 10, GenuineIntel



---------------  S Y S T E M  ---------------

OS: Windows 7 , 64 bit Build 7601 (6.1.7601.18409)

CPU:total 2 (2 cores per cpu, 1 threads per core) family 6 model 23 stepping 10, cmov, cx8, fxsr, mmx, sse, sse2, sse3, ssse3, sse4.1, tsc

Memory: 4k page, physical 4087836k(1854504k free), swap 8173808k(5299672k free)

vm_info: Java HotSpot(TM) 64-Bit Server VM (25.45-b02) for windows-amd64 JRE (1.8.0_45-b15), built on Apr 30 2015 12:40:44 by "java_re" with MS VC++ 10.0 (VS2010)

time: Wed Jul 08 03:01:24 2015
elapsed time: 5 seconds (0d 0h 0m 5s)

