#
# A fatal error has been detected by the Java Runtime Environment:
#
#  EXCEPTION_ACCESS_VIOLATION (0xc0000005) at pc=0x0000000069307900, pid=5316, tid=5600
#
# JRE version: Java(TM) SE Runtime Environment (8.0_45-b15) (build 1.8.0_45-b15)
# Java VM: Java HotSpot(TM) 64-Bit Server VM (25.45-b02 mixed mode windows-amd64 compressed oops)
# Problematic frame:
# C  [atio6axx.dll+0x2d7900]
#
# Failed to write core dump. Minidumps are not enabled by default on client versions of Windows
#
# If you would like to submit a bug report, please visit:
#   http://bugreport.java.com/bugreport/crash.jsp
# The crash happened outside the Java Virtual Machine in native code.
# See problematic frame for where to report the bug.
#

---------------  T H R E A D  ---------------

Current thread (0x00000000591d7800):  JavaThread "AWT-EventQueue-0" [_thread_in_native, id=5600, stack(0x0000000059be0000,0x0000000059ce0000)]

siginfo: ExceptionCode=0xc0000005, reading address 0x0000000000000000

Registers:
RAX=0x0000000000000000, RBX=0x0000000000000000, RCX=0x000000005bf28150, RDX=0x0000000000000000
RSP=0x0000000059cdc910, RBP=0x0000000000002700, RSI=0x0000000000000003, RDI=0x0000000000000001
R8 =0x000000005bf2a850, R9 =0xffffffffa40d7eb0, R10=0x000000005bf28150, R11=0x000000005bf2816c
R12=0x0000000000000270, R13=0x0000000000000010, R14=0x000000005b0e24d0, R15=0x000000005b0e0a00
RIP=0x0000000069307900, EFLAGS=0x0000000000010283

Top of Stack: (sp=0x0000000059cdc910)
0x0000000059cdc910:   000000000015c240 000000000000001b
0x0000000059cdc920:   0000000000000000 00000000591d7800
0x0000000059cdc930:   00000000563b13d0 0000000055fea5b0
0x0000000059cdc940:   0000000000000001 000000006f1528e1
0x0000000059cdc950:   00000000000000d8 0000000059cddcc8
0x0000000059cdc960:   0000f9355557a334 00000000543466d0
0x0000000059cdc970:   0000000000000000 000000006f152bef
0x0000000059cdc980:   0000000059cdcb40 00000000543466d0
0x0000000059cdc990:   00000000591d7800 000000006f130a10
0x0000000059cdc9a0:   0000000059cdca59 000000006f24b3e2
0x0000000059cdc9b0:   0000000059cdcbc0 00000000591d7800
0x0000000059cdc9c0:   0000000059cdcae0 000000000000000b
0x0000000059cdc9d0:   00000000563ab5a0 000000006f131f8f
0x0000000059cdc9e0:   0000000000000000 0000000059cdca59
0x0000000059cdc9f0:   000000005964a630 0000000055fea5f8
0x0000000059cdca00:   00000000591d7800 000007fefd461300 

Instructions: (pc=0x0000000069307900)
0x00000000693078e0:   5a 1c 49 8b ca 44 8b c5 8b dd 83 e3 03 44 2b c3
0x00000000693078f0:   4d 03 c2 4d 3b d8 73 4a 4c 8b ca 4d 2b ca 66 90
0x0000000069307900:   8b 02 48 83 c1 20 48 83 c2 20 89 41 e0 42 8b 44
0x0000000069307910:   09 e4 89 41 e4 8b 42 e8 89 41 e8 8b 42 ec 89 41 


Register to memory mapping:

RAX=0x0000000000000000 is an unknown value
RBX=0x0000000000000000 is an unknown value
RCX=0x000000005bf28150 is an unknown value
RDX=0x0000000000000000 is an unknown value
RSP=0x0000000059cdc910 is pointing into the stack for thread: 0x00000000591d7800
RBP=0x0000000000002700 is an unknown value
RSI=0x0000000000000003 is an unknown value
RDI=0x0000000000000001 is an unknown value
R8 =0x000000005bf2a850 is an unknown value
R9 =0xffffffffa40d7eb0 is an unknown value
R10=0x000000005bf28150 is an unknown value
R11=0x000000005bf2816c is an unknown value
R12=0x0000000000000270 is an unknown value
R13=0x0000000000000010 is an unknown value
R14=0x000000005b0e24d0 is an unknown value
R15=0x000000005b0e0a00 is an unknown value


Stack: [0x0000000059be0000,0x0000000059ce0000],  sp=0x0000000059cdc910,  free space=1010k
Native frames: (J=compiled Java code, j=interpreted, Vv=VM code, C=native code)
C  [atio6axx.dll+0x2d7900]
C  [atio6axx.dll+0x2d5dd7]
C  [atio6axx.dll+0x277b2b]
C  [atio6axx.dll+0x40540b]
C  0x00000000026f3874

Java frames: (J=compiled Java code, j=interpreted, Vv=VM code)
j  jogamp.opengl.gl4.GL4bcImpl.dispatch_glDrawArrays1(IIIJ)V+0
j  jogamp.opengl.gl4.GL4bcImpl.glDrawArrays(III)V+45
j  resource.model.Model.drawFast()V+112
j  object.environment.BlockTerrain$Section.draw(FF)V+32
j  object.environment.BlockTerrain$Chunk.draw()V+55
j  object.environment.BlockTerrain.draw()V+34
j  object.primitive.Drawable.draw3D()V+166
j  gfx.Camera.renderAll()V+58
j  gfx.GOGL$1.display(Lcom/jogamp/opengl/GLAutoDrawable;)V+34
j  jogamp.opengl.GLDrawableHelper.displayImpl(Lcom/jogamp/opengl/GLAutoDrawable;)V+81
j  jogamp.opengl.GLDrawableHelper.display(Lcom/jogamp/opengl/GLAutoDrawable;)V+2
j  com.jogamp.opengl.awt.GLCanvas$11.run()V+118
j  jogamp.opengl.GLDrawableHelper.invokeGLImpl(Lcom/jogamp/opengl/GLDrawable;Lcom/jogamp/opengl/GLContext;Ljava/lang/Runnable;Ljava/lang/Runnable;)V+203
j  jogamp.opengl.GLDrawableHelper.invokeGL(Lcom/jogamp/opengl/GLDrawable;Lcom/jogamp/opengl/GLContext;Ljava/lang/Runnable;Ljava/lang/Runnable;)V+72
j  com.jogamp.opengl.awt.GLCanvas$12.run()V+104
j  com.jogamp.opengl.Threading.invoke(ZLjava/lang/Runnable;Ljava/lang/Object;)V+27
j  com.jogamp.opengl.awt.GLCanvas.display()V+64
j  com.jogamp.opengl.awt.GLCanvas.paint(Ljava/awt/Graphics;)V+137
j  sun.awt.RepaintArea.paintComponent(Ljava/awt/Component;Ljava/awt/Graphics;)V+6
j  sun.awt.RepaintArea.paint(Ljava/lang/Object;Z)V+326
j  sun.awt.windows.WComponentPeer.handleEvent(Ljava/awt/AWTEvent;)V+155
j  java.awt.Component.dispatchEventImpl(Ljava/awt/AWTEvent;)V+877
j  java.awt.Component.dispatchEvent(Ljava/awt/AWTEvent;)V+2
j  java.awt.EventQueue.dispatchEventImpl(Ljava/awt/AWTEvent;Ljava/lang/Object;)V+41
j  java.awt.EventQueue.access$500(Ljava/awt/EventQueue;Ljava/awt/AWTEvent;Ljava/lang/Object;)V+3
j  java.awt.EventQueue$3.run()Ljava/lang/Void;+32
j  java.awt.EventQueue$3.run()Ljava/lang/Object;+1
v  ~StubRoutines::call_stub
j  java.security.AccessController.doPrivileged(Ljava/security/PrivilegedAction;Ljava/security/AccessControlContext;)Ljava/lang/Object;+0
j  java.security.ProtectionDomain$1.doIntersectionPrivilege(Ljava/security/PrivilegedAction;Ljava/security/AccessControlContext;Ljava/security/AccessControlContext;)Ljava/lang/Object;+28
j  java.security.ProtectionDomain$1.doIntersectionPrivilege(Ljava/security/PrivilegedAction;Ljava/security/AccessControlContext;)Ljava/lang/Object;+6
j  java.awt.EventQueue$4.run()Ljava/lang/Void;+11
j  java.awt.EventQueue$4.run()Ljava/lang/Object;+1
v  ~StubRoutines::call_stub
j  java.security.AccessController.doPrivileged(Ljava/security/PrivilegedAction;Ljava/security/AccessControlContext;)Ljava/lang/Object;+0
j  java.security.ProtectionDomain$1.doIntersectionPrivilege(Ljava/security/PrivilegedAction;Ljava/security/AccessControlContext;Ljava/security/AccessControlContext;)Ljava/lang/Object;+28
j  java.awt.EventQueue.dispatchEvent(Ljava/awt/AWTEvent;)V+73
j  java.awt.EventDispatchThread.pumpOneEventForFilters(I)V+245
j  java.awt.EventDispatchThread.pumpEventsForFilter(ILjava/awt/Conditional;Ljava/awt/EventFilter;)V+35
j  java.awt.EventDispatchThread.pumpEventsForHierarchy(ILjava/awt/Conditional;Ljava/awt/Component;)V+11
j  java.awt.EventDispatchThread.pumpEvents(ILjava/awt/Conditional;)V+4
j  java.awt.EventDispatchThread.pumpEvents(Ljava/awt/Conditional;)V+3
j  java.awt.EventDispatchThread.run()V+9
v  ~StubRoutines::call_stub

---------------  P R O C E S S  ---------------

Java Threads: ( => current thread )
  0x000000000015e800 JavaThread "DestroyJavaVM" [_thread_blocked, id=1308, stack(0x0000000002290000,0x0000000002390000)]
  0x000000005635f000 JavaThread "Thread-4" [_thread_blocked, id=4296, stack(0x000000005be10000,0x000000005bf10000)]
  0x0000000056339000 JavaThread "D3D Screen Updater" daemon [_thread_blocked, id=3932, stack(0x000000005b5d0000,0x000000005b6d0000)]
  0x0000000059764800 JavaThread "main-SharedResourceRunner" daemon [_thread_blocked, id=6128, stack(0x000000005a890000,0x000000005a990000)]
=>0x00000000591d7800 JavaThread "AWT-EventQueue-0" [_thread_in_native, id=5600, stack(0x0000000059be0000,0x0000000059ce0000)]
  0x00000000563d1800 JavaThread "AWT-Windows" daemon [_thread_in_native, id=1480, stack(0x0000000056b10000,0x0000000056c10000)]
  0x00000000563b0800 JavaThread "AWT-Shutdown" [_thread_blocked, id=6648, stack(0x00000000568c0000,0x00000000569c0000)]
  0x00000000563af000 JavaThread "Java2D Disposer" daemon [_thread_blocked, id=6032, stack(0x0000000056730000,0x0000000056830000)]
  0x0000000055fe8800 JavaThread "Service Thread" daemon [_thread_blocked, id=6076, stack(0x00000000564c0000,0x00000000565c0000)]
  0x0000000054cd4800 JavaThread "C1 CompilerThread1" daemon [_thread_blocked, id=3612, stack(0x00000000555d0000,0x00000000556d0000)]
  0x0000000054ccb000 JavaThread "C2 CompilerThread0" daemon [_thread_blocked, id=5780, stack(0x0000000055ee0000,0x0000000055fe0000)]
  0x0000000054cc9800 JavaThread "Attach Listener" daemon [_thread_blocked, id=1352, stack(0x0000000055da0000,0x0000000055ea0000)]
  0x0000000054cc8800 JavaThread "Signal Dispatcher" daemon [_thread_blocked, id=6228, stack(0x0000000055bd0000,0x0000000055cd0000)]
  0x0000000054c6c000 JavaThread "Finalizer" daemon [_thread_blocked, id=1540, stack(0x0000000055ac0000,0x0000000055bc0000)]
  0x0000000054c65000 JavaThread "Reference Handler" daemon [_thread_blocked, id=1512, stack(0x0000000055960000,0x0000000055a60000)]

Other Threads:
  0x0000000054c5d000 VMThread [stack: 0x0000000055750000,0x0000000055850000] [id=968]
  0x0000000054d2f000 WatcherThread [stack: 0x0000000056630000,0x0000000056730000] [id=4648]

VM state:not at safepoint (normal execution)

VM Mutex/Monitor currently owned by a thread: None

Heap:
 PSYoungGen      total 192512K, used 157520K [0x00000000eb300000, 0x00000000fc680000, 0x0000000100000000)
  eden space 166912K, 82% used [0x00000000eb300000,0x00000000f3a3c2b8,0x00000000f5600000)
  from space 25600K, 74% used [0x00000000f5600000,0x00000000f6897f38,0x00000000f6f00000)
  to   space 27136K, 0% used [0x00000000fac00000,0x00000000fac00000,0x00000000fc680000)
 ParOldGen       total 111616K, used 53493K [0x00000000c1800000, 0x00000000c8500000, 0x00000000eb300000)
  object space 111616K, 47% used [0x00000000c1800000,0x00000000c4c3d6e0,0x00000000c8500000)
 Metaspace       used 17462K, capacity 17676K, committed 17792K, reserved 1064960K
  class space    used 1815K, capacity 1920K, committed 1920K, reserved 1048576K

Card table byte_map: [0x0000000011aa0000,0x0000000011ca0000] byte_map_base: 0x0000000011494000

Marking Bits: (ParMarkBitMap*) 0x000000006f724040
 Begin Bits: [0x00000000121f0000, 0x0000000013190000)
 End Bits:   [0x0000000013190000, 0x0000000014130000)

Polling page: 0x0000000000120000

CodeCache: size=245760Kb used=6197Kb max_used=6197Kb free=239562Kb
 bounds [0x00000000026e0000, 0x0000000002d00000, 0x00000000116e0000]
 total_blobs=2554 nmethods=1640 adapters=829
 compilation: enabled

Compilation events (10 events):
Event: 24.240 Thread 0x0000000054cd4800 1723       3       gfx.GOGL::mult (69 bytes)
Event: 24.240 Thread 0x0000000054ccb000 1726       4       ds.vec::<init> (37 bytes)
Event: 24.243 Thread 0x0000000054ccb000 nmethod 1726 0x000000000299b910 code [0x000000000299ba60, 0x000000000299bbb8]
Event: 24.243 Thread 0x0000000054ccb000 1730       4       ds.vec::<init> (22 bytes)
Event: 24.249 Thread 0x0000000054ccb000 nmethod 1730 0x00000000029674d0 code [0x0000000002967620, 0x00000000029678b8]
Event: 24.249 Thread 0x0000000054cd4800 nmethod 1723 0x00000000029f6c90 code [0x00000000029f6e20, 0x00000000029f71b0]
Event: 24.249 Thread 0x0000000054cd4800 1725       2       resource.model.Model::mult (73 bytes)
Event: 24.250 Thread 0x0000000054cd4800 nmethod 1725 0x000000000297a590 code [0x000000000297a700, 0x000000000297aa30]
Event: 24.250 Thread 0x0000000054cd4800 1727       3       jogamp.opengl.gl4.GL4bcImpl::glTexCoord2fv (101 bytes)
Event: 24.250 Thread 0x0000000054ccb000 1734 %     4       resource.model.Model::mult @ 26 (73 bytes)

GC Heap History (10 events):
Event: 11.301 GC heap before
{Heap before GC invocations=7 (full 1):
 PSYoungGen      total 68096K, used 65524K [0x00000000eb300000, 0x00000000f6200000, 0x0000000100000000)
  eden space 65536K, 99% used [0x00000000eb300000,0x00000000ef2fd2c8,0x00000000ef300000)
  from space 2560K, 0% used [0x00000000ef300000,0x00000000ef300000,0x00000000ef580000)
  to   space 24064K, 0% used [0x00000000f4a80000,0x00000000f4a80000,0x00000000f6200000)
 ParOldGen       total 60928K, used 17208K [0x00000000c1800000, 0x00000000c5380000, 0x00000000eb300000)
  object space 60928K, 28% used [0x00000000c1800000,0x00000000c28ce078,0x00000000c5380000)
 Metaspace       used 16352K, capacity 16524K, committed 16640K, reserved 1064960K
  class space    used 1727K, capacity 1792K, committed 1792K, reserved 1048576K
Event: 11.324 GC heap after
Heap after GC invocations=7 (full 1):
 PSYoungGen      total 115712K, used 8839K [0x00000000eb300000, 0x00000000f5380000, 0x0000000100000000)
  eden space 106496K, 0% used [0x00000000eb300000,0x00000000eb300000,0x00000000f1b00000)
  from space 9216K, 95% used [0x00000000f4a80000,0x00000000f5321fe0,0x00000000f5380000)
  to   space 22016K, 0% used [0x00000000f2880000,0x00000000f2880000,0x00000000f3e00000)
 ParOldGen       total 60928K, used 17216K [0x00000000c1800000, 0x00000000c5380000, 0x00000000eb300000)
  object space 60928K, 28% used [0x00000000c1800000,0x00000000c28d0078,0x00000000c5380000)
 Metaspace       used 16352K, capacity 16524K, committed 16640K, reserved 1064960K
  class space    used 1727K, capacity 1792K, committed 1792K, reserved 1048576K
}
Event: 13.402 GC heap before
{Heap before GC invocations=8 (full 1):
 PSYoungGen      total 115712K, used 109063K [0x00000000eb300000, 0x00000000f5380000, 0x0000000100000000)
  eden space 106496K, 94% used [0x00000000eb300000,0x00000000f14dff88,0x00000000f1b00000)
  from space 9216K, 95% used [0x00000000f4a80000,0x00000000f5321fe0,0x00000000f5380000)
  to   space 22016K, 0% used [0x00000000f2880000,0x00000000f2880000,0x00000000f3e00000)
 ParOldGen       total 60928K, used 17216K [0x00000000c1800000, 0x00000000c5380000, 0x00000000eb300000)
  object space 60928K, 28% used [0x00000000c1800000,0x00000000c28d0078,0x00000000c5380000)
 Metaspace       used 16353K, capacity 16524K, committed 16640K, reserved 1064960K
  class space    used 1727K, capacity 1792K, committed 1792K, reserved 1048576K
Event: 13.421 GC heap after
Heap after GC invocations=8 (full 1):
 PSYoungGen      total 142336K, used 15811K [0x00000000eb300000, 0x00000000f8600000, 0x0000000100000000)
  eden space 120320K, 0% used [0x00000000eb300000,0x00000000eb300000,0x00000000f2880000)
  from space 22016K, 71% used [0x00000000f2880000,0x00000000f37f0eb0,0x00000000f3e00000)
  to   space 23552K, 0% used [0x00000000f6f00000,0x00000000f6f00000,0x00000000f8600000)
 ParOldGen       total 60928K, used 34632K [0x00000000c1800000, 0x00000000c5380000, 0x00000000eb300000)
  object space 60928K, 56% used [0x00000000c1800000,0x00000000c39d2088,0x00000000c5380000)
 Metaspace       used 16353K, capacity 16524K, committed 16640K, reserved 1064960K
  class space    used 1727K, capacity 1792K, committed 1792K, reserved 1048576K
}
Event: 15.540 GC heap before
{Heap before GC invocations=9 (full 1):
 PSYoungGen      total 142336K, used 136131K [0x00000000eb300000, 0x00000000f8600000, 0x0000000100000000)
  eden space 120320K, 100% used [0x00000000eb300000,0x00000000f2880000,0x00000000f2880000)
  from space 22016K, 71% used [0x00000000f2880000,0x00000000f37f0eb0,0x00000000f3e00000)
  to   space 23552K, 0% used [0x00000000f6f00000,0x00000000f6f00000,0x00000000f8600000)
 ParOldGen       total 60928K, used 34632K [0x00000000c1800000, 0x00000000c5380000, 0x00000000eb300000)
  object space 60928K, 56% used [0x00000000c1800000,0x00000000c39d2088,0x00000000c5380000)
 Metaspace       used 16353K, capacity 16524K, committed 16640K, reserved 1064960K
  class space    used 1727K, capacity 1792K, committed 1792K, reserved 1048576K
Event: 15.569 GC heap after
Heap after GC invocations=9 (full 1):
 PSYoungGen      total 190464K, used 18192K [0x00000000eb300000, 0x00000000f9e00000, 0x0000000100000000)
  eden space 166912K, 0% used [0x00000000eb300000,0x00000000eb300000,0x00000000f5600000)
  from space 23552K, 77% used [0x00000000f6f00000,0x00000000f80c4188,0x00000000f8600000)
  to   space 25600K, 0% used [0x00000000f5600000,0x00000000f5600000,0x00000000f6f00000)
 ParOldGen       total 60928K, used 52785K [0x00000000c1800000, 0x00000000c5380000, 0x00000000eb300000)
  object space 60928K, 86% used [0x00000000c1800000,0x00000000c4b8c618,0x00000000c5380000)
 Metaspace       used 16353K, capacity 16524K, committed 16640K, reserved 1064960K
  class space    used 1727K, capacity 1792K, committed 1792K, reserved 1048576K
}
Event: 15.569 GC heap before
{Heap before GC invocations=10 (full 2):
 PSYoungGen      total 190464K, used 18192K [0x00000000eb300000, 0x00000000f9e00000, 0x0000000100000000)
  eden space 166912K, 0% used [0x00000000eb300000,0x00000000eb300000,0x00000000f5600000)
  from space 23552K, 77% used [0x00000000f6f00000,0x00000000f80c4188,0x00000000f8600000)
  to   space 25600K, 0% used [0x00000000f5600000,0x00000000f5600000,0x00000000f6f00000)
 ParOldGen       total 60928K, used 52785K [0x00000000c1800000, 0x00000000c5380000, 0x00000000eb300000)
  object space 60928K, 86% used [0x00000000c1800000,0x00000000c4b8c618,0x00000000c5380000)
 Metaspace       used 16353K, capacity 16524K, committed 16640K, reserved 1064960K
  class space    used 1727K, capacity 1792K, committed 1792K, reserved 1048576K
Event: 15.616 GC heap after
Heap after GC invocations=10 (full 2):
 PSYoungGen      total 190464K, used 0K [0x00000000eb300000, 0x00000000f9e00000, 0x0000000100000000)
  eden space 166912K, 0% used [0x00000000eb300000,0x00000000eb300000,0x00000000f5600000)
  from space 23552K, 0% used [0x00000000f6f00000,0x00000000f6f00000,0x00000000f8600000)
  to   space 25600K, 0% used [0x00000000f5600000,0x00000000f5600000,0x00000000f6f00000)
 ParOldGen       total 111616K, used 53485K [0x00000000c1800000, 0x00000000c8500000, 0x00000000eb300000)
  object space 111616K, 47% used [0x00000000c1800000,0x00000000c4c3b6e0,0x00000000c8500000)
 Metaspace       used 16353K, capacity 16524K, committed 16640K, reserved 1064960K
  class space    used 1727K, capacity 1792K, committed 1792K, reserved 1048576K
}
Event: 18.546 GC heap before
{Heap before GC invocations=11 (full 2):
 PSYoungGen      total 190464K, used 166912K [0x00000000eb300000, 0x00000000f9e00000, 0x0000000100000000)
  eden space 166912K, 100% used [0x00000000eb300000,0x00000000f5600000,0x00000000f5600000)
  from space 23552K, 0% used [0x00000000f6f00000,0x00000000f6f00000,0x00000000f8600000)
  to   space 25600K, 0% used [0x00000000f5600000,0x00000000f5600000,0x00000000f6f00000)
 ParOldGen       total 111616K, used 53485K [0x00000000c1800000, 0x00000000c8500000, 0x00000000eb300000)
  object space 111616K, 47% used [0x00000000c1800000,0x00000000c4c3b6e0,0x00000000c8500000)
 Metaspace       used 16709K, capacity 16876K, committed 17280K, reserved 1064960K
  class space    used 1751K, capacity 1824K, committed 1920K, reserved 1048576K
Event: 18.584 GC heap after
Heap after GC invocations=11 (full 2):
 PSYoungGen      total 192512K, used 19039K [0x00000000eb300000, 0x00000000fc680000, 0x0000000100000000)
  eden space 166912K, 0% used [0x00000000eb300000,0x00000000eb300000,0x00000000f5600000)
  from space 25600K, 74% used [0x00000000f5600000,0x00000000f6897f38,0x00000000f6f00000)
  to   space 27136K, 0% used [0x00000000fac00000,0x00000000fac00000,0x00000000fc680000)
 ParOldGen       total 111616K, used 53493K [0x00000000c1800000, 0x00000000c8500000, 0x00000000eb300000)
  object space 111616K, 47% used [0x00000000c1800000,0x00000000c4c3d6e0,0x00000000c8500000)
 Metaspace       used 16709K, capacity 16876K, committed 17280K, reserved 1064960K
  class space    used 1751K, capacity 1824K, committed 1920K, reserved 1048576K
}

Deoptimization events (10 events):
Event: 18.349 Thread 0x00000000591d7800 Uncommon trap: reason=unstable_if action=reinterpret pc=0x0000000002b1c2bc method=image.filter.BGEraserFilter.filterPixels(II[ILjava/awt/Rectangle;)[I @ 96
Event: 19.698 Thread 0x00000000591d7800 Uncommon trap: reason=unstable_if action=reinterpret pc=0x0000000002aff95c method=java.awt.image.ComponentColorModel.getRGB(Ljava/lang/Object;)I @ 4
Event: 19.698 Thread 0x00000000591d7800 Uncommon trap: reason=unstable_if action=reinterpret pc=0x0000000002afe100 method=java.awt.image.ComponentColorModel.getAlpha(Ljava/lang/Object;)I @ 4
Event: 19.698 Thread 0x00000000591d7800 Uncommon trap: reason=unstable_if action=reinterpret pc=0x0000000002afcf08 method=java.awt.image.ComponentColorModel.extractComponent(Ljava/lang/Object;II)I @ 4
Event: 20.539 Thread 0x00000000591d7800 Uncommon trap: reason=unstable_if action=reinterpret pc=0x0000000002c41044 method=java.lang.Math.round(F)I @ 36
Event: 20.667 Thread 0x00000000591d7800 Uncommon trap: reason=unstable_if action=reinterpret pc=0x0000000002cbaa50 method=ds.lst.CleanList$ListIterator.hasNext()Z @ 39
Event: 20.667 Thread 0x00000000591d7800 Uncommon trap: reason=unstable_if action=reinterpret pc=0x0000000002cba728 method=ds.lst.CleanList$ListIterator.checkNotDone()Z @ 21
Event: 21.052 Thread 0x00000000591d7800 Uncommon trap: reason=unstable_if action=reinterpret pc=0x0000000002baeefc method=java.io.BufferedReader.readLine(Z)Ljava/lang/String; @ 192
Event: 24.004 Thread 0x00000000591d7800 Uncommon trap: reason=unstable_if action=reinterpret pc=0x0000000002c7c498 method=functions.MathExt.contain(FFF)F @ 3
Event: 24.237 Thread 0x00000000591d7800 Uncommon trap: reason=unstable_if action=reinterpret pc=0x0000000002ca4a68 method=java.lang.StrictMath.floorOrCeil(DDDD)D @ 115

Internal exceptions (10 events):
Event: 0.242 Thread 0x000000000015e800 Exception <a 'java/security/PrivilegedActionException'> (0x00000000eb45dae0) thrown at [C:\re\workspace\8-2-build-windows-amd64-cygwin\jdk8u45\3627\hotspot\src\share\vm\prims\jvm.cpp, line 1382]
Event: 0.242 Thread 0x000000000015e800 Exception <a 'java/security/PrivilegedActionException'> (0x00000000eb45dc98) thrown at [C:\re\workspace\8-2-build-windows-amd64-cygwin\jdk8u45\3627\hotspot\src\share\vm\prims\jvm.cpp, line 1382]
Event: 0.244 Thread 0x000000000015e800 Exception <a 'java/security/PrivilegedActionException'> (0x00000000eb461790) thrown at [C:\re\workspace\8-2-build-windows-amd64-cygwin\jdk8u45\3627\hotspot\src\share\vm\prims\jvm.cpp, line 1382]
Event: 0.244 Thread 0x000000000015e800 Exception <a 'java/security/PrivilegedActionException'> (0x00000000eb461948) thrown at [C:\re\workspace\8-2-build-windows-amd64-cygwin\jdk8u45\3627\hotspot\src\share\vm\prims\jvm.cpp, line 1382]
Event: 0.252 Thread 0x000000000015e800 Exception <a 'java/io/FileNotFoundException'> (0x00000000eb463c98) thrown at [C:\re\workspace\8-2-build-windows-amd64-cygwin\jdk8u45\3627\hotspot\src\share\vm\prims\jni.cpp, line 709]
Event: 0.308 Thread 0x000000000015e800 Exception <a 'java/io/FileNotFoundException'> (0x00000000eb483b10) thrown at [C:\re\workspace\8-2-build-windows-amd64-cygwin\jdk8u45\3627\hotspot\src\share\vm\prims\jni.cpp, line 709]
Event: 0.412 Thread 0x000000000015e800 Exception <a 'java/lang/NoSuchFieldError': method resolution failed> (0x00000000eb5589b8) thrown at [C:\re\workspace\8-2-build-windows-amd64-cygwin\jdk8u45\3627\hotspot\src\share\vm\prims\methodHandles.cpp, line 1125]
Event: 0.428 Thread 0x000000000015e800 Exception <a 'java/lang/NoSuchFieldError': method resolution failed> (0x00000000eb5673f8) thrown at [C:\re\workspace\8-2-build-windows-amd64-cygwin\jdk8u45\3627\hotspot\src\share\vm\prims\methodHandles.cpp, line 1125]
Event: 6.420 Thread 0x000000000015e800 Exception <a 'java/lang/InterruptedException'> (0x00000000ebf2a0e8) thrown at [C:\re\workspace\8-2-build-windows-amd64-cygwin\jdk8u45\3627\hotspot\src\share\vm\runtime\objectMonitor.cpp, line 1683]
Event: 6.680 Thread 0x000000000015e800 Exception <a 'java/lang/reflect/InvocationTargetException'> (0x00000000ec157058) thrown at [C:\re\workspace\8-2-build-windows-amd64-cygwin\jdk8u45\3627\hotspot\src\share\vm\runtime\reflection.cpp, line 1080]

Events (10 events):
Event: 24.220 loading class com/jogamp/opengl/glu/gl2/GLUgl2$1 done
Event: 24.221 loading class jogamp/opengl/gl2/ProjectDouble
Event: 24.221 loading class jogamp/opengl/gl2/ProjectDouble done
Event: 24.222 loading class java/nio/DirectDoubleBufferU
Event: 24.223 loading class java/nio/DirectDoubleBufferU done
Event: 24.223 Executing VM operation: Deoptimize
Event: 24.223 Executing VM operation: Deoptimize done
Event: 24.237 Thread 0x00000000591d7800 Uncommon trap: trap_request=0xffffff65 fr.pc=0x0000000002ca4a68
Event: 24.237 Thread 0x00000000591d7800 DEOPT PACKING pc=0x0000000002ca4a68 sp=0x0000000059cdcd60
Event: 24.237 Thread 0x00000000591d7800 DEOPT UNPACKING pc=0x000000000272556a sp=0x0000000059cdcce0 mode 2


Dynamic libraries:
0x000000013fd90000 - 0x000000013fdc7000 	C:\Program Files\Java\jre1.8.0_45\bin\javaw.exe
0x00000000772f0000 - 0x0000000077499000 	C:\Windows\SYSTEM32\ntdll.dll
0x00000000771d0000 - 0x00000000772ef000 	C:\Windows\system32\kernel32.dll
0x000007fefd460000 - 0x000007fefd4cc000 	C:\Windows\system32\KERNELBASE.dll
0x000007fefe740000 - 0x000007fefe81b000 	C:\Windows\system32\ADVAPI32.dll
0x000007fefe410000 - 0x000007fefe4af000 	C:\Windows\system32\msvcrt.dll
0x000007fefe5b0000 - 0x000007fefe5cf000 	C:\Windows\SYSTEM32\sechost.dll
0x000007fefd7b0000 - 0x000007fefd8dd000 	C:\Windows\system32\RPCRT4.dll
0x00000000770d0000 - 0x00000000771ca000 	C:\Windows\system32\USER32.dll
0x000007fefe360000 - 0x000007fefe3c7000 	C:\Windows\system32\GDI32.dll
0x000007fefe5a0000 - 0x000007fefe5ae000 	C:\Windows\system32\LPK.dll
0x000007fefe4b0000 - 0x000007fefe579000 	C:\Windows\system32\USP10.dll
0x000007fefbb30000 - 0x000007fefbd24000 	C:\Windows\WinSxS\amd64_microsoft.windows.common-controls_6595b64144ccf1df_6.0.7601.17514_none_fa396087175ac9ac\COMCTL32.dll
0x000007fefdaf0000 - 0x000007fefdb61000 	C:\Windows\system32\SHLWAPI.dll
0x000007fefe3d0000 - 0x000007fefe3fe000 	C:\Windows\system32\IMM32.DLL
0x000007fefe5d0000 - 0x000007fefe6d9000 	C:\Windows\system32\MSCTF.dll
0x000000006ee40000 - 0x000000006ef12000 	C:\Program Files\Java\jre1.8.0_45\bin\msvcr100.dll
0x000000006ef20000 - 0x000000006f7a3000 	C:\Program Files\Java\jre1.8.0_45\bin\server\jvm.dll
0x000007fef6160000 - 0x000007fef6169000 	C:\Windows\system32\WSOCK32.dll
0x000007feff5b0000 - 0x000007feff5fd000 	C:\Windows\system32\WS2_32.dll
0x000007fefe400000 - 0x000007fefe408000 	C:\Windows\system32\NSI.dll
0x000007fef8b40000 - 0x000007fef8b7b000 	C:\Windows\system32\WINMM.dll
0x000007fefc1c0000 - 0x000007fefc1cc000 	C:\Windows\system32\VERSION.dll
0x00000000774c0000 - 0x00000000774c7000 	C:\Windows\system32\PSAPI.DLL
0x0000000074aa0000 - 0x0000000074aaf000 	C:\Program Files\Java\jre1.8.0_45\bin\verify.dll
0x00000000749a0000 - 0x00000000749c9000 	C:\Program Files\Java\jre1.8.0_45\bin\java.dll
0x0000000074980000 - 0x0000000074996000 	C:\Program Files\Java\jre1.8.0_45\bin\zip.dll
0x000007fefe820000 - 0x000007feff5a8000 	C:\Windows\system32\SHELL32.dll
0x000007fefd8e0000 - 0x000007fefdae3000 	C:\Windows\system32\ole32.dll
0x000007fefd120000 - 0x000007fefd12f000 	C:\Windows\system32\profapi.dll
0x000000006e940000 - 0x000000006ead8000 	C:\Program Files\Java\jre1.8.0_45\bin\awt.dll
0x000007fefdb70000 - 0x000007fefdc47000 	C:\Windows\system32\OLEAUT32.dll
0x000007fefb100000 - 0x000007fefb118000 	C:\Windows\system32\DWMAPI.DLL
0x000007fefb6f0000 - 0x000007fefb746000 	C:\Windows\system32\uxtheme.dll
0x000007fefcfc0000 - 0x000007fefcfcf000 	C:\Windows\system32\CRYPTBASE.dll
0x000007fee7b00000 - 0x000007fee7cff000 	C:\Windows\system32\d3d9.dll
0x000007fefaea0000 - 0x000007fefaea7000 	C:\Windows\system32\d3d8thk.dll
0x000007fef68a0000 - 0x000007fef68ad000 	C:\Windows\system32\atiu9p64.dll
0x0000000065bc0000 - 0x0000000065ff7000 	C:\Windows\system32\atiumd64.dll
0x0000000064ba0000 - 0x0000000064e11000 	C:\Windows\system32\atiumd6a.dll
0x0000000074850000 - 0x0000000074897000 	C:\Program Files\Java\jre1.8.0_45\bin\fontmanager.dll
0x000007fefd4e0000 - 0x000007fefd579000 	C:\Windows\system32\CLBCatQ.DLL
0x000007fefc920000 - 0x000007fefc937000 	C:\Windows\system32\CRYPTSP.dll
0x000007fefc620000 - 0x000007fefc667000 	C:\Windows\system32\rsaenh.dll
0x000007fefd160000 - 0x000007fefd17e000 	C:\Windows\system32\USERENV.dll
0x0000000074960000 - 0x000000007497a000 	C:\Program Files\Java\jre1.8.0_45\bin\net.dll
0x000007fefc8c0000 - 0x000007fefc915000 	C:\Windows\system32\mswsock.dll
0x000007fefc8b0000 - 0x000007fefc8b7000 	C:\Windows\System32\wship6.dll
0x000007fefaec0000 - 0x000007fefaee7000 	C:\Windows\system32\IPHLPAPI.DLL
0x000007fefae70000 - 0x000007fefae7b000 	C:\Windows\system32\WINNSI.DLL
0x000007fefacb0000 - 0x000007fefacc8000 	C:\Windows\system32\dhcpcsvc.DLL
0x000007fefabb0000 - 0x000007fefabc1000 	C:\Windows\system32\dhcpcsvc6.DLL
0x0000000074940000 - 0x0000000074951000 	C:\Program Files\Java\jre1.8.0_45\bin\nio.dll
0x000007fefcf20000 - 0x000007fefcf77000 	C:\Windows\system32\apphelp.dll
0x00000000637c0000 - 0x00000000637cd000 	C:\Users\Ryan\AppData\Local\Temp\jogamp_0000\file_cache\jln1006548126912535175\jln6729488338511202575\gluegen-rt.dll
0x0000000074920000 - 0x0000000074927000 	C:\Program Files\Java\jre1.8.0_45\bin\jawt.dll
0x000000006a440000 - 0x000000006a44d000 	C:\Users\Ryan\AppData\Local\Temp\jogamp_0000\file_cache\jln1006548126912535175\jln6729488338511202575\nativewindow_awt.dll
0x000000006c100000 - 0x000000006c10f000 	C:\Users\Ryan\AppData\Local\Temp\jogamp_0000\file_cache\jln1006548126912535175\jln6729488338511202575\nativewindow_win32.dll
0x000007feeca80000 - 0x000007feecb9d000 	C:\Windows\system32\OpenGL32.dll
0x000007fef6580000 - 0x000007fef65ad000 	C:\Windows\system32\GLU32.dll
0x000007fee7a00000 - 0x000007fee7af1000 	C:\Windows\system32\DDRAW.dll
0x000007fef6890000 - 0x000007fef6898000 	C:\Windows\system32\DCIMAN32.dll
0x000007fefded0000 - 0x000007fefe0a7000 	C:\Windows\system32\SETUPAPI.dll
0x000007fefd420000 - 0x000007fefd456000 	C:\Windows\system32\CFGMGR32.dll
0x000007fefd140000 - 0x000007fefd15a000 	C:\Windows\system32\DEVOBJ.dll
0x0000000064500000 - 0x00000000645ae000 	C:\Users\Ryan\AppData\Local\Temp\jogamp_0000\file_cache\jln1006548126912535175\jln6729488338511202575\jogl_desktop.dll
0x0000000064340000 - 0x00000000643a0000 	C:\Users\Ryan\AppData\Local\Temp\jogamp_0000\file_cache\jln1006548126912535175\jln6729488338511202575\jogl_mobile.dll
0x000007fef6740000 - 0x000007fef6748000 	C:\Windows\system32\atig6pxx.dll
0x0000000069030000 - 0x0000000069ff6000 	C:\Windows\system32\atio6axx.dll
0x000007fef66a0000 - 0x000007fef66a9000 	C:\Windows\system32\atig6txx.dll
0x0000000180000000 - 0x0000000180049000 	C:\Windows\system32\atiadlxx.dll
0x000007fefd180000 - 0x000007fefd1ba000 	C:\Windows\system32\WINTRUST.dll
0x000007fefd2b0000 - 0x000007fefd41c000 	C:\Windows\system32\CRYPT32.dll
0x000007fefd130000 - 0x000007fefd13f000 	C:\Windows\system32\MSASN1.dll
0x000000006b600000 - 0x000000006b658000 	C:\Users\Ryan\AppData\Local\Temp\jogamp_0000\file_cache\jln1006548126912535175\jln6729488338511202575\soft_oal.dll
0x00000000680c0000 - 0x00000000680d6000 	C:\Users\Ryan\AppData\Local\Temp\jogamp_0000\file_cache\jln1006548126912535175\jln6729488338511202575\joal.dll
0x000007fefb8b0000 - 0x000007fefb8fb000 	C:\Windows\System32\MMDevApi.dll
0x000007fefb750000 - 0x000007fefb87c000 	C:\Windows\System32\PROPSYS.dll
0x000007feece80000 - 0x000007feecf08000 	C:\Windows\system32\dsound.dll
0x000007fefc1d0000 - 0x000007fefc1fc000 	C:\Windows\system32\POWRPROF.dll
0x000007fef8500000 - 0x000007fef854f000 	C:\Windows\system32\AUDIOSES.DLL
0x00000000748b0000 - 0x00000000748e1000 	C:\Program Files\Java\jre1.8.0_45\bin\jpeg.dll
0x00000000747c0000 - 0x00000000747fd000 	C:\Program Files\Java\jre1.8.0_45\bin\lcms.dll
0x000007fef0660000 - 0x000007fef0785000 	C:\Windows\system32\dbghelp.dll

VM Arguments:
jvm_args: -Djava.library.path=C:\Users\Ryan\Desktop\jogamp-all-platforms\lib;C:\Users\Ryan\Desktop\jogamp-all-platforms\lib\windows-i586;C:\Users\Ryan\Desktop\jogamp-all-platforms\lib\windows-i586;C:\Users\Ryan\Desktop\jogamp-all-platforms;C:\Users\Ryan\Desktop\Ghost4J\lib -Dfile.encoding=Cp1252 
java_command: cont.GameController
java_class_path (initial): C:\Users\Ryan\Desktop\j-ogg\build\lib\j-ogg-all.jar;C:\Users\Ryan\Desktop\jogamp-all-platforms\jar\gluegen-rt.jar;C:\Users\Ryan\Desktop\jogamp-all-platforms\jar\jogl-all.jar;C:\Users\Ryan\Desktop\jogamp-all-platforms\jar\joal.jar;C:\Users\Ryan\Desktop\Ghost4J\ghost4j-1.0.0.jar;C:\Users\Ryan\Documents\newWorkspace\JavaGame\bin
Launcher Type: SUN_STANDARD

Environment Variables:
CLASSPATH=.;C:\Program Files (x86)\Java\jre7\lib\ext\QTJava.zip
PATH=C:/Program Files/Java/jre1.8.0_45/bin/server;C:/Program Files/Java/jre1.8.0_45/bin;C:/Program Files/Java/jre1.8.0_45/lib/amd64;C:\Windows\system32;C:\Windows;C:\Windows\system32\wbem;C:\ProgramData\Oracle\Java\javapath;C:\Program Files (x86)\AMD APP\bin\x86_64;C:\Program Files (x86)\AMD APP\bin\x86;C:\Program Files\Common Files\Microsoft Shared\Windows Live;C:\Program Files (x86)\PC Connectivity Solution;C:\Windows\System32\WindowsPowerShell\v1.0;C:\Program Files (x86)\ATI Technologies\ATI.ACE\Core-Static;C:\Program Files (x86)\Common Files\Lenovo;C:\Program Files (x86)\Common Files\Roxio Shared\10.0\DLLShared;C:\Program Files (x86)\Common Files\Roxio Shared\DLLShared;C:\Program Files (x86)\Lenovo\Access Connections;c:\Program Files (x86)\Microsoft SQL Server\90\Tools\binn;c:\Program Files (x86)\Microsoft SQL Server\100\Tools\Binn;c:\Program Files\Microsoft SQL Server\100\Tools\Binn;c:\Program Files\Microsoft SQL Server\100\DTS\Binn;C:\Program Files (x86)\Common Files\Teleca Shared;C:\Program Files (x86)\QuickTime\QTSystem;C:\Windows\System32\WindowsPowerShell\v1.0;C:\Program Files (x86)\Java\jre7\bin;C:\Program Files (x86)\PharosSystems\Core;C:\Program Files (x86)\nodejs;C:\Program Files (x86)\Skype\Phone;C:\Program Files\MATLAB\R2015a\runtime\win64;C:\Program Files\MATLAB\R2015a\bin;C:\Program Files\Common Files\Microsoft Shared\Windows Live;C:\MinGW\bin;C:\MinGW\msys\1.0\bin;C:\Users\Ryan\AppData\Roaming\npm;C:\Users\Ryan\Desktop\Java Development;
USERNAME=Ryan
OS=Windows_NT
PROCESSOR_IDENTIFIER=Intel64 Family 6 Model 23 Stepping 10, GenuineIntel



---------------  S Y S T E M  ---------------

OS: Windows 7 , 64 bit Build 7601 (6.1.7601.18409)

CPU:total 2 (2 cores per cpu, 1 threads per core) family 6 model 23 stepping 10, cmov, cx8, fxsr, mmx, sse, sse2, sse3, ssse3, sse4.1, tsc

Memory: 4k page, physical 4087836k(720912k free), swap 8173808k(2312504k free)

vm_info: Java HotSpot(TM) 64-Bit Server VM (25.45-b02) for windows-amd64 JRE (1.8.0_45-b15), built on Apr 30 2015 12:40:44 by "java_re" with MS VC++ 10.0 (VS2010)

time: Sun Sep 27 11:36:49 2015
elapsed time: 24 seconds (0d 0h 0m 24s)

