#
# A fatal error has been detected by the Java Runtime Environment:
#
#  EXCEPTION_ACCESS_VIOLATION (0xc0000005) at pc=0x000000005a5d7900, pid=2972, tid=5108
#
# JRE version: Java(TM) SE Runtime Environment (8.0_45-b15) (build 1.8.0_45-b15)
# Java VM: Java HotSpot(TM) 64-Bit Server VM (25.45-b02 mixed mode windows-amd64 compressed oops)
# Problematic frame:
# C  [atio6axx.dll+0x2d7900]
#
# Failed to write core dump. Minidumps are not enabled by default on client versions of Windows
#
# If you would like to submit a bug report, please visit:
#   http://bugreport.java.com/bugreport/crash.jsp
# The crash happened outside the Java Virtual Machine in native code.
# See problematic frame for where to report the bug.
#

---------------  T H R E A D  ---------------

Current thread (0x0000000058f21000):  JavaThread "AWT-EventQueue-0" [_thread_in_native, id=5108, stack(0x0000000058370000,0x0000000058470000)]

siginfo: ExceptionCode=0xc0000005, reading address 0x0000000000000000

Registers:
RAX=0x0000000000000000, RBX=0x0000000000000000, RCX=0x000000005bc6a550, RDX=0x0000000000000000
RSP=0x000000005846c540, RBP=0x0000000000002700, RSI=0x0000000000000003, RDI=0x0000000000000001
R8 =0x000000005bc6cc50, R9 =0xffffffffa4395ab0, R10=0x000000005bc6a550, R11=0x000000005bc6a56c
R12=0x0000000000000270, R13=0x0000000000000010, R14=0x000000005b7624d0, R15=0x000000005b760a00
RIP=0x000000005a5d7900, EFLAGS=0x0000000000010283

Top of Stack: (sp=0x000000005846c540)
0x000000005846c540:   0000000001fac240 000000000000001b
0x000000005846c550:   0000000000000000 0000000058f21000
0x000000005846c560:   00000000564f1590 00000000561cc7e0
0x000000005846c570:   0000000000000001 0000000064b128e1
0x000000005846c580:   00000000000000d8 000000005846d8f8
0x000000005846c590:   0000f936fe5601a0 00000000542166d0
0x000000005846c5a0:   0000000000000000 0000000064b12bef
0x000000005846c5b0:   000000005846c770 00000000542166d0
0x000000005846c5c0:   0000000058f21000 0000000064af0a10
0x000000005846c5d0:   000000005846c689 0000000064c0b3e2
0x000000005846c5e0:   000000005846c7f0 0000000058f21000
0x000000005846c5f0:   000000005846c710 000000000000000b
0x000000005846c600:   0000000058f1a840 0000000064af1f8f
0x000000005846c610:   0000000000000000 000000005846c689
0x000000005846c620:   000000005618cfa0 00000000561cc828
0x000000005846c630:   0000000058f21000 000007fefd911300 

Instructions: (pc=0x000000005a5d7900)
0x000000005a5d78e0:   5a 1c 49 8b ca 44 8b c5 8b dd 83 e3 03 44 2b c3
0x000000005a5d78f0:   4d 03 c2 4d 3b d8 73 4a 4c 8b ca 4d 2b ca 66 90
0x000000005a5d7900:   8b 02 48 83 c1 20 48 83 c2 20 89 41 e0 42 8b 44
0x000000005a5d7910:   09 e4 89 41 e4 8b 42 e8 89 41 e8 8b 42 ec 89 41 


Register to memory mapping:

RAX=0x0000000000000000 is an unknown value
RBX=0x0000000000000000 is an unknown value
RCX=0x000000005bc6a550 is an unknown value
RDX=0x0000000000000000 is an unknown value
RSP=0x000000005846c540 is pointing into the stack for thread: 0x0000000058f21000
RBP=0x0000000000002700 is an unknown value
RSI=0x0000000000000003 is an unknown value
RDI=0x0000000000000001 is an unknown value
R8 =0x000000005bc6cc50 is an unknown value
R9 =0xffffffffa4395ab0 is an unknown value
R10=0x000000005bc6a550 is an unknown value
R11=0x000000005bc6a56c is an unknown value
R12=0x0000000000000270 is an unknown value
R13=0x0000000000000010 is an unknown value
R14=0x000000005b7624d0 is an unknown value
R15=0x000000005b760a00 is an unknown value


Stack: [0x0000000058370000,0x0000000058470000],  sp=0x000000005846c540,  free space=1009k
Native frames: (J=compiled Java code, j=interpreted, Vv=VM code, C=native code)
C  [atio6axx.dll+0x2d7900]
C  [atio6axx.dll+0x2d5dd7]
C  [atio6axx.dll+0x277b2b]
C  [atio6axx.dll+0x40540b]
C  0x0000000002603874

Java frames: (J=compiled Java code, j=interpreted, Vv=VM code)
j  jogamp.opengl.gl4.GL4bcImpl.dispatch_glDrawArrays1(IIIJ)V+0
j  jogamp.opengl.gl4.GL4bcImpl.glDrawArrays(III)V+45
j  resource.model.Model.drawFast()V+112
j  object.environment.BlockTerrain$Section.draw(FF)V+32
j  object.environment.BlockTerrain$Chunk.draw()V+55
j  object.environment.BlockTerrain.draw()V+34
j  object.primitive.Drawable.draw3D()V+166
j  gfx.Camera.renderAll()V+58
j  gfx.GOGL$1.display(Lcom/jogamp/opengl/GLAutoDrawable;)V+34
j  jogamp.opengl.GLDrawableHelper.displayImpl(Lcom/jogamp/opengl/GLAutoDrawable;)V+81
j  jogamp.opengl.GLDrawableHelper.display(Lcom/jogamp/opengl/GLAutoDrawable;)V+2
j  com.jogamp.opengl.awt.GLCanvas$11.run()V+118
j  jogamp.opengl.GLDrawableHelper.invokeGLImpl(Lcom/jogamp/opengl/GLDrawable;Lcom/jogamp/opengl/GLContext;Ljava/lang/Runnable;Ljava/lang/Runnable;)V+203
j  jogamp.opengl.GLDrawableHelper.invokeGL(Lcom/jogamp/opengl/GLDrawable;Lcom/jogamp/opengl/GLContext;Ljava/lang/Runnable;Ljava/lang/Runnable;)V+72
j  com.jogamp.opengl.awt.GLCanvas$12.run()V+104
j  com.jogamp.opengl.Threading.invoke(ZLjava/lang/Runnable;Ljava/lang/Object;)V+27
j  com.jogamp.opengl.awt.GLCanvas.display()V+64
j  com.jogamp.opengl.awt.GLCanvas.paint(Ljava/awt/Graphics;)V+137
j  sun.awt.RepaintArea.paintComponent(Ljava/awt/Component;Ljava/awt/Graphics;)V+6
j  sun.awt.RepaintArea.paint(Ljava/lang/Object;Z)V+326
j  sun.awt.windows.WComponentPeer.handleEvent(Ljava/awt/AWTEvent;)V+155
j  java.awt.Component.dispatchEventImpl(Ljava/awt/AWTEvent;)V+877
j  java.awt.Component.dispatchEvent(Ljava/awt/AWTEvent;)V+2
j  java.awt.EventQueue.dispatchEventImpl(Ljava/awt/AWTEvent;Ljava/lang/Object;)V+41
j  java.awt.EventQueue.access$500(Ljava/awt/EventQueue;Ljava/awt/AWTEvent;Ljava/lang/Object;)V+3
j  java.awt.EventQueue$3.run()Ljava/lang/Void;+32
j  java.awt.EventQueue$3.run()Ljava/lang/Object;+1
v  ~StubRoutines::call_stub
j  java.security.AccessController.doPrivileged(Ljava/security/PrivilegedAction;Ljava/security/AccessControlContext;)Ljava/lang/Object;+0
j  java.security.ProtectionDomain$1.doIntersectionPrivilege(Ljava/security/PrivilegedAction;Ljava/security/AccessControlContext;Ljava/security/AccessControlContext;)Ljava/lang/Object;+28
j  java.security.ProtectionDomain$1.doIntersectionPrivilege(Ljava/security/PrivilegedAction;Ljava/security/AccessControlContext;)Ljava/lang/Object;+6
j  java.awt.EventQueue$4.run()Ljava/lang/Void;+11
j  java.awt.EventQueue$4.run()Ljava/lang/Object;+1
v  ~StubRoutines::call_stub
j  java.security.AccessController.doPrivileged(Ljava/security/PrivilegedAction;Ljava/security/AccessControlContext;)Ljava/lang/Object;+0
j  java.security.ProtectionDomain$1.doIntersectionPrivilege(Ljava/security/PrivilegedAction;Ljava/security/AccessControlContext;Ljava/security/AccessControlContext;)Ljava/lang/Object;+28
j  java.awt.EventQueue.dispatchEvent(Ljava/awt/AWTEvent;)V+73
j  java.awt.EventDispatchThread.pumpOneEventForFilters(I)V+245
j  java.awt.EventDispatchThread.pumpEventsForFilter(ILjava/awt/Conditional;Ljava/awt/EventFilter;)V+35
j  java.awt.EventDispatchThread.pumpEventsForHierarchy(ILjava/awt/Conditional;Ljava/awt/Component;)V+11
j  java.awt.EventDispatchThread.pumpEvents(ILjava/awt/Conditional;)V+4
j  java.awt.EventDispatchThread.pumpEvents(Ljava/awt/Conditional;)V+3
j  java.awt.EventDispatchThread.run()V+9
v  ~StubRoutines::call_stub

---------------  P R O C E S S  ---------------

Java Threads: ( => current thread )
  0x0000000001fae800 JavaThread "DestroyJavaVM" [_thread_blocked, id=1144, stack(0x0000000002220000,0x0000000002320000)]
  0x0000000056438800 JavaThread "Thread-4" [_thread_blocked, id=2672, stack(0x000000005c2a0000,0x000000005c3a0000)]
  0x00000000592f8800 JavaThread "D3D Screen Updater" daemon [_thread_blocked, id=4996, stack(0x000000005bb50000,0x000000005bc50000)]
  0x00000000590d5800 JavaThread "main-SharedResourceRunner" daemon [_thread_blocked, id=2184, stack(0x000000005a000000,0x000000005a100000)]
=>0x0000000058f21000 JavaThread "AWT-EventQueue-0" [_thread_in_native, id=5108, stack(0x0000000058370000,0x0000000058470000)]
  0x00000000564f5000 JavaThread "AWT-Windows" daemon [_thread_in_native, id=4784, stack(0x0000000055df0000,0x0000000055ef0000)]
  0x00000000564f0800 JavaThread "AWT-Shutdown" [_thread_blocked, id=4400, stack(0x00000000568b0000,0x00000000569b0000)]
  0x00000000564ef800 JavaThread "Java2D Disposer" daemon [_thread_blocked, id=1240, stack(0x00000000566b0000,0x00000000567b0000)]
  0x0000000054bf8800 JavaThread "Service Thread" daemon [_thread_blocked, id=4480, stack(0x0000000055bb0000,0x0000000055cb0000)]
  0x0000000054bf5800 JavaThread "C1 CompilerThread1" daemon [_thread_blocked, id=4776, stack(0x0000000055f10000,0x0000000056010000)]
  0x0000000054b9b000 JavaThread "C2 CompilerThread0" daemon [_thread_blocked, id=856, stack(0x0000000055ce0000,0x0000000055de0000)]
  0x0000000054b99800 JavaThread "Attach Listener" daemon [_thread_blocked, id=2784, stack(0x00000000556b0000,0x00000000557b0000)]
  0x0000000054b98800 JavaThread "Signal Dispatcher" daemon [_thread_blocked, id=1400, stack(0x0000000055a40000,0x0000000055b40000)]
  0x0000000054b3c000 JavaThread "Finalizer" daemon [_thread_blocked, id=3436, stack(0x00000000554a0000,0x00000000555a0000)]
  0x0000000054b35000 JavaThread "Reference Handler" daemon [_thread_blocked, id=3744, stack(0x0000000055850000,0x0000000055950000)]

Other Threads:
  0x0000000054b2d000 VMThread [stack: 0x00000000555a0000,0x00000000556a0000] [id=4528]
  0x0000000054bf9800 WatcherThread [stack: 0x0000000056020000,0x0000000056120000] [id=4556]

VM state:not at safepoint (normal execution)

VM Mutex/Monitor currently owned by a thread: None

Heap:
 PSYoungGen      total 170496K, used 141077K [0x00000000eb300000, 0x00000000f9c80000, 0x0000000100000000)
  eden space 154112K, 91% used [0x00000000eb300000,0x00000000f3cc5600,0x00000000f4980000)
  from space 16384K, 0% used [0x00000000f4980000,0x00000000f4980000,0x00000000f5980000)
  to   space 16896K, 0% used [0x00000000f8c00000,0x00000000f8c00000,0x00000000f9c80000)
 ParOldGen       total 135680K, used 71621K [0x00000000c1800000, 0x00000000c9c80000, 0x00000000eb300000)
  object space 135680K, 52% used [0x00000000c1800000,0x00000000c5df15d8,0x00000000c9c80000)
 Metaspace       used 17458K, capacity 17676K, committed 17792K, reserved 1064960K
  class space    used 1817K, capacity 1920K, committed 1920K, reserved 1048576K

Card table byte_map: [0x00000000119b0000,0x0000000011bb0000] byte_map_base: 0x00000000113a4000

Marking Bits: (ParMarkBitMap*) 0x00000000650e4040
 Begin Bits: [0x00000000120c0000, 0x0000000013060000)
 End Bits:   [0x0000000013060000, 0x0000000014000000)

Polling page: 0x0000000000090000

CodeCache: size=245760Kb used=6192Kb max_used=6192Kb free=239567Kb
 bounds [0x00000000025f0000, 0x0000000002c10000, 0x00000000115f0000]
 total_blobs=2513 nmethods=1601 adapters=827
 compilation: enabled

Compilation events (10 events):
Event: 21.600 Thread 0x0000000054bf5800 1680       3       jogamp.opengl.gl4.GL4bcImpl::glTexCoord2fv (101 bytes)
Event: 21.602 Thread 0x0000000054b9b000 nmethod 1659 0x0000000002873fd0 code [0x0000000002874140, 0x0000000002874438]
Event: 21.602 Thread 0x0000000054b9b000 1679       4       datatypes.vec::<init> (37 bytes)
Event: 21.602 Thread 0x0000000054bf5800 nmethod 1680 0x00000000028b3dd0 code [0x00000000028b40e0, 0x00000000028b5858]
Event: 21.602 Thread 0x0000000054bf5800 1682       3       jogamp.opengl.gl4.GL4bcImpl::glNormal3fv (101 bytes)
Event: 21.604 Thread 0x0000000054bf5800 nmethod 1682 0x0000000002c02390 code [0x0000000002c026a0, 0x0000000002c03e18]
Event: 21.604 Thread 0x0000000054b9b000 nmethod 1679 0x00000000028b2190 code [0x00000000028b22e0, 0x00000000028b2438]
Event: 21.604 Thread 0x0000000054b9b000 1674       4       datatypes.mat4::get (37 bytes)
Event: 21.607 Thread 0x0000000054b9b000 nmethod 1674 0x00000000028ad010 code [0x00000000028ad160, 0x00000000028ad2d8]
Event: 21.607 Thread 0x0000000054b9b000 1686       4       resource.model.Model::mult (73 bytes)

GC Heap History (10 events):
Event: 12.241 GC heap before
{Heap before GC invocations=10 (full 1):
 PSYoungGen      total 117760K, used 112576K [0x00000000eb300000, 0x00000000f4100000, 0x0000000100000000)
  eden space 110592K, 95% used [0x00000000eb300000,0x00000000f19f43c8,0x00000000f1f00000)
  from space 7168K, 99% used [0x00000000f3a00000,0x00000000f40fbcc8,0x00000000f4100000)
  to   space 14848K, 0% used [0x00000000f2400000,0x00000000f2400000,0x00000000f3280000)
 ParOldGen       total 56320K, used 34829K [0x00000000c1800000, 0x00000000c4f00000, 0x00000000eb300000)
  object space 56320K, 61% used [0x00000000c1800000,0x00000000c3a037a8,0x00000000c4f00000)
 Metaspace       used 16359K, capacity 16524K, committed 16640K, reserved 1064960K
  class space    used 1729K, capacity 1792K, committed 1792K, reserved 1048576K
Event: 12.268 GC heap after
Heap after GC invocations=10 (full 1):
 PSYoungGen      total 130560K, used 9167K [0x00000000eb300000, 0x00000000f6a80000, 0x0000000100000000)
  eden space 115712K, 0% used [0x00000000eb300000,0x00000000eb300000,0x00000000f2400000)
  from space 14848K, 61% used [0x00000000f2400000,0x00000000f2cf3c78,0x00000000f3280000)
  to   space 15360K, 0% used [0x00000000f5b80000,0x00000000f5b80000,0x00000000f6a80000)
 ParOldGen       total 56320K, used 43100K [0x00000000c1800000, 0x00000000c4f00000, 0x00000000eb300000)
  object space 56320K, 76% used [0x00000000c1800000,0x00000000c42171a0,0x00000000c4f00000)
 Metaspace       used 16359K, capacity 16524K, committed 16640K, reserved 1064960K
  class space    used 1729K, capacity 1792K, committed 1792K, reserved 1048576K
}
Event: 12.268 GC heap before
{Heap before GC invocations=11 (full 2):
 PSYoungGen      total 130560K, used 9167K [0x00000000eb300000, 0x00000000f6a80000, 0x0000000100000000)
  eden space 115712K, 0% used [0x00000000eb300000,0x00000000eb300000,0x00000000f2400000)
  from space 14848K, 61% used [0x00000000f2400000,0x00000000f2cf3c78,0x00000000f3280000)
  to   space 15360K, 0% used [0x00000000f5b80000,0x00000000f5b80000,0x00000000f6a80000)
 ParOldGen       total 56320K, used 43100K [0x00000000c1800000, 0x00000000c4f00000, 0x00000000eb300000)
  object space 56320K, 76% used [0x00000000c1800000,0x00000000c42171a0,0x00000000c4f00000)
 Metaspace       used 16359K, capacity 16524K, committed 16640K, reserved 1064960K
  class space    used 1729K, capacity 1792K, committed 1792K, reserved 1048576K
Event: 12.323 GC heap after
Heap after GC invocations=11 (full 2):
 PSYoungGen      total 130560K, used 0K [0x00000000eb300000, 0x00000000f6a80000, 0x0000000100000000)
  eden space 115712K, 0% used [0x00000000eb300000,0x00000000eb300000,0x00000000f2400000)
  from space 14848K, 0% used [0x00000000f2400000,0x00000000f2400000,0x00000000f3280000)
  to   space 15360K, 0% used [0x00000000f5b80000,0x00000000f5b80000,0x00000000f6a80000)
 ParOldGen       total 91136K, used 41489K [0x00000000c1800000, 0x00000000c7100000, 0x00000000eb300000)
  object space 91136K, 45% used [0x00000000c1800000,0x00000000c4084458,0x00000000c7100000)
 Metaspace       used 16359K, capacity 16524K, committed 16640K, reserved 1064960K
  class space    used 1729K, capacity 1792K, committed 1792K, reserved 1048576K
}
Event: 14.034 GC heap before
{Heap before GC invocations=12 (full 2):
 PSYoungGen      total 130560K, used 113378K [0x00000000eb300000, 0x00000000f6a80000, 0x0000000100000000)
  eden space 115712K, 97% used [0x00000000eb300000,0x00000000f21b8b00,0x00000000f2400000)
  from space 14848K, 0% used [0x00000000f2400000,0x00000000f2400000,0x00000000f3280000)
  to   space 15360K, 0% used [0x00000000f5b80000,0x00000000f5b80000,0x00000000f6a80000)
 ParOldGen       total 91136K, used 41489K [0x00000000c1800000, 0x00000000c7100000, 0x00000000eb300000)
  object space 91136K, 45% used [0x00000000c1800000,0x00000000c4084458,0x00000000c7100000)
 Metaspace       used 16360K, capacity 16524K, committed 16640K, reserved 1064960K
  class space    used 1729K, capacity 1792K, committed 1792K, reserved 1048576K
Event: 14.068 GC heap after
Heap after GC invocations=12 (full 2):
 PSYoungGen      total 168448K, used 11917K [0x00000000eb300000, 0x00000000f6980000, 0x0000000100000000)
  eden space 154112K, 0% used [0x00000000eb300000,0x00000000eb300000,0x00000000f4980000)
  from space 14336K, 83% used [0x00000000f5b80000,0x00000000f67234f8,0x00000000f6980000)
  to   space 16384K, 0% used [0x00000000f4980000,0x00000000f4980000,0x00000000f5980000)
 ParOldGen       total 91136K, used 53025K [0x00000000c1800000, 0x00000000c7100000, 0x00000000eb300000)
  object space 91136K, 58% used [0x00000000c1800000,0x00000000c4bc86f0,0x00000000c7100000)
 Metaspace       used 16360K, capacity 16524K, committed 16640K, reserved 1064960K
  class space    used 1729K, capacity 1792K, committed 1792K, reserved 1048576K
}
Event: 16.475 GC heap before
{Heap before GC invocations=13 (full 2):
 PSYoungGen      total 168448K, used 166029K [0x00000000eb300000, 0x00000000f6980000, 0x0000000100000000)
  eden space 154112K, 100% used [0x00000000eb300000,0x00000000f4980000,0x00000000f4980000)
  from space 14336K, 83% used [0x00000000f5b80000,0x00000000f67234f8,0x00000000f6980000)
  to   space 16384K, 0% used [0x00000000f4980000,0x00000000f4980000,0x00000000f5980000)
 ParOldGen       total 91136K, used 53025K [0x00000000c1800000, 0x00000000c7100000, 0x00000000eb300000)
  object space 91136K, 58% used [0x00000000c1800000,0x00000000c4bc86f0,0x00000000c7100000)
 Metaspace       used 16710K, capacity 16876K, committed 17280K, reserved 1064960K
  class space    used 1753K, capacity 1824K, committed 1920K, reserved 1048576K
Event: 16.523 GC heap after
Heap after GC invocations=13 (full 2):
 PSYoungGen      total 170496K, used 10516K [0x00000000eb300000, 0x00000000f9c80000, 0x0000000100000000)
  eden space 154112K, 0% used [0x00000000eb300000,0x00000000eb300000,0x00000000f4980000)
  from space 16384K, 64% used [0x00000000f4980000,0x00000000f53c52b0,0x00000000f5980000)
  to   space 16896K, 0% used [0x00000000f8c00000,0x00000000f8c00000,0x00000000f9c80000)
 ParOldGen       total 91136K, used 70317K [0x00000000c1800000, 0x00000000c7100000, 0x00000000eb300000)
  object space 91136K, 77% used [0x00000000c1800000,0x00000000c5cab6c8,0x00000000c7100000)
 Metaspace       used 16710K, capacity 16876K, committed 17280K, reserved 1064960K
  class space    used 1753K, capacity 1824K, committed 1920K, reserved 1048576K
}
Event: 16.523 GC heap before
{Heap before GC invocations=14 (full 3):
 PSYoungGen      total 170496K, used 10516K [0x00000000eb300000, 0x00000000f9c80000, 0x0000000100000000)
  eden space 154112K, 0% used [0x00000000eb300000,0x00000000eb300000,0x00000000f4980000)
  from space 16384K, 64% used [0x00000000f4980000,0x00000000f53c52b0,0x00000000f5980000)
  to   space 16896K, 0% used [0x00000000f8c00000,0x00000000f8c00000,0x00000000f9c80000)
 ParOldGen       total 91136K, used 70317K [0x00000000c1800000, 0x00000000c7100000, 0x00000000eb300000)
  object space 91136K, 77% used [0x00000000c1800000,0x00000000c5cab6c8,0x00000000c7100000)
 Metaspace       used 16710K, capacity 16876K, committed 17280K, reserved 1064960K
  class space    used 1753K, capacity 1824K, committed 1920K, reserved 1048576K
Event: 16.669 GC heap after
Heap after GC invocations=14 (full 3):
 PSYoungGen      total 170496K, used 0K [0x00000000eb300000, 0x00000000f9c80000, 0x0000000100000000)
  eden space 154112K, 0% used [0x00000000eb300000,0x00000000eb300000,0x00000000f4980000)
  from space 16384K, 0% used [0x00000000f4980000,0x00000000f4980000,0x00000000f5980000)
  to   space 16896K, 0% used [0x00000000f8c00000,0x00000000f8c00000,0x00000000f9c80000)
 ParOldGen       total 135680K, used 71621K [0x00000000c1800000, 0x00000000c9c80000, 0x00000000eb300000)
  object space 135680K, 52% used [0x00000000c1800000,0x00000000c5df15d8,0x00000000c9c80000)
 Metaspace       used 16710K, capacity 16876K, committed 17280K, reserved 1064960K
  class space    used 1753K, capacity 1824K, committed 1920K, reserved 1048576K
}

Deoptimization events (10 events):
Event: 15.965 Thread 0x0000000058f21000 Uncommon trap: reason=unstable_if action=reinterpret pc=0x00000000029cd254 method=sun.awt.image.ByteInterleavedRaster.putByteData(IIII[B)V @ 395
Event: 16.289 Thread 0x0000000058f21000 Uncommon trap: reason=unstable_if action=reinterpret pc=0x0000000002a16dbc method=image.filter.BGEraserFilter.filterPixels(II[ILjava/awt/Rectangle;)[I @ 96
Event: 17.356 Thread 0x0000000058f21000 Uncommon trap: reason=unstable_if action=reinterpret pc=0x0000000002a04a5c method=java.awt.image.ComponentColorModel.getRGB(Ljava/lang/Object;)I @ 4
Event: 17.356 Thread 0x0000000058f21000 Uncommon trap: reason=unstable_if action=reinterpret pc=0x0000000002a06700 method=java.awt.image.ComponentColorModel.getAlpha(Ljava/lang/Object;)I @ 4
Event: 17.356 Thread 0x0000000058f21000 Uncommon trap: reason=unstable_if action=reinterpret pc=0x0000000002a110c8 method=java.awt.image.ComponentColorModel.extractComponent(Ljava/lang/Object;II)I @ 4
Event: 18.258 Thread 0x0000000058f21000 Uncommon trap: reason=unstable_if action=reinterpret pc=0x0000000002b4ae44 method=java.lang.Math.round(F)I @ 36
Event: 21.384 Thread 0x0000000058f21000 Uncommon trap: reason=unstable_if action=reinterpret pc=0x0000000002b5ff18 method=functions.MathExt.contain(FFF)F @ 3
Event: 21.401 Thread 0x0000000058f21000 Uncommon trap: reason=unstable_if action=reinterpret pc=0x0000000002bd5c00 method=datatypes.lists.CleanList$ListIterator.hasNext()Z @ 6
Event: 21.521 Thread 0x0000000058f21000 Uncommon trap: reason=unstable_if action=reinterpret pc=0x0000000002bf3094 method=gfx.GOGL.drawWaveform(FFFFIIIILresource/sound/SoundBuffer;Z)V @ 360
Event: 21.594 Thread 0x0000000058f21000 Uncommon trap: reason=unstable_if action=reinterpret pc=0x0000000002bda16c method=java.lang.StrictMath.floorOrCeil(DDDD)D @ 115

Internal exceptions (10 events):
Event: 0.727 Thread 0x0000000001fae800 Exception <a 'java/security/PrivilegedActionException'> (0x00000000eb45dae0) thrown at [C:\re\workspace\8-2-build-windows-amd64-cygwin\jdk8u45\3627\hotspot\src\share\vm\prims\jvm.cpp, line 1382]
Event: 0.727 Thread 0x0000000001fae800 Exception <a 'java/security/PrivilegedActionException'> (0x00000000eb45dc98) thrown at [C:\re\workspace\8-2-build-windows-amd64-cygwin\jdk8u45\3627\hotspot\src\share\vm\prims\jvm.cpp, line 1382]
Event: 0.729 Thread 0x0000000001fae800 Exception <a 'java/security/PrivilegedActionException'> (0x00000000eb461790) thrown at [C:\re\workspace\8-2-build-windows-amd64-cygwin\jdk8u45\3627\hotspot\src\share\vm\prims\jvm.cpp, line 1382]
Event: 0.729 Thread 0x0000000001fae800 Exception <a 'java/security/PrivilegedActionException'> (0x00000000eb461948) thrown at [C:\re\workspace\8-2-build-windows-amd64-cygwin\jdk8u45\3627\hotspot\src\share\vm\prims\jvm.cpp, line 1382]
Event: 0.735 Thread 0x0000000001fae800 Exception <a 'java/io/FileNotFoundException'> (0x00000000eb463c98) thrown at [C:\re\workspace\8-2-build-windows-amd64-cygwin\jdk8u45\3627\hotspot\src\share\vm\prims\jni.cpp, line 709]
Event: 0.783 Thread 0x0000000001fae800 Exception <a 'java/io/FileNotFoundException'> (0x00000000eb483b10) thrown at [C:\re\workspace\8-2-build-windows-amd64-cygwin\jdk8u45\3627\hotspot\src\share\vm\prims\jni.cpp, line 709]
Event: 0.860 Thread 0x0000000001fae800 Exception <a 'java/lang/NoSuchFieldError': method resolution failed> (0x00000000eb558500) thrown at [C:\re\workspace\8-2-build-windows-amd64-cygwin\jdk8u45\3627\hotspot\src\share\vm\prims\methodHandles.cpp, line 1125]
Event: 0.874 Thread 0x0000000001fae800 Exception <a 'java/lang/NoSuchFieldError': method resolution failed> (0x00000000eb566f40) thrown at [C:\re\workspace\8-2-build-windows-amd64-cygwin\jdk8u45\3627\hotspot\src\share\vm\prims\methodHandles.cpp, line 1125]
Event: 5.531 Thread 0x0000000001fae800 Exception <a 'java/lang/InterruptedException'> (0x00000000ebf04838) thrown at [C:\re\workspace\8-2-build-windows-amd64-cygwin\jdk8u45\3627\hotspot\src\share\vm\runtime\objectMonitor.cpp, line 1683]
Event: 6.664 Thread 0x0000000001fae800 Exception <a 'java/lang/reflect/InvocationTargetException'> (0x00000000ec130ab8) thrown at [C:\re\workspace\8-2-build-windows-amd64-cygwin\jdk8u45\3627\hotspot\src\share\vm\runtime\reflection.cpp, line 1080]

Events (10 events):
Event: 21.579 loading class com/jogamp/opengl/glu/gl2/GLUgl2$1 done
Event: 21.579 loading class jogamp/opengl/gl2/ProjectDouble
Event: 21.579 loading class jogamp/opengl/gl2/ProjectDouble done
Event: 21.581 loading class java/nio/DirectDoubleBufferU
Event: 21.581 loading class java/nio/DirectDoubleBufferU done
Event: 21.581 Executing VM operation: Deoptimize
Event: 21.582 Executing VM operation: Deoptimize done
Event: 21.594 Thread 0x0000000058f21000 Uncommon trap: trap_request=0xffffff65 fr.pc=0x0000000002bda16c
Event: 21.594 Thread 0x0000000058f21000 DEOPT PACKING pc=0x0000000002bda16c sp=0x000000005846c990
Event: 21.594 Thread 0x0000000058f21000 DEOPT UNPACKING pc=0x000000000263556a sp=0x000000005846c910 mode 2


Dynamic libraries:
0x000000013f210000 - 0x000000013f247000 	C:\Program Files\Java\jre1.8.0_45\bin\javaw.exe
0x0000000077950000 - 0x0000000077af9000 	C:\Windows\SYSTEM32\ntdll.dll
0x0000000077730000 - 0x000000007784f000 	C:\Windows\system32\kernel32.dll
0x000007fefd910000 - 0x000007fefd97c000 	C:\Windows\system32\KERNELBASE.dll
0x000007fefdbb0000 - 0x000007fefdc8b000 	C:\Windows\system32\ADVAPI32.dll
0x000007fefe350000 - 0x000007fefe3ef000 	C:\Windows\system32\msvcrt.dll
0x000007fefdf40000 - 0x000007fefdf5f000 	C:\Windows\SYSTEM32\sechost.dll
0x000007feff220000 - 0x000007feff34d000 	C:\Windows\system32\RPCRT4.dll
0x0000000077850000 - 0x000000007794a000 	C:\Windows\system32\USER32.dll
0x000007fefdb40000 - 0x000007fefdba7000 	C:\Windows\system32\GDI32.dll
0x000007feff5e0000 - 0x000007feff5ee000 	C:\Windows\system32\LPK.dll
0x000007feff7e0000 - 0x000007feff8a9000 	C:\Windows\system32\USP10.dll
0x000007fefc190000 - 0x000007fefc384000 	C:\Windows\WinSxS\amd64_microsoft.windows.common-controls_6595b64144ccf1df_6.0.7601.18837_none_fa3b1e3d17594757\COMCTL32.dll
0x000007feff350000 - 0x000007feff3c1000 	C:\Windows\system32\SHLWAPI.dll
0x000007fefe320000 - 0x000007fefe34e000 	C:\Windows\system32\IMM32.DLL
0x000007fefdf60000 - 0x000007fefe069000 	C:\Windows\system32\MSCTF.dll
0x000000006a1f0000 - 0x000000006a2c2000 	C:\Program Files\Java\jre1.8.0_45\bin\msvcr100.dll
0x00000000648e0000 - 0x0000000065163000 	C:\Program Files\Java\jre1.8.0_45\bin\server\jvm.dll
0x000007fef7a90000 - 0x000007fef7a99000 	C:\Windows\system32\WSOCK32.dll
0x000007fefe250000 - 0x000007fefe29d000 	C:\Windows\system32\WS2_32.dll
0x000007feff750000 - 0x000007feff758000 	C:\Windows\system32\NSI.dll
0x000007fef9530000 - 0x000007fef956b000 	C:\Windows\system32\WINMM.dll
0x000007fefc850000 - 0x000007fefc85c000 	C:\Windows\system32\VERSION.dll
0x0000000077b10000 - 0x0000000077b17000 	C:\Windows\system32\PSAPI.DLL
0x0000000075080000 - 0x000000007508f000 	C:\Program Files\Java\jre1.8.0_45\bin\verify.dll
0x0000000075050000 - 0x0000000075079000 	C:\Program Files\Java\jre1.8.0_45\bin\java.dll
0x0000000075030000 - 0x0000000075046000 	C:\Program Files\Java\jre1.8.0_45\bin\zip.dll
0x000007fefe3f0000 - 0x000007feff179000 	C:\Windows\system32\SHELL32.dll
0x000007feff3d0000 - 0x000007feff5d3000 	C:\Windows\system32\ole32.dll
0x000007fefd790000 - 0x000007fefd79f000 	C:\Windows\system32\profapi.dll
0x000000006a050000 - 0x000000006a1e8000 	C:\Program Files\Java\jre1.8.0_45\bin\awt.dll
0x000007feff8b0000 - 0x000007feff987000 	C:\Windows\system32\OLEAUT32.dll
0x000007fefb750000 - 0x000007fefb768000 	C:\Windows\system32\DWMAPI.DLL
0x000007fefbd50000 - 0x000007fefbda6000 	C:\Windows\system32\uxtheme.dll
0x000007fefd580000 - 0x000007fefd58f000 	C:\Windows\system32\CRYPTBASE.dll
0x000007feeec40000 - 0x000007feeee3f000 	C:\Windows\system32\d3d9.dll
0x000007fef8d40000 - 0x000007fef8d47000 	C:\Windows\system32\d3d8thk.dll
0x000007fef8d50000 - 0x000007fef8d5d000 	C:\Windows\system32\atiu9p64.dll
0x0000000069c10000 - 0x000000006a047000 	C:\Windows\system32\atiumd64.dll
0x0000000064660000 - 0x00000000648d1000 	C:\Windows\system32\atiumd6a.dll
0x000000006d8d0000 - 0x000000006d917000 	C:\Program Files\Java\jre1.8.0_45\bin\fontmanager.dll
0x000007feff180000 - 0x000007feff219000 	C:\Windows\system32\CLBCatQ.DLL
0x000007fefcf20000 - 0x000007fefcf38000 	C:\Windows\system32\CRYPTSP.dll
0x000007fefcd10000 - 0x000007fefcd57000 	C:\Windows\system32\rsaenh.dll
0x000007fefd8d0000 - 0x000007fefd8ee000 	C:\Windows\system32\USERENV.dll
0x0000000075010000 - 0x000000007502a000 	C:\Program Files\Java\jre1.8.0_45\bin\net.dll
0x000007fefcec0000 - 0x000007fefcf15000 	C:\Windows\system32\mswsock.dll
0x000007fefcf70000 - 0x000007fefcf77000 	C:\Windows\System32\wship6.dll
0x000007fefb510000 - 0x000007fefb537000 	C:\Windows\system32\IPHLPAPI.DLL
0x000007fefb4b0000 - 0x000007fefb4bb000 	C:\Windows\system32\WINNSI.DLL
0x000007fefb320000 - 0x000007fefb338000 	C:\Windows\system32\dhcpcsvc.DLL
0x000007fefb220000 - 0x000007fefb231000 	C:\Windows\system32\dhcpcsvc6.DLL
0x0000000074ff0000 - 0x0000000075001000 	C:\Program Files\Java\jre1.8.0_45\bin\nio.dll
0x000007fefd670000 - 0x000007fefd6c7000 	C:\Windows\system32\apphelp.dll
0x00000000637c0000 - 0x00000000637cd000 	C:\Users\Ryan\AppData\Local\Temp\jogamp_0000\file_cache\jln7976299090439280609\jln589313991527734720\gluegen-rt.dll
0x0000000074ec0000 - 0x0000000074ec7000 	C:\Program Files\Java\jre1.8.0_45\bin\jawt.dll
0x000000006a440000 - 0x000000006a44d000 	C:\Users\Ryan\AppData\Local\Temp\jogamp_0000\file_cache\jln7976299090439280609\jln589313991527734720\nativewindow_awt.dll
0x000000006c100000 - 0x000000006c10f000 	C:\Users\Ryan\AppData\Local\Temp\jogamp_0000\file_cache\jln7976299090439280609\jln589313991527734720\nativewindow_win32.dll
0x000007feeef20000 - 0x000007feef03d000 	C:\Windows\system32\OpenGL32.dll
0x000007fef8c00000 - 0x000007fef8c2d000 	C:\Windows\system32\GLU32.dll
0x000007feee980000 - 0x000007feeea71000 	C:\Windows\system32\DDRAW.dll
0x000007fef8c50000 - 0x000007fef8c58000 	C:\Windows\system32\DCIMAN32.dll
0x000007fefe070000 - 0x000007fefe247000 	C:\Windows\system32\SETUPAPI.dll
0x000007fefd7b0000 - 0x000007fefd7e6000 	C:\Windows\system32\CFGMGR32.dll
0x000007fefd8f0000 - 0x000007fefd90a000 	C:\Windows\system32\DEVOBJ.dll
0x0000000064500000 - 0x00000000645ae000 	C:\Users\Ryan\AppData\Local\Temp\jogamp_0000\file_cache\jln7976299090439280609\jln589313991527734720\jogl_desktop.dll
0x0000000064340000 - 0x00000000643a0000 	C:\Users\Ryan\AppData\Local\Temp\jogamp_0000\file_cache\jln7976299090439280609\jln589313991527734720\jogl_mobile.dll
0x000007fef8c40000 - 0x000007fef8c48000 	C:\Windows\system32\atig6pxx.dll
0x000000005a300000 - 0x000000005b2c6000 	C:\Windows\system32\atio6axx.dll
0x000007fef8c30000 - 0x000007fef8c39000 	C:\Windows\system32\atig6txx.dll
0x0000000180000000 - 0x0000000180049000 	C:\Windows\system32\atiadlxx.dll
0x000007fefd980000 - 0x000007fefd9bb000 	C:\Windows\system32\WINTRUST.dll
0x000007fefd9c0000 - 0x000007fefdb2d000 	C:\Windows\system32\CRYPT32.dll
0x000007fefd780000 - 0x000007fefd78f000 	C:\Windows\system32\MSASN1.dll
0x000000006b600000 - 0x000000006b658000 	C:\Users\Ryan\AppData\Local\Temp\jogamp_0000\file_cache\jln7976299090439280609\jln589313991527734720\soft_oal.dll
0x00000000680c0000 - 0x00000000680d6000 	C:\Users\Ryan\AppData\Local\Temp\jogamp_0000\file_cache\jln7976299090439280609\jln589313991527734720\joal.dll
0x000007fefbf10000 - 0x000007fefbf5b000 	C:\Windows\System32\MMDevApi.dll
0x000007fefbdb0000 - 0x000007fefbedc000 	C:\Windows\System32\PROPSYS.dll
0x000007feee8f0000 - 0x000007feee978000 	C:\Windows\system32\dsound.dll
0x000007fefc820000 - 0x000007fefc84c000 	C:\Windows\system32\POWRPROF.dll
0x000007fef8b80000 - 0x000007fef8bcf000 	C:\Windows\system32\AUDIOSES.DLL
0x000000006da30000 - 0x000000006da61000 	C:\Program Files\Java\jre1.8.0_45\bin\jpeg.dll
0x000000006d9f0000 - 0x000000006da2d000 	C:\Program Files\Java\jre1.8.0_45\bin\lcms.dll
0x000007fef17f0000 - 0x000007fef1915000 	C:\Windows\system32\dbghelp.dll

VM Arguments:
jvm_args: -Djava.library.path=C:\Users\Ryan\Desktop\jogamp-all-platforms\lib;C:\Users\Ryan\Desktop\jogamp-all-platforms\lib\windows-i586;C:\Users\Ryan\Desktop\jogamp-all-platforms\lib\windows-i586;C:\Users\Ryan\Desktop\jogamp-all-platforms;C:\Users\Ryan\Desktop\Ghost4J\lib -Dfile.encoding=Cp1252 
java_command: cont.GameController
java_class_path (initial): C:\Users\Ryan\Desktop\j-ogg\build\lib\j-ogg-all.jar;C:\Users\Ryan\Desktop\jogamp-all-platforms\jar\gluegen-rt.jar;C:\Users\Ryan\Desktop\jogamp-all-platforms\jar\jogl-all.jar;C:\Users\Ryan\Desktop\jogamp-all-platforms\jar\joal.jar;C:\Users\Ryan\Desktop\Ghost4J\ghost4j-1.0.0.jar;C:\Users\Ryan\Documents\newWorkspace\JavaGame\bin
Launcher Type: SUN_STANDARD

Environment Variables:
CLASSPATH=.;C:\Program Files (x86)\Java\jre7\lib\ext\QTJava.zip
PATH=C:/Program Files/Java/jre1.8.0_45/bin/server;C:/Program Files/Java/jre1.8.0_45/bin;C:/Program Files/Java/jre1.8.0_45/lib/amd64;C:\Windows\system32;C:\Windows;C:\Windows\system32\wbem;C:\ProgramData\Oracle\Java\javapath;C:\Program Files (x86)\AMD APP\bin\x86_64;C:\Program Files (x86)\AMD APP\bin\x86;C:\Program Files\Common Files\Microsoft Shared\Windows Live;C:\Program Files (x86)\PC Connectivity Solution;C:\Windows\System32\WindowsPowerShell\v1.0;C:\Program Files (x86)\ATI Technologies\ATI.ACE\Core-Static;C:\Program Files (x86)\Common Files\Lenovo;C:\Program Files (x86)\Common Files\Roxio Shared\10.0\DLLShared;C:\Program Files (x86)\Common Files\Roxio Shared\DLLShared;C:\Program Files (x86)\Lenovo\Access Connections;c:\Program Files (x86)\Microsoft SQL Server\90\Tools\binn;c:\Program Files (x86)\Microsoft SQL Server\100\Tools\Binn;c:\Program Files\Microsoft SQL Server\100\Tools\Binn;c:\Program Files\Microsoft SQL Server\100\DTS\Binn;C:\Program Files (x86)\Common Files\Teleca Shared;C:\Program Files (x86)\QuickTime\QTSystem;C:\Windows\System32\WindowsPowerShell\v1.0;C:\Program Files (x86)\Java\jre7\bin;C:\Program Files (x86)\PharosSystems\Core;C:\Program Files (x86)\nodejs;C:\Program Files (x86)\Skype\Phone;C:\Program Files\MATLAB\R2015a\runtime\win64;C:\Program Files\MATLAB\R2015a\bin;C:\Program Files\Common Files\Microsoft Shared\Windows Live;C:\MinGW\bin;C:\MinGW\msys\1.0\bin;C:\Users\Ryan\AppData\Roaming\npm;C:\Users\Ryan\Desktop\Java Development;
USERNAME=Ryan
OS=Windows_NT
PROCESSOR_IDENTIFIER=Intel64 Family 6 Model 23 Stepping 10, GenuineIntel



---------------  S Y S T E M  ---------------

OS: Windows 7 , 64 bit Build 7601 (6.1.7601.18933)

CPU:total 2 (2 cores per cpu, 1 threads per core) family 6 model 23 stepping 10, cmov, cx8, fxsr, mmx, sse, sse2, sse3, ssse3, sse4.1, tsc

Memory: 4k page, physical 4087836k(1508884k free), swap 8173832k(4803492k free)

vm_info: Java HotSpot(TM) 64-Bit Server VM (25.45-b02) for windows-amd64 JRE (1.8.0_45-b15), built on Apr 30 2015 12:40:44 by "java_re" with MS VC++ 10.0 (VS2010)

time: Sun Sep 27 16:17:04 2015
elapsed time: 21 seconds (0d 0h 0m 21s)

