#
# A fatal error has been detected by the Java Runtime Environment:
#
#  EXCEPTION_ACCESS_VIOLATION (0xc0000005) at pc=0x000000005a847900, pid=4844, tid=4500
#
# JRE version: Java(TM) SE Runtime Environment (8.0_45-b15) (build 1.8.0_45-b15)
# Java VM: Java HotSpot(TM) 64-Bit Server VM (25.45-b02 mixed mode windows-amd64 compressed oops)
# Problematic frame:
# C  [atio6axx.dll+0x2d7900]
#
# Failed to write core dump. Minidumps are not enabled by default on client versions of Windows
#
# If you would like to submit a bug report, please visit:
#   http://bugreport.java.com/bugreport/crash.jsp
# The crash happened outside the Java Virtual Machine in native code.
# See problematic frame for where to report the bug.
#

---------------  T H R E A D  ---------------

Current thread (0x0000000056492000):  JavaThread "AWT-EventQueue-0" [_thread_in_native, id=4500, stack(0x0000000058f60000,0x0000000059060000)]

siginfo: ExceptionCode=0xc0000005, reading address 0x0000000000000000

Registers:
RAX=0x0000000000000000, RBX=0x0000000000000000, RCX=0x000000005bf9b750, RDX=0x0000000000000000
RSP=0x000000005905c1f0, RBP=0x0000000000002700, RSI=0x0000000000000003, RDI=0x0000000000000001
R8 =0x000000005bf9de50, R9 =0xffffffffa40648b0, R10=0x000000005bf9b750, R11=0x000000005bf9b76c
R12=0x0000000000000270, R13=0x0000000000000010, R14=0x000000005b6675d0, R15=0x000000005b665b00
RIP=0x000000005a847900, EFLAGS=0x0000000000010283

Top of Stack: (sp=0x000000005905c1f0)
0x000000005905c1f0:   000000000012c240 000000000000001b
0x000000005905c200:   0000000000000000 0000000056492000
0x000000005905c210:   0000000056421170 000000005617afe0
0x000000005905c220:   0000000000000001 0000000069c728e1
0x000000005905c230:   00000000000000d8 000000005905d5a8
0x000000005905c240:   0000f934f79f18ae 0000000053eb66d0
0x000000005905c250:   0000000000000000 0000000069c72bef
0x000000005905c260:   000000005905c420 0000000053eb66d0
0x000000005905c270:   0000000056492000 0000000069c50a10
0x000000005905c280:   000000005905c339 0000000069d6b3e2
0x000000005905c290:   000000005905c4a0 0000000056492000
0x000000005905c2a0:   000000005905c3c0 000000000000000b
0x000000005905c2b0:   000000005648b2b0 0000000069c51f8f
0x000000005905c2c0:   0000000000000000 000000005905c339
0x000000005905c2d0:   0000000059934340 000000005617b028
0x000000005905c2e0:   0000000056492000 000007fefd911300 

Instructions: (pc=0x000000005a847900)
0x000000005a8478e0:   5a 1c 49 8b ca 44 8b c5 8b dd 83 e3 03 44 2b c3
0x000000005a8478f0:   4d 03 c2 4d 3b d8 73 4a 4c 8b ca 4d 2b ca 66 90
0x000000005a847900:   8b 02 48 83 c1 20 48 83 c2 20 89 41 e0 42 8b 44
0x000000005a847910:   09 e4 89 41 e4 8b 42 e8 89 41 e8 8b 42 ec 89 41 


Register to memory mapping:

RAX=0x0000000000000000 is an unknown value
RBX=0x0000000000000000 is an unknown value
RCX=0x000000005bf9b750 is an unknown value
RDX=0x0000000000000000 is an unknown value
RSP=0x000000005905c1f0 is pointing into the stack for thread: 0x0000000056492000
RBP=0x0000000000002700 is an unknown value
RSI=0x0000000000000003 is an unknown value
RDI=0x0000000000000001 is an unknown value
R8 =0x000000005bf9de50 is an unknown value
R9 =0xffffffffa40648b0 is an unknown value
R10=0x000000005bf9b750 is an unknown value
R11=0x000000005bf9b76c is an unknown value
R12=0x0000000000000270 is an unknown value
R13=0x0000000000000010 is an unknown value
R14=0x000000005b6675d0 is an unknown value
R15=0x000000005b665b00 is an unknown value


Stack: [0x0000000058f60000,0x0000000059060000],  sp=0x000000005905c1f0,  free space=1008k
Native frames: (J=compiled Java code, j=interpreted, Vv=VM code, C=native code)
C  [atio6axx.dll+0x2d7900]
C  [atio6axx.dll+0x2d5dd7]
C  [atio6axx.dll+0x277b2b]
C  [atio6axx.dll+0x40540b]
C  0x00000000022f3874

Java frames: (J=compiled Java code, j=interpreted, Vv=VM code)
j  jogamp.opengl.gl4.GL4bcImpl.dispatch_glDrawArrays1(IIIJ)V+0
j  jogamp.opengl.gl4.GL4bcImpl.glDrawArrays(III)V+45
j  resource.model.Model.drawFast()V+112
j  object.environment.BlockTerrain$Section.draw(FF)V+32
j  object.environment.BlockTerrain$Chunk.draw()V+55
j  object.environment.BlockTerrain.draw()V+34
j  object.primitive.Drawable.draw3D()V+166
j  gfx.Camera.renderAll()V+58
j  gfx.GOGL$1.display(Lcom/jogamp/opengl/GLAutoDrawable;)V+34
j  jogamp.opengl.GLDrawableHelper.displayImpl(Lcom/jogamp/opengl/GLAutoDrawable;)V+81
j  jogamp.opengl.GLDrawableHelper.display(Lcom/jogamp/opengl/GLAutoDrawable;)V+2
j  com.jogamp.opengl.awt.GLCanvas$11.run()V+118
j  jogamp.opengl.GLDrawableHelper.invokeGLImpl(Lcom/jogamp/opengl/GLDrawable;Lcom/jogamp/opengl/GLContext;Ljava/lang/Runnable;Ljava/lang/Runnable;)V+203
j  jogamp.opengl.GLDrawableHelper.invokeGL(Lcom/jogamp/opengl/GLDrawable;Lcom/jogamp/opengl/GLContext;Ljava/lang/Runnable;Ljava/lang/Runnable;)V+72
j  com.jogamp.opengl.awt.GLCanvas$12.run()V+104
j  com.jogamp.opengl.Threading.invoke(ZLjava/lang/Runnable;Ljava/lang/Object;)V+27
j  com.jogamp.opengl.awt.GLCanvas.display()V+64
j  com.jogamp.opengl.awt.GLCanvas.paint(Ljava/awt/Graphics;)V+137
j  sun.awt.RepaintArea.paintComponent(Ljava/awt/Component;Ljava/awt/Graphics;)V+6
j  sun.awt.RepaintArea.paint(Ljava/lang/Object;Z)V+326
j  sun.awt.windows.WComponentPeer.handleEvent(Ljava/awt/AWTEvent;)V+155
j  java.awt.Component.dispatchEventImpl(Ljava/awt/AWTEvent;)V+877
j  java.awt.Component.dispatchEvent(Ljava/awt/AWTEvent;)V+2
j  java.awt.EventQueue.dispatchEventImpl(Ljava/awt/AWTEvent;Ljava/lang/Object;)V+41
j  java.awt.EventQueue.access$500(Ljava/awt/EventQueue;Ljava/awt/AWTEvent;Ljava/lang/Object;)V+3
j  java.awt.EventQueue$3.run()Ljava/lang/Void;+32
j  java.awt.EventQueue$3.run()Ljava/lang/Object;+1
v  ~StubRoutines::call_stub
j  java.security.AccessController.doPrivileged(Ljava/security/PrivilegedAction;Ljava/security/AccessControlContext;)Ljava/lang/Object;+0
j  java.security.ProtectionDomain$1.doIntersectionPrivilege(Ljava/security/PrivilegedAction;Ljava/security/AccessControlContext;Ljava/security/AccessControlContext;)Ljava/lang/Object;+28
j  java.security.ProtectionDomain$1.doIntersectionPrivilege(Ljava/security/PrivilegedAction;Ljava/security/AccessControlContext;)Ljava/lang/Object;+6
j  java.awt.EventQueue$4.run()Ljava/lang/Void;+11
j  java.awt.EventQueue$4.run()Ljava/lang/Object;+1
v  ~StubRoutines::call_stub
j  java.security.AccessController.doPrivileged(Ljava/security/PrivilegedAction;Ljava/security/AccessControlContext;)Ljava/lang/Object;+0
j  java.security.ProtectionDomain$1.doIntersectionPrivilege(Ljava/security/PrivilegedAction;Ljava/security/AccessControlContext;Ljava/security/AccessControlContext;)Ljava/lang/Object;+28
j  java.awt.EventQueue.dispatchEvent(Ljava/awt/AWTEvent;)V+73
j  java.awt.EventDispatchThread.pumpOneEventForFilters(I)V+245
j  java.awt.EventDispatchThread.pumpEventsForFilter(ILjava/awt/Conditional;Ljava/awt/EventFilter;)V+35
j  java.awt.EventDispatchThread.pumpEventsForHierarchy(ILjava/awt/Conditional;Ljava/awt/Component;)V+11
j  java.awt.EventDispatchThread.pumpEvents(ILjava/awt/Conditional;)V+4
j  java.awt.EventDispatchThread.pumpEvents(Ljava/awt/Conditional;)V+3
j  java.awt.EventDispatchThread.run()V+9
v  ~StubRoutines::call_stub

---------------  P R O C E S S  ---------------

Java Threads: ( => current thread )
  0x000000000012e800 JavaThread "DestroyJavaVM" [_thread_blocked, id=4768, stack(0x0000000001f10000,0x0000000002010000)]
  0x00000000562cc000 JavaThread "Thread-4" [_thread_blocked, id=2272, stack(0x000000005ca30000,0x000000005cb30000)]
  0x000000005959b000 JavaThread "D3D Screen Updater" daemon [_thread_blocked, id=1660, stack(0x000000005be80000,0x000000005bf80000)]
  0x00000000591e4800 JavaThread "main-SharedResourceRunner" daemon [_thread_blocked, id=5116, stack(0x0000000059990000,0x0000000059a90000)]
=>0x0000000056492000 JavaThread "AWT-EventQueue-0" [_thread_in_native, id=4500, stack(0x0000000058f60000,0x0000000059060000)]
  0x000000005642a000 JavaThread "AWT-Windows" daemon [_thread_in_native, id=4524, stack(0x0000000056820000,0x0000000056920000)]
  0x0000000056420000 JavaThread "AWT-Shutdown" [_thread_blocked, id=4636, stack(0x0000000056660000,0x0000000056760000)]
  0x000000005641f000 JavaThread "Java2D Disposer" daemon [_thread_blocked, id=2376, stack(0x0000000056510000,0x0000000056610000)]
  0x0000000054898800 JavaThread "Service Thread" daemon [_thread_blocked, id=5064, stack(0x0000000055df0000,0x0000000055ef0000)]
  0x0000000054895800 JavaThread "C1 CompilerThread1" daemon [_thread_blocked, id=5032, stack(0x0000000055c60000,0x0000000055d60000)]
  0x000000005483b000 JavaThread "C2 CompilerThread0" daemon [_thread_blocked, id=2944, stack(0x00000000559f0000,0x0000000055af0000)]
  0x0000000054839800 JavaThread "Attach Listener" daemon [_thread_blocked, id=4428, stack(0x0000000055810000,0x0000000055910000)]
  0x0000000054838800 JavaThread "Signal Dispatcher" daemon [_thread_blocked, id=4648, stack(0x0000000055710000,0x0000000055810000)]
  0x00000000547dc000 JavaThread "Finalizer" daemon [_thread_blocked, id=4212, stack(0x0000000055590000,0x0000000055690000)]
  0x00000000547d5000 JavaThread "Reference Handler" daemon [_thread_blocked, id=704, stack(0x0000000055400000,0x0000000055500000)]

Other Threads:
  0x00000000547cd000 VMThread [stack: 0x0000000055240000,0x0000000055340000] [id=4816]
  0x0000000054899800 WatcherThread [stack: 0x0000000055fd0000,0x00000000560d0000] [id=4936]

VM state:not at safepoint (normal execution)

VM Mutex/Monitor currently owned by a thread: None

Heap:
 PSYoungGen      total 187392K, used 13101K [0x00000000eb300000, 0x00000000f9c80000, 0x0000000100000000)
  eden space 173568K, 4% used [0x00000000eb300000,0x00000000ebb52628,0x00000000f5c80000)
  from space 13824K, 33% used [0x00000000f7600000,0x00000000f7a78ed0,0x00000000f8380000)
  to   space 26112K, 0% used [0x00000000f5c80000,0x00000000f5c80000,0x00000000f7600000)
 ParOldGen       total 171008K, used 98512K [0x00000000c1800000, 0x00000000cbf00000, 0x00000000eb300000)
  object space 171008K, 57% used [0x00000000c1800000,0x00000000c78341a0,0x00000000cbf00000)
 Metaspace       used 17474K, capacity 17676K, committed 17792K, reserved 1064960K
  class space    used 1815K, capacity 1920K, committed 1920K, reserved 1048576K

Card table byte_map: [0x00000000116a0000,0x00000000118a0000] byte_map_base: 0x0000000011094000

Marking Bits: (ParMarkBitMap*) 0x000000006a244040
 Begin Bits: [0x0000000011d60000, 0x0000000012d00000)
 End Bits:   [0x0000000012d00000, 0x0000000013ca0000)

Polling page: 0x0000000000110000

CodeCache: size=245760Kb used=6397Kb max_used=6409Kb free=239362Kb
 bounds [0x00000000022e0000, 0x0000000002930000, 0x00000000112e0000]
 total_blobs=2590 nmethods=1676 adapters=829
 compilation: enabled

Compilation events (10 events):
Event: 21.178 Thread 0x000000005483b000 nmethod 1686 0x0000000002915150 code [0x00000000029152a0, 0x0000000002915418]
Event: 21.178 Thread 0x000000005483b000 1691       4       ds.vec::<init> (37 bytes)
Event: 21.181 Thread 0x000000005483b000 nmethod 1691 0x0000000002914dd0 code [0x0000000002914f20, 0x0000000002915078]
Event: 21.181 Thread 0x0000000054895800 1690       2       resource.model.Model::mult (73 bytes)
Event: 21.181 Thread 0x0000000054895800 nmethod 1690 0x0000000002916410 code [0x0000000002916580, 0x00000000029168b0]
Event: 21.181 Thread 0x0000000054895800 1694       3       jogamp.opengl.gl4.GL4bcImpl::glNormal3fv (101 bytes)
Event: 21.183 Thread 0x0000000054895800 nmethod 1694 0x0000000002918e10 code [0x0000000002919120, 0x000000000291a898]
Event: 21.183 Thread 0x0000000054895800 1698       3       ds.mat4::set (32 bytes)
Event: 21.184 Thread 0x0000000054895800 nmethod 1698 0x0000000002917a50 code [0x0000000002917c60, 0x00000000029186f8]
Event: 21.184 Thread 0x0000000054895800 1696       3       jogamp.opengl.gl4.GL4bcImpl::glVertex3fv (101 bytes)

GC Heap History (10 events):
Event: 11.070 GC heap before
{Heap before GC invocations=11 (full 2):
 PSYoungGen      total 117248K, used 8616K [0x00000000eb300000, 0x00000000f5880000, 0x0000000100000000)
  eden space 105472K, 0% used [0x00000000eb300000,0x00000000eb300000,0x00000000f1a00000)
  from space 11776K, 73% used [0x00000000f1a00000,0x00000000f226a090,0x00000000f2580000)
  to   space 12288K, 0% used [0x00000000f4c80000,0x00000000f4c80000,0x00000000f5880000)
 ParOldGen       total 58368K, used 54661K [0x00000000c1800000, 0x00000000c5100000, 0x00000000eb300000)
  object space 58368K, 93% used [0x00000000c1800000,0x00000000c4d61430,0x00000000c5100000)
 Metaspace       used 16359K, capacity 16524K, committed 16640K, reserved 1064960K
  class space    used 1727K, capacity 1792K, committed 1792K, reserved 1048576K
Event: 11.136 GC heap after
Heap after GC invocations=11 (full 2):
 PSYoungGen      total 117248K, used 0K [0x00000000eb300000, 0x00000000f5880000, 0x0000000100000000)
  eden space 105472K, 0% used [0x00000000eb300000,0x00000000eb300000,0x00000000f1a00000)
  from space 11776K, 0% used [0x00000000f1a00000,0x00000000f1a00000,0x00000000f2580000)
  to   space 12288K, 0% used [0x00000000f4c80000,0x00000000f4c80000,0x00000000f5880000)
 ParOldGen       total 94720K, used 41471K [0x00000000c1800000, 0x00000000c7480000, 0x00000000eb300000)
  object space 94720K, 43% used [0x00000000c1800000,0x00000000c407fe20,0x00000000c7480000)
 Metaspace       used 16359K, capacity 16524K, committed 16640K, reserved 1064960K
  class space    used 1727K, capacity 1792K, committed 1792K, reserved 1048576K
}
Event: 12.679 GC heap before
{Heap before GC invocations=12 (full 2):
 PSYoungGen      total 117248K, used 105472K [0x00000000eb300000, 0x00000000f5880000, 0x0000000100000000)
  eden space 105472K, 100% used [0x00000000eb300000,0x00000000f1a00000,0x00000000f1a00000)
  from space 11776K, 0% used [0x00000000f1a00000,0x00000000f1a00000,0x00000000f2580000)
  to   space 12288K, 0% used [0x00000000f4c80000,0x00000000f4c80000,0x00000000f5880000)
 ParOldGen       total 94720K, used 41471K [0x00000000c1800000, 0x00000000c7480000, 0x00000000eb300000)
  object space 94720K, 43% used [0x00000000c1800000,0x00000000c407fe20,0x00000000c7480000)
 Metaspace       used 16360K, capacity 16524K, committed 16640K, reserved 1064960K
  class space    used 1727K, capacity 1792K, committed 1792K, reserved 1048576K
Event: 12.702 GC heap after
Heap after GC invocations=12 (full 2):
 PSYoungGen      total 148480K, used 9093K [0x00000000eb300000, 0x00000000f5580000, 0x0000000100000000)
  eden space 139264K, 0% used [0x00000000eb300000,0x00000000eb300000,0x00000000f3b00000)
  from space 9216K, 98% used [0x00000000f4c80000,0x00000000f55615d0,0x00000000f5580000)
  to   space 13312K, 0% used [0x00000000f3b80000,0x00000000f3b80000,0x00000000f4880000)
 ParOldGen       total 94720K, used 53008K [0x00000000c1800000, 0x00000000c7480000, 0x00000000eb300000)
  object space 94720K, 55% used [0x00000000c1800000,0x00000000c4bc40b8,0x00000000c7480000)
 Metaspace       used 16360K, capacity 16524K, committed 16640K, reserved 1064960K
  class space    used 1727K, capacity 1792K, committed 1792K, reserved 1048576K
}
Event: 14.596 GC heap before
{Heap before GC invocations=13 (full 2):
 PSYoungGen      total 148480K, used 148357K [0x00000000eb300000, 0x00000000f5580000, 0x0000000100000000)
  eden space 139264K, 100% used [0x00000000eb300000,0x00000000f3b00000,0x00000000f3b00000)
  from space 9216K, 98% used [0x00000000f4c80000,0x00000000f55615d0,0x00000000f5580000)
  to   space 13312K, 0% used [0x00000000f3b80000,0x00000000f3b80000,0x00000000f4880000)
 ParOldGen       total 94720K, used 53008K [0x00000000c1800000, 0x00000000c7480000, 0x00000000eb300000)
  object space 94720K, 55% used [0x00000000c1800000,0x00000000c4bc40b8,0x00000000c7480000)
 Metaspace       used 16364K, capacity 16524K, committed 16640K, reserved 1064960K
  class space    used 1727K, capacity 1792K, committed 1792K, reserved 1048576K
Event: 14.641 GC heap after
Heap after GC invocations=13 (full 2):
 PSYoungGen      total 153088K, used 9285K [0x00000000eb300000, 0x00000000f8380000, 0x0000000100000000)
  eden space 139776K, 0% used [0x00000000eb300000,0x00000000eb300000,0x00000000f3b80000)
  from space 13312K, 69% used [0x00000000f3b80000,0x00000000f44916a0,0x00000000f4880000)
  to   space 13824K, 0% used [0x00000000f7600000,0x00000000f7600000,0x00000000f8380000)
 ParOldGen       total 94720K, used 70300K [0x00000000c1800000, 0x00000000c7480000, 0x00000000eb300000)
  object space 94720K, 74% used [0x00000000c1800000,0x00000000c5ca7090,0x00000000c7480000)
 Metaspace       used 16364K, capacity 16524K, committed 16640K, reserved 1064960K
  class space    used 1727K, capacity 1792K, committed 1792K, reserved 1048576K
}
Event: 20.478 GC heap before
{Heap before GC invocations=14 (full 2):
 PSYoungGen      total 153088K, used 149061K [0x00000000eb300000, 0x00000000f8380000, 0x0000000100000000)
  eden space 139776K, 100% used [0x00000000eb300000,0x00000000f3b80000,0x00000000f3b80000)
  from space 13312K, 69% used [0x00000000f3b80000,0x00000000f44916a0,0x00000000f4880000)
  to   space 13824K, 0% used [0x00000000f7600000,0x00000000f7600000,0x00000000f8380000)
 ParOldGen       total 94720K, used 70300K [0x00000000c1800000, 0x00000000c7480000, 0x00000000eb300000)
  object space 94720K, 74% used [0x00000000c1800000,0x00000000c5ca7090,0x00000000c7480000)
 Metaspace       used 17423K, capacity 17644K, committed 17792K, reserved 1064960K
  class space    used 1812K, capacity 1888K, committed 1920K, reserved 1048576K
Event: 20.598 GC heap after
Heap after GC invocations=14 (full 2):
 PSYoungGen      total 187392K, used 13806K [0x00000000eb300000, 0x00000000f9c80000, 0x0000000100000000)
  eden space 173568K, 0% used [0x00000000eb300000,0x00000000eb300000,0x00000000f5c80000)
  from space 13824K, 99% used [0x00000000f7600000,0x00000000f837b858,0x00000000f8380000)
  to   space 26112K, 0% used [0x00000000f5c80000,0x00000000f5c80000,0x00000000f7600000)
 ParOldGen       total 98816K, used 98581K [0x00000000c1800000, 0x00000000c7880000, 0x00000000eb300000)
  object space 98816K, 99% used [0x00000000c1800000,0x00000000c7845718,0x00000000c7880000)
 Metaspace       used 17423K, capacity 17644K, committed 17792K, reserved 1064960K
  class space    used 1812K, capacity 1888K, committed 1920K, reserved 1048576K
}
Event: 20.598 GC heap before
{Heap before GC invocations=15 (full 3):
 PSYoungGen      total 187392K, used 13806K [0x00000000eb300000, 0x00000000f9c80000, 0x0000000100000000)
  eden space 173568K, 0% used [0x00000000eb300000,0x00000000eb300000,0x00000000f5c80000)
  from space 13824K, 99% used [0x00000000f7600000,0x00000000f837b858,0x00000000f8380000)
  to   space 26112K, 0% used [0x00000000f5c80000,0x00000000f5c80000,0x00000000f7600000)
 ParOldGen       total 98816K, used 98581K [0x00000000c1800000, 0x00000000c7880000, 0x00000000eb300000)
  object space 98816K, 99% used [0x00000000c1800000,0x00000000c7845718,0x00000000c7880000)
 Metaspace       used 17423K, capacity 17644K, committed 17792K, reserved 1064960K
  class space    used 1812K, capacity 1888K, committed 1920K, reserved 1048576K
Event: 21.038 GC heap after
Heap after GC invocations=15 (full 3):
 PSYoungGen      total 187392K, used 4579K [0x00000000eb300000, 0x00000000f9c80000, 0x0000000100000000)
  eden space 173568K, 0% used [0x00000000eb300000,0x00000000eb300000,0x00000000f5c80000)
  from space 13824K, 33% used [0x00000000f7600000,0x00000000f7a78ed0,0x00000000f8380000)
  to   space 26112K, 0% used [0x00000000f5c80000,0x00000000f5c80000,0x00000000f7600000)
 ParOldGen       total 171008K, used 98512K [0x00000000c1800000, 0x00000000cbf00000, 0x00000000eb300000)
  object space 171008K, 57% used [0x00000000c1800000,0x00000000c78341a0,0x00000000cbf00000)
 Metaspace       used 17423K, capacity 17644K, committed 17792K, reserved 1064960K
  class space    used 1812K, capacity 1888K, committed 1920K, reserved 1048576K
}

Deoptimization events (10 events):
Event: 16.309 Thread 0x0000000056492000 Uncommon trap: reason=unstable_if action=reinterpret pc=0x00000000026f185c method=java.awt.image.ComponentColorModel.getRGB(Ljava/lang/Object;)I @ 4
Event: 16.309 Thread 0x0000000056492000 Uncommon trap: reason=unstable_if action=reinterpret pc=0x00000000026f8040 method=java.awt.image.ComponentColorModel.getAlpha(Ljava/lang/Object;)I @ 4
Event: 16.309 Thread 0x0000000056492000 Uncommon trap: reason=unstable_if action=reinterpret pc=0x00000000026e5108 method=java.awt.image.ComponentColorModel.extractComponent(Ljava/lang/Object;II)I @ 4
Event: 17.249 Thread 0x0000000056492000 Uncommon trap: reason=unstable_if action=reinterpret pc=0x0000000002836dc4 method=java.lang.Math.round(F)I @ 36
Event: 17.501 Thread 0x0000000056492000 Uncommon trap: reason=unstable_if action=reinterpret pc=0x00000000028d68bc method=java.io.BufferedReader.readLine(Z)Ljava/lang/String; @ 192
Event: 20.384 Thread 0x0000000056492000 Uncommon trap: reason=unstable_if action=reinterpret pc=0x000000000284d16c method=functions.MathExt.contain(FFF)F @ 3
Event: 20.398 Thread 0x0000000056492000 Uncommon trap: reason=unstable_if action=reinterpret pc=0x00000000028d32cc method=ds.lst.CleanList$ListIterator.hasNext()Z @ 6
Event: 21.055 Thread 0x000000005641f000 Uncommon trap: reason=unstable_if action=reinterpret pc=0x0000000002893830 method=java.util.HashMap.clear()V @ 23
Event: 21.101 Thread 0x0000000056492000 Uncommon trap: reason=unstable_if action=reinterpret pc=0x00000000023f4af8 method=gfx.GOGL.drawWaveform(FFFFIIIILresource/sound/SoundBuffer;Z)V @ 360
Event: 21.172 Thread 0x0000000056492000 Uncommon trap: reason=unstable_if action=reinterpret pc=0x000000000285dae8 method=java.lang.StrictMath.floorOrCeil(DDDD)D @ 115

Internal exceptions (10 events):
Event: 0.226 Thread 0x000000000012e800 Exception <a 'java/security/PrivilegedActionException'> (0x00000000eb45dae0) thrown at [C:\re\workspace\8-2-build-windows-amd64-cygwin\jdk8u45\3627\hotspot\src\share\vm\prims\jvm.cpp, line 1382]
Event: 0.226 Thread 0x000000000012e800 Exception <a 'java/security/PrivilegedActionException'> (0x00000000eb45dc98) thrown at [C:\re\workspace\8-2-build-windows-amd64-cygwin\jdk8u45\3627\hotspot\src\share\vm\prims\jvm.cpp, line 1382]
Event: 0.227 Thread 0x000000000012e800 Exception <a 'java/security/PrivilegedActionException'> (0x00000000eb461790) thrown at [C:\re\workspace\8-2-build-windows-amd64-cygwin\jdk8u45\3627\hotspot\src\share\vm\prims\jvm.cpp, line 1382]
Event: 0.227 Thread 0x000000000012e800 Exception <a 'java/security/PrivilegedActionException'> (0x00000000eb461948) thrown at [C:\re\workspace\8-2-build-windows-amd64-cygwin\jdk8u45\3627\hotspot\src\share\vm\prims\jvm.cpp, line 1382]
Event: 0.235 Thread 0x000000000012e800 Exception <a 'java/io/FileNotFoundException'> (0x00000000eb463c98) thrown at [C:\re\workspace\8-2-build-windows-amd64-cygwin\jdk8u45\3627\hotspot\src\share\vm\prims\jni.cpp, line 709]
Event: 0.289 Thread 0x000000000012e800 Exception <a 'java/io/FileNotFoundException'> (0x00000000eb483b10) thrown at [C:\re\workspace\8-2-build-windows-amd64-cygwin\jdk8u45\3627\hotspot\src\share\vm\prims\jni.cpp, line 709]
Event: 0.379 Thread 0x000000000012e800 Exception <a 'java/lang/NoSuchFieldError': method resolution failed> (0x00000000eb558500) thrown at [C:\re\workspace\8-2-build-windows-amd64-cygwin\jdk8u45\3627\hotspot\src\share\vm\prims\methodHandles.cpp, line 1125]
Event: 0.382 Thread 0x000000000012e800 Exception <a 'java/lang/NoSuchFieldError': method resolution failed> (0x00000000eb566f40) thrown at [C:\re\workspace\8-2-build-windows-amd64-cygwin\jdk8u45\3627\hotspot\src\share\vm\prims\methodHandles.cpp, line 1125]
Event: 5.156 Thread 0x000000000012e800 Exception <a 'java/lang/InterruptedException'> (0x00000000ec029618) thrown at [C:\re\workspace\8-2-build-windows-amd64-cygwin\jdk8u45\3627\hotspot\src\share\vm\runtime\objectMonitor.cpp, line 1683]
Event: 5.445 Thread 0x000000000012e800 Exception <a 'java/lang/reflect/InvocationTargetException'> (0x00000000ec255980) thrown at [C:\re\workspace\8-2-build-windows-amd64-cygwin\jdk8u45\3627\hotspot\src\share\vm\runtime\reflection.cpp, line 1080]

Events (10 events):
Event: 21.157 loading class com/jogamp/opengl/glu/gl2/GLUgl2$1 done
Event: 21.157 loading class jogamp/opengl/gl2/ProjectDouble
Event: 21.157 loading class jogamp/opengl/gl2/ProjectDouble done
Event: 21.159 loading class java/nio/DirectDoubleBufferU
Event: 21.159 loading class java/nio/DirectDoubleBufferU done
Event: 21.159 Executing VM operation: Deoptimize
Event: 21.160 Executing VM operation: Deoptimize done
Event: 21.172 Thread 0x0000000056492000 Uncommon trap: trap_request=0xffffff65 fr.pc=0x000000000285dae8
Event: 21.172 Thread 0x0000000056492000 DEOPT PACKING pc=0x000000000285dae8 sp=0x000000005905c640
Event: 21.172 Thread 0x0000000056492000 DEOPT UNPACKING pc=0x000000000232556a sp=0x000000005905c5c0 mode 2


Dynamic libraries:
0x000000013f8f0000 - 0x000000013f927000 	C:\Program Files\Java\jre1.8.0_45\bin\javaw.exe
0x0000000077950000 - 0x0000000077af9000 	C:\Windows\SYSTEM32\ntdll.dll
0x0000000077730000 - 0x000000007784f000 	C:\Windows\system32\kernel32.dll
0x000007fefd910000 - 0x000007fefd97c000 	C:\Windows\system32\KERNELBASE.dll
0x000007fefdbb0000 - 0x000007fefdc8b000 	C:\Windows\system32\ADVAPI32.dll
0x000007fefe350000 - 0x000007fefe3ef000 	C:\Windows\system32\msvcrt.dll
0x000007fefdf40000 - 0x000007fefdf5f000 	C:\Windows\SYSTEM32\sechost.dll
0x000007feff220000 - 0x000007feff34d000 	C:\Windows\system32\RPCRT4.dll
0x0000000077850000 - 0x000000007794a000 	C:\Windows\system32\USER32.dll
0x000007fefdb40000 - 0x000007fefdba7000 	C:\Windows\system32\GDI32.dll
0x000007feff5e0000 - 0x000007feff5ee000 	C:\Windows\system32\LPK.dll
0x000007feff7e0000 - 0x000007feff8a9000 	C:\Windows\system32\USP10.dll
0x000007fefc190000 - 0x000007fefc384000 	C:\Windows\WinSxS\amd64_microsoft.windows.common-controls_6595b64144ccf1df_6.0.7601.18837_none_fa3b1e3d17594757\COMCTL32.dll
0x000007feff350000 - 0x000007feff3c1000 	C:\Windows\system32\SHLWAPI.dll
0x000007fefe320000 - 0x000007fefe34e000 	C:\Windows\system32\IMM32.DLL
0x000007fefdf60000 - 0x000007fefe069000 	C:\Windows\system32\MSCTF.dll
0x000000006cca0000 - 0x000000006cd72000 	C:\Program Files\Java\jre1.8.0_45\bin\msvcr100.dll
0x0000000069a40000 - 0x000000006a2c3000 	C:\Program Files\Java\jre1.8.0_45\bin\server\jvm.dll
0x000007fef7a90000 - 0x000007fef7a99000 	C:\Windows\system32\WSOCK32.dll
0x000007fefe250000 - 0x000007fefe29d000 	C:\Windows\system32\WS2_32.dll
0x000007feff750000 - 0x000007feff758000 	C:\Windows\system32\NSI.dll
0x000007fef9530000 - 0x000007fef956b000 	C:\Windows\system32\WINMM.dll
0x000007fefc850000 - 0x000007fefc85c000 	C:\Windows\system32\VERSION.dll
0x0000000077b10000 - 0x0000000077b17000 	C:\Windows\system32\PSAPI.DLL
0x000000006dae0000 - 0x000000006daef000 	C:\Program Files\Java\jre1.8.0_45\bin\verify.dll
0x000000006da00000 - 0x000000006da29000 	C:\Program Files\Java\jre1.8.0_45\bin\java.dll
0x000000006da40000 - 0x000000006da56000 	C:\Program Files\Java\jre1.8.0_45\bin\zip.dll
0x000007fefe3f0000 - 0x000007feff179000 	C:\Windows\system32\SHELL32.dll
0x000007feff3d0000 - 0x000007feff5d3000 	C:\Windows\system32\ole32.dll
0x000007fefd790000 - 0x000007fefd79f000 	C:\Windows\system32\profapi.dll
0x000000006b740000 - 0x000000006b8d8000 	C:\Program Files\Java\jre1.8.0_45\bin\awt.dll
0x000007feff8b0000 - 0x000007feff987000 	C:\Windows\system32\OLEAUT32.dll
0x000007fefb750000 - 0x000007fefb768000 	C:\Windows\system32\DWMAPI.DLL
0x000007fefbd50000 - 0x000007fefbda6000 	C:\Windows\system32\uxtheme.dll
0x000007fefd580000 - 0x000007fefd58f000 	C:\Windows\system32\CRYPTBASE.dll
0x000007feec380000 - 0x000007feec57f000 	C:\Windows\system32\d3d9.dll
0x000007fef0ed0000 - 0x000007fef0ed7000 	C:\Windows\system32\d3d8thk.dll
0x000007fef1440000 - 0x000007fef144d000 	C:\Windows\system32\atiu9p64.dll
0x000000006b300000 - 0x000000006b737000 	C:\Windows\system32\atiumd64.dll
0x000000006b080000 - 0x000000006b2f1000 	C:\Windows\system32\atiumd6a.dll
0x000000006cf40000 - 0x000000006cf87000 	C:\Program Files\Java\jre1.8.0_45\bin\fontmanager.dll
0x000007feff180000 - 0x000007feff219000 	C:\Windows\system32\CLBCatQ.DLL
0x000007fefcf20000 - 0x000007fefcf38000 	C:\Windows\system32\CRYPTSP.dll
0x000007fefcd10000 - 0x000007fefcd57000 	C:\Windows\system32\rsaenh.dll
0x000007fefd8d0000 - 0x000007fefd8ee000 	C:\Windows\system32\USERENV.dll
0x000000006d900000 - 0x000000006d91a000 	C:\Program Files\Java\jre1.8.0_45\bin\net.dll
0x000007fefcec0000 - 0x000007fefcf15000 	C:\Windows\system32\mswsock.dll
0x000007fefcf70000 - 0x000007fefcf77000 	C:\Windows\System32\wship6.dll
0x000007fefb510000 - 0x000007fefb537000 	C:\Windows\system32\IPHLPAPI.DLL
0x000007fefb4b0000 - 0x000007fefb4bb000 	C:\Windows\system32\WINNSI.DLL
0x000007fefb320000 - 0x000007fefb338000 	C:\Windows\system32\dhcpcsvc.DLL
0x000007fefb220000 - 0x000007fefb231000 	C:\Windows\system32\dhcpcsvc6.DLL
0x000000006d8e0000 - 0x000000006d8f1000 	C:\Program Files\Java\jre1.8.0_45\bin\nio.dll
0x000007fefd670000 - 0x000007fefd6c7000 	C:\Windows\system32\apphelp.dll
0x00000000637c0000 - 0x00000000637cd000 	C:\Users\Ryan\AppData\Local\Temp\jogamp_0000\file_cache\jln8645323496609236973\jln1706394684070860800\gluegen-rt.dll
0x0000000074880000 - 0x0000000074887000 	C:\Program Files\Java\jre1.8.0_45\bin\jawt.dll
0x000000006a440000 - 0x000000006a44d000 	C:\Users\Ryan\AppData\Local\Temp\jogamp_0000\file_cache\jln8645323496609236973\jln1706394684070860800\nativewindow_awt.dll
0x000000006c100000 - 0x000000006c10f000 	C:\Users\Ryan\AppData\Local\Temp\jogamp_0000\file_cache\jln8645323496609236973\jln1706394684070860800\nativewindow_win32.dll
0x000007feec660000 - 0x000007feec77d000 	C:\Windows\system32\OpenGL32.dll
0x000007feefc70000 - 0x000007feefc9d000 	C:\Windows\system32\GLU32.dll
0x000007feec280000 - 0x000007feec371000 	C:\Windows\system32\DDRAW.dll
0x000007fef0640000 - 0x000007fef0648000 	C:\Windows\system32\DCIMAN32.dll
0x000007fefe070000 - 0x000007fefe247000 	C:\Windows\system32\SETUPAPI.dll
0x000007fefd7b0000 - 0x000007fefd7e6000 	C:\Windows\system32\CFGMGR32.dll
0x000007fefd8f0000 - 0x000007fefd90a000 	C:\Windows\system32\DEVOBJ.dll
0x0000000064500000 - 0x00000000645ae000 	C:\Users\Ryan\AppData\Local\Temp\jogamp_0000\file_cache\jln8645323496609236973\jln1706394684070860800\jogl_desktop.dll
0x0000000064340000 - 0x00000000643a0000 	C:\Users\Ryan\AppData\Local\Temp\jogamp_0000\file_cache\jln8645323496609236973\jln1706394684070860800\jogl_mobile.dll
0x000007fef0630000 - 0x000007fef0638000 	C:\Windows\system32\atig6pxx.dll
0x000000005a570000 - 0x000000005b536000 	C:\Windows\system32\atio6axx.dll
0x000007feefd00000 - 0x000007feefd09000 	C:\Windows\system32\atig6txx.dll
0x0000000180000000 - 0x0000000180049000 	C:\Windows\system32\atiadlxx.dll
0x000007fefd980000 - 0x000007fefd9bb000 	C:\Windows\system32\WINTRUST.dll
0x000007fefd9c0000 - 0x000007fefdb2d000 	C:\Windows\system32\CRYPT32.dll
0x000007fefd780000 - 0x000007fefd78f000 	C:\Windows\system32\MSASN1.dll
0x0000000055340000 - 0x0000000055398000 	C:\Users\Ryan\AppData\Local\Temp\jogamp_0000\file_cache\jln8645323496609236973\jln1706394684070860800\soft_oal.dll
0x00000000680c0000 - 0x00000000680d6000 	C:\Users\Ryan\AppData\Local\Temp\jogamp_0000\file_cache\jln8645323496609236973\jln1706394684070860800\joal.dll
0x000007fefbf10000 - 0x000007fefbf5b000 	C:\Windows\System32\MMDevApi.dll
0x000007fefbdb0000 - 0x000007fefbedc000 	C:\Windows\System32\PROPSYS.dll
0x000007feec5d0000 - 0x000007feec658000 	C:\Windows\system32\dsound.dll
0x000007fefc820000 - 0x000007fefc84c000 	C:\Windows\system32\POWRPROF.dll
0x000007fef8b80000 - 0x000007fef8bcf000 	C:\Windows\system32\AUDIOSES.DLL
0x000000006cf00000 - 0x000000006cf31000 	C:\Program Files\Java\jre1.8.0_45\bin\jpeg.dll
0x000000006cec0000 - 0x000000006cefd000 	C:\Program Files\Java\jre1.8.0_45\bin\lcms.dll
0x000007fef17f0000 - 0x000007fef1915000 	C:\Windows\system32\dbghelp.dll

VM Arguments:
jvm_args: -Djava.library.path=C:\Users\Ryan\Desktop\jogamp-all-platforms\lib;C:\Users\Ryan\Desktop\jogamp-all-platforms\lib\windows-i586;C:\Users\Ryan\Desktop\jogamp-all-platforms\lib\windows-i586;C:\Users\Ryan\Desktop\jogamp-all-platforms;C:\Users\Ryan\Desktop\Ghost4J\lib -Dfile.encoding=Cp1252 
java_command: cont.GameController
java_class_path (initial): C:\Users\Ryan\Desktop\j-ogg\build\lib\j-ogg-all.jar;C:\Users\Ryan\Desktop\jogamp-all-platforms\jar\gluegen-rt.jar;C:\Users\Ryan\Desktop\jogamp-all-platforms\jar\jogl-all.jar;C:\Users\Ryan\Desktop\jogamp-all-platforms\jar\joal.jar;C:\Users\Ryan\Desktop\Ghost4J\ghost4j-1.0.0.jar;C:\Users\Ryan\Documents\newWorkspace\JavaGame\bin
Launcher Type: SUN_STANDARD

Environment Variables:
CLASSPATH=.;C:\Program Files (x86)\Java\jre7\lib\ext\QTJava.zip
PATH=C:/Program Files/Java/jre1.8.0_45/bin/server;C:/Program Files/Java/jre1.8.0_45/bin;C:/Program Files/Java/jre1.8.0_45/lib/amd64;C:\Windows\system32;C:\Windows;C:\Windows\system32\wbem;C:\ProgramData\Oracle\Java\javapath;C:\Program Files (x86)\AMD APP\bin\x86_64;C:\Program Files (x86)\AMD APP\bin\x86;C:\Program Files\Common Files\Microsoft Shared\Windows Live;C:\Program Files (x86)\PC Connectivity Solution;C:\Windows\System32\WindowsPowerShell\v1.0;C:\Program Files (x86)\ATI Technologies\ATI.ACE\Core-Static;C:\Program Files (x86)\Common Files\Lenovo;C:\Program Files (x86)\Common Files\Roxio Shared\10.0\DLLShared;C:\Program Files (x86)\Common Files\Roxio Shared\DLLShared;C:\Program Files (x86)\Lenovo\Access Connections;c:\Program Files (x86)\Microsoft SQL Server\90\Tools\binn;c:\Program Files (x86)\Microsoft SQL Server\100\Tools\Binn;c:\Program Files\Microsoft SQL Server\100\Tools\Binn;c:\Program Files\Microsoft SQL Server\100\DTS\Binn;C:\Program Files (x86)\Common Files\Teleca Shared;C:\Program Files (x86)\QuickTime\QTSystem;C:\Windows\System32\WindowsPowerShell\v1.0;C:\Program Files (x86)\Java\jre7\bin;C:\Program Files (x86)\PharosSystems\Core;C:\Program Files (x86)\nodejs;C:\Program Files (x86)\Skype\Phone;C:\Program Files\MATLAB\R2015a\runtime\win64;C:\Program Files\MATLAB\R2015a\bin;C:\Program Files\Common Files\Microsoft Shared\Windows Live;C:\MinGW\bin;C:\MinGW\msys\1.0\bin;C:\Users\Ryan\AppData\Roaming\npm;C:\Users\Ryan\Desktop\Java Development;
USERNAME=Ryan
OS=Windows_NT
PROCESSOR_IDENTIFIER=Intel64 Family 6 Model 23 Stepping 10, GenuineIntel



---------------  S Y S T E M  ---------------

OS: Windows 7 , 64 bit Build 7601 (6.1.7601.18933)

CPU:total 2 (2 cores per cpu, 1 threads per core) family 6 model 23 stepping 10, cmov, cx8, fxsr, mmx, sse, sse2, sse3, ssse3, sse4.1, tsc

Memory: 4k page, physical 4087836k(1672508k free), swap 8173832k(4891472k free)

vm_info: Java HotSpot(TM) 64-Bit Server VM (25.45-b02) for windows-amd64 JRE (1.8.0_45-b15), built on Apr 30 2015 12:40:44 by "java_re" with MS VC++ 10.0 (VS2010)

time: Sun Sep 27 15:57:53 2015
elapsed time: 21 seconds (0d 0h 0m 21s)

