#
# A fatal error has been detected by the Java Runtime Environment:
#
#  EXCEPTION_ACCESS_VIOLATION (0xc0000005) at pc=0x0000000069307900, pid=640, tid=1052
#
# JRE version: Java(TM) SE Runtime Environment (8.0_45-b15) (build 1.8.0_45-b15)
# Java VM: Java HotSpot(TM) 64-Bit Server VM (25.45-b02 mixed mode windows-amd64 compressed oops)
# Problematic frame:
# C  [atio6axx.dll+0x2d7900]
#
# Failed to write core dump. Minidumps are not enabled by default on client versions of Windows
#
# If you would like to submit a bug report, please visit:
#   http://bugreport.java.com/bugreport/crash.jsp
# The crash happened outside the Java Virtual Machine in native code.
# See problematic frame for where to report the bug.
#

---------------  T H R E A D  ---------------

Current thread (0x00000000563f5800):  JavaThread "AWT-EventQueue-0" [_thread_in_native, id=1052, stack(0x0000000059ae0000,0x0000000059be0000)]

siginfo: ExceptionCode=0xc0000005, reading address 0x0000000000000000

Registers:
RAX=0x0000000000000000, RBX=0x0000000000000000, RCX=0x000000005b936650, RDX=0x0000000000000000
RSP=0x0000000059bdc600, RBP=0x0000000000002700, RSI=0x0000000000000003, RDI=0x0000000000000001
R8 =0x000000005b938d50, R9 =0xffffffffa46c99b0, R10=0x000000005b936650, R11=0x000000005b93666c
R12=0x0000000000000270, R13=0x0000000000000010, R14=0x000000005a9775d0, R15=0x000000005a975b00
RIP=0x0000000069307900, EFLAGS=0x0000000000010283

Top of Stack: (sp=0x0000000059bdc600)
0x0000000059bdc600:   0000000001d8c240 000000000000001b
0x0000000059bdc610:   0000000000000000 00000000563f5800
0x0000000059bdc620:   00000000563b2fe0 00000000560adb60
0x0000000059bdc630:   0000000000000001 00000000658d28e1
0x0000000059bdc640:   00000000000000d8 0000000059bdd9b8
0x0000000059bdc650:   0000f927c4ad3940 0000000053f466d0
0x0000000059bdc660:   0000000000000000 00000000658d2bef
0x0000000059bdc670:   0000000059bdc830 0000000053f466d0
0x0000000059bdc680:   00000000563f5800 00000000658b0a10
0x0000000059bdc690:   0000000059bdc749 00000000659cb3e2
0x0000000059bdc6a0:   0000000059bdc8b0 00000000563f5800
0x0000000059bdc6b0:   0000000059bdc7d0 000000000000000b
0x0000000059bdc6c0:   00000000563ec940 00000000658b1f8f
0x0000000059bdc6d0:   0000000000000000 0000000059bdc749
0x0000000059bdc6e0:   000000005618f5c0 00000000560adba8
0x0000000059bdc6f0:   00000000563f5800 000007fefd341300 

Instructions: (pc=0x0000000069307900)
0x00000000693078e0:   5a 1c 49 8b ca 44 8b c5 8b dd 83 e3 03 44 2b c3
0x00000000693078f0:   4d 03 c2 4d 3b d8 73 4a 4c 8b ca 4d 2b ca 66 90
0x0000000069307900:   8b 02 48 83 c1 20 48 83 c2 20 89 41 e0 42 8b 44
0x0000000069307910:   09 e4 89 41 e4 8b 42 e8 89 41 e8 8b 42 ec 89 41 


Register to memory mapping:

RAX=0x0000000000000000 is an unknown value
RBX=0x0000000000000000 is an unknown value
RCX=0x000000005b936650 is an unknown value
RDX=0x0000000000000000 is an unknown value
RSP=0x0000000059bdc600 is pointing into the stack for thread: 0x00000000563f5800
RBP=0x0000000000002700 is an unknown value
RSI=0x0000000000000003 is an unknown value
RDI=0x0000000000000001 is an unknown value
R8 =0x000000005b938d50 is an unknown value
R9 =0xffffffffa46c99b0 is an unknown value
R10=0x000000005b936650 is an unknown value
R11=0x000000005b93666c is an unknown value
R12=0x0000000000000270 is an unknown value
R13=0x0000000000000010 is an unknown value
R14=0x000000005a9775d0 is an unknown value
R15=0x000000005a975b00 is an unknown value


Stack: [0x0000000059ae0000,0x0000000059be0000],  sp=0x0000000059bdc600,  free space=1009k
Native frames: (J=compiled Java code, j=interpreted, Vv=VM code, C=native code)
C  [atio6axx.dll+0x2d7900]
C  [atio6axx.dll+0x2d5dd7]
C  [atio6axx.dll+0x277b2b]
C  [atio6axx.dll+0x40540b]
C  0x0000000002563874

Java frames: (J=compiled Java code, j=interpreted, Vv=VM code)
j  jogamp.opengl.gl4.GL4bcImpl.dispatch_glDrawArrays1(IIIJ)V+0
j  jogamp.opengl.gl4.GL4bcImpl.glDrawArrays(III)V+45
j  resource.model.Model.drawFast()V+112
j  object.environment.BlockTerrain$Section.draw(FF)V+32
j  object.environment.BlockTerrain$Chunk.draw()V+55
j  object.environment.BlockTerrain.draw()V+34
j  object.primitive.Drawable.draw3D()V+166
j  gfx.Camera.renderAll()V+58
j  gfx.GOGL$1.display(Lcom/jogamp/opengl/GLAutoDrawable;)V+34
j  jogamp.opengl.GLDrawableHelper.displayImpl(Lcom/jogamp/opengl/GLAutoDrawable;)V+81
j  jogamp.opengl.GLDrawableHelper.display(Lcom/jogamp/opengl/GLAutoDrawable;)V+2
j  com.jogamp.opengl.awt.GLCanvas$11.run()V+118
j  jogamp.opengl.GLDrawableHelper.invokeGLImpl(Lcom/jogamp/opengl/GLDrawable;Lcom/jogamp/opengl/GLContext;Ljava/lang/Runnable;Ljava/lang/Runnable;)V+203
j  jogamp.opengl.GLDrawableHelper.invokeGL(Lcom/jogamp/opengl/GLDrawable;Lcom/jogamp/opengl/GLContext;Ljava/lang/Runnable;Ljava/lang/Runnable;)V+72
j  com.jogamp.opengl.awt.GLCanvas$12.run()V+104
j  com.jogamp.opengl.Threading.invoke(ZLjava/lang/Runnable;Ljava/lang/Object;)V+27
j  com.jogamp.opengl.awt.GLCanvas.display()V+64
j  com.jogamp.opengl.awt.GLCanvas.paint(Ljava/awt/Graphics;)V+137
j  sun.awt.RepaintArea.paintComponent(Ljava/awt/Component;Ljava/awt/Graphics;)V+6
j  sun.awt.RepaintArea.paint(Ljava/lang/Object;Z)V+326
j  sun.awt.windows.WComponentPeer.handleEvent(Ljava/awt/AWTEvent;)V+155
j  java.awt.Component.dispatchEventImpl(Ljava/awt/AWTEvent;)V+877
j  java.awt.Component.dispatchEvent(Ljava/awt/AWTEvent;)V+2
j  java.awt.EventQueue.dispatchEventImpl(Ljava/awt/AWTEvent;Ljava/lang/Object;)V+41
j  java.awt.EventQueue.access$500(Ljava/awt/EventQueue;Ljava/awt/AWTEvent;Ljava/lang/Object;)V+3
j  java.awt.EventQueue$3.run()Ljava/lang/Void;+32
j  java.awt.EventQueue$3.run()Ljava/lang/Object;+1
v  ~StubRoutines::call_stub
j  java.security.AccessController.doPrivileged(Ljava/security/PrivilegedAction;Ljava/security/AccessControlContext;)Ljava/lang/Object;+0
j  java.security.ProtectionDomain$1.doIntersectionPrivilege(Ljava/security/PrivilegedAction;Ljava/security/AccessControlContext;Ljava/security/AccessControlContext;)Ljava/lang/Object;+28
j  java.security.ProtectionDomain$1.doIntersectionPrivilege(Ljava/security/PrivilegedAction;Ljava/security/AccessControlContext;)Ljava/lang/Object;+6
j  java.awt.EventQueue$4.run()Ljava/lang/Void;+11
j  java.awt.EventQueue$4.run()Ljava/lang/Object;+1
v  ~StubRoutines::call_stub
j  java.security.AccessController.doPrivileged(Ljava/security/PrivilegedAction;Ljava/security/AccessControlContext;)Ljava/lang/Object;+0
j  java.security.ProtectionDomain$1.doIntersectionPrivilege(Ljava/security/PrivilegedAction;Ljava/security/AccessControlContext;Ljava/security/AccessControlContext;)Ljava/lang/Object;+28
j  java.awt.EventQueue.dispatchEvent(Ljava/awt/AWTEvent;)V+73
j  java.awt.EventDispatchThread.pumpOneEventForFilters(I)V+245
j  java.awt.EventDispatchThread.pumpEventsForFilter(ILjava/awt/Conditional;Ljava/awt/EventFilter;)V+35
j  java.awt.EventDispatchThread.pumpEventsForHierarchy(ILjava/awt/Conditional;Ljava/awt/Component;)V+11
j  java.awt.EventDispatchThread.pumpEvents(ILjava/awt/Conditional;)V+4
j  java.awt.EventDispatchThread.pumpEvents(Ljava/awt/Conditional;)V+3
j  java.awt.EventDispatchThread.run()V+9
v  ~StubRoutines::call_stub

---------------  P R O C E S S  ---------------

Java Threads: ( => current thread )
  0x0000000001d8e800 JavaThread "DestroyJavaVM" [_thread_blocked, id=4664, stack(0x0000000002180000,0x0000000002280000)]
  0x00000000561a2000 JavaThread "Thread-4" [_thread_blocked, id=3160, stack(0x000000005aff0000,0x000000005b0f0000)]
  0x00000000594a1000 JavaThread "D3D Screen Updater" daemon [_thread_blocked, id=2748, stack(0x000000005b1b0000,0x000000005b2b0000)]
  0x0000000059259800 JavaThread "main-SharedResourceRunner" daemon [_thread_blocked, id=4408, stack(0x000000005a190000,0x000000005a290000)]
=>0x00000000563f5800 JavaThread "AWT-EventQueue-0" [_thread_in_native, id=1052, stack(0x0000000059ae0000,0x0000000059be0000)]
  0x00000000563c3800 JavaThread "AWT-Windows" daemon [_thread_in_native, id=4112, stack(0x0000000056890000,0x0000000056990000)]
  0x00000000563b2000 JavaThread "AWT-Shutdown" [_thread_blocked, id=4776, stack(0x0000000056640000,0x0000000056740000)]
  0x00000000563b1000 JavaThread "Java2D Disposer" daemon [_thread_blocked, id=4484, stack(0x0000000056530000,0x0000000056630000)]
  0x000000005492c000 JavaThread "Service Thread" daemon [_thread_blocked, id=4572, stack(0x0000000055d50000,0x0000000055e50000)]
  0x00000000548d5000 JavaThread "C1 CompilerThread1" daemon [_thread_blocked, id=3996, stack(0x0000000055c20000,0x0000000055d20000)]
  0x00000000548cb000 JavaThread "C2 CompilerThread0" daemon [_thread_blocked, id=1168, stack(0x0000000055b20000,0x0000000055c20000)]
  0x00000000548c9800 JavaThread "Attach Listener" daemon [_thread_blocked, id=4420, stack(0x0000000055850000,0x0000000055950000)]
  0x00000000548c8800 JavaThread "Signal Dispatcher" daemon [_thread_blocked, id=5116, stack(0x0000000055960000,0x0000000055a60000)]
  0x000000005486c000 JavaThread "Finalizer" daemon [_thread_blocked, id=4132, stack(0x0000000055690000,0x0000000055790000)]
  0x0000000054865000 JavaThread "Reference Handler" daemon [_thread_blocked, id=5060, stack(0x0000000055530000,0x0000000055630000)]

Other Threads:
  0x000000005485d000 VMThread [stack: 0x0000000055380000,0x0000000055480000] [id=2616]
  0x000000005492d000 WatcherThread [stack: 0x0000000055f00000,0x0000000056000000] [id=4688]

VM state:not at safepoint (normal execution)

VM Mutex/Monitor currently owned by a thread: None

Heap:
 PSYoungGen      total 163328K, used 153511K [0x00000000eb300000, 0x00000000f9380000, 0x0000000100000000)
  eden space 147456K, 97% used [0x00000000eb300000,0x00000000f3f01fc8,0x00000000f4300000)
  from space 15872K, 63% used [0x00000000f4300000,0x00000000f4ce7d50,0x00000000f5280000)
  to   space 16384K, 0% used [0x00000000f8380000,0x00000000f8380000,0x00000000f9380000)
 ParOldGen       total 92672K, used 70344K [0x00000000c1800000, 0x00000000c7280000, 0x00000000eb300000)
  object space 92672K, 75% used [0x00000000c1800000,0x00000000c5cb20c8,0x00000000c7280000)
 Metaspace       used 17476K, capacity 17676K, committed 17792K, reserved 1064960K
  class space    used 1815K, capacity 1920K, committed 1920K, reserved 1048576K

Card table byte_map: [0x0000000011910000,0x0000000011b10000] byte_map_base: 0x0000000011304000

Marking Bits: (ParMarkBitMap*) 0x0000000065ea4040
 Begin Bits: [0x0000000011df0000, 0x0000000012d90000)
 End Bits:   [0x0000000012d90000, 0x0000000013d30000)

Polling page: 0x0000000000200000

CodeCache: size=245760Kb used=6356Kb max_used=6356Kb free=239403Kb
 bounds [0x0000000002550000, 0x0000000002ba0000, 0x0000000011550000]
 total_blobs=2575 nmethods=1661 adapters=829
 compilation: enabled

Compilation events (10 events):
Event: 21.682 Thread 0x00000000548d5000 nmethod 1739 0x00000000026602d0 code [0x0000000002660480, 0x00000000026609d8]
Event: 21.682 Thread 0x00000000548d5000 1743       3       jogamp.opengl.gl4.GL4bcImpl::glTexCoord2f (45 bytes)
Event: 21.683 Thread 0x00000000548d5000 nmethod 1743 0x00000000027d2790 code [0x00000000027d29e0, 0x00000000027d3708]
Event: 21.683 Thread 0x00000000548d5000 1744       3       resource.model.Model::mult (73 bytes)
Event: 21.684 Thread 0x00000000548d5000 nmethod 1744 0x00000000027d1fd0 code [0x00000000027d2160, 0x00000000027d2510]
Event: 21.684 Thread 0x00000000548cb000 1740       4       datatypes.mat4::get (37 bytes)
Event: 21.686 Thread 0x00000000548cb000 nmethod 1740 0x0000000002801e10 code [0x0000000002801f60, 0x00000000028020d8]
Event: 21.686 Thread 0x00000000548cb000 1748       4       datatypes.vec::<init> (37 bytes)
Event: 21.689 Thread 0x00000000548cb000 nmethod 1748 0x000000000280afd0 code [0x000000000280b120, 0x000000000280b278]
Event: 21.689 Thread 0x00000000548cb000 1752       4       resource.model.Model::mult (73 bytes)

GC Heap History (10 events):
Event: 9.786 GC heap before
{Heap before GC invocations=9 (full 1):
 PSYoungGen      total 72704K, used 59066K [0x00000000eb300000, 0x00000000f4100000, 0x0000000100000000)
  eden space 65536K, 90% used [0x00000000eb300000,0x00000000eecaeba8,0x00000000ef300000)
  from space 7168K, 0% used [0x00000000ef300000,0x00000000ef300000,0x00000000efa00000)
  to   space 7168K, 0% used [0x00000000f3a00000,0x00000000f3a00000,0x00000000f4100000)
 ParOldGen       total 56832K, used 19465K [0x00000000c1800000, 0x00000000c4f80000, 0x00000000eb300000)
  object space 56832K, 34% used [0x00000000c1800000,0x00000000c2b02588,0x00000000c4f80000)
 Metaspace       used 16384K, capacity 16588K, committed 16896K, reserved 1064960K
  class space    used 1727K, capacity 1792K, committed 1792K, reserved 1048576K
Event: 9.798 GC heap after
Heap after GC invocations=9 (full 1):
 PSYoungGen      total 115200K, used 7141K [0x00000000eb300000, 0x00000000f4100000, 0x0000000100000000)
  eden space 108032K, 0% used [0x00000000eb300000,0x00000000eb300000,0x00000000f1c80000)
  from space 7168K, 99% used [0x00000000f3a00000,0x00000000f40f9640,0x00000000f4100000)
  to   space 14848K, 0% used [0x00000000f2400000,0x00000000f2400000,0x00000000f3280000)
 ParOldGen       total 56832K, used 34856K [0x00000000c1800000, 0x00000000c4f80000, 0x00000000eb300000)
  object space 56832K, 61% used [0x00000000c1800000,0x00000000c3a0a298,0x00000000c4f80000)
 Metaspace       used 16384K, capacity 16588K, committed 16896K, reserved 1064960K
  class space    used 1727K, capacity 1792K, committed 1792K, reserved 1048576K
}
Event: 11.051 GC heap before
{Heap before GC invocations=10 (full 1):
 PSYoungGen      total 115200K, used 113210K [0x00000000eb300000, 0x00000000f4100000, 0x0000000100000000)
  eden space 108032K, 98% used [0x00000000eb300000,0x00000000f1a95230,0x00000000f1c80000)
  from space 7168K, 99% used [0x00000000f3a00000,0x00000000f40f9640,0x00000000f4100000)
  to   space 14848K, 0% used [0x00000000f2400000,0x00000000f2400000,0x00000000f3280000)
 ParOldGen       total 56832K, used 34856K [0x00000000c1800000, 0x00000000c4f80000, 0x00000000eb300000)
  object space 56832K, 61% used [0x00000000c1800000,0x00000000c3a0a298,0x00000000c4f80000)
 Metaspace       used 16385K, capacity 16588K, committed 16896K, reserved 1064960K
  class space    used 1727K, capacity 1792K, committed 1792K, reserved 1048576K
Event: 11.065 GC heap after
Heap after GC invocations=10 (full 1):
 PSYoungGen      total 130560K, used 8398K [0x00000000eb300000, 0x00000000f6100000, 0x0000000100000000)
  eden space 115712K, 0% used [0x00000000eb300000,0x00000000eb300000,0x00000000f2400000)
  from space 14848K, 56% used [0x00000000f2400000,0x00000000f2c339f8,0x00000000f3280000)
  to   space 14848K, 0% used [0x00000000f5280000,0x00000000f5280000,0x00000000f6100000)
 ParOldGen       total 56832K, used 43854K [0x00000000c1800000, 0x00000000c4f80000, 0x00000000eb300000)
  object space 56832K, 77% used [0x00000000c1800000,0x00000000c42d3868,0x00000000c4f80000)
 Metaspace       used 16385K, capacity 16588K, committed 16896K, reserved 1064960K
  class space    used 1727K, capacity 1792K, committed 1792K, reserved 1048576K
}
Event: 11.065 GC heap before
{Heap before GC invocations=11 (full 2):
 PSYoungGen      total 130560K, used 8398K [0x00000000eb300000, 0x00000000f6100000, 0x0000000100000000)
  eden space 115712K, 0% used [0x00000000eb300000,0x00000000eb300000,0x00000000f2400000)
  from space 14848K, 56% used [0x00000000f2400000,0x00000000f2c339f8,0x00000000f3280000)
  to   space 14848K, 0% used [0x00000000f5280000,0x00000000f5280000,0x00000000f6100000)
 ParOldGen       total 56832K, used 43854K [0x00000000c1800000, 0x00000000c4f80000, 0x00000000eb300000)
  object space 56832K, 77% used [0x00000000c1800000,0x00000000c42d3868,0x00000000c4f80000)
 Metaspace       used 16385K, capacity 16588K, committed 16896K, reserved 1064960K
  class space    used 1727K, capacity 1792K, committed 1792K, reserved 1048576K
Event: 11.108 GC heap after
Heap after GC invocations=11 (full 2):
 PSYoungGen      total 130560K, used 0K [0x00000000eb300000, 0x00000000f6100000, 0x0000000100000000)
  eden space 115712K, 0% used [0x00000000eb300000,0x00000000eb300000,0x00000000f2400000)
  from space 14848K, 0% used [0x00000000f2400000,0x00000000f2400000,0x00000000f3280000)
  to   space 14848K, 0% used [0x00000000f5280000,0x00000000f5280000,0x00000000f6100000)
 ParOldGen       total 92672K, used 41523K [0x00000000c1800000, 0x00000000c7280000, 0x00000000eb300000)
  object space 92672K, 44% used [0x00000000c1800000,0x00000000c408ce58,0x00000000c7280000)
 Metaspace       used 16385K, capacity 16588K, committed 16896K, reserved 1064960K
  class space    used 1727K, capacity 1792K, committed 1792K, reserved 1048576K
}
Event: 13.159 GC heap before
{Heap before GC invocations=12 (full 2):
 PSYoungGen      total 130560K, used 113903K [0x00000000eb300000, 0x00000000f6100000, 0x0000000100000000)
  eden space 115712K, 98% used [0x00000000eb300000,0x00000000f223bce8,0x00000000f2400000)
  from space 14848K, 0% used [0x00000000f2400000,0x00000000f2400000,0x00000000f3280000)
  to   space 14848K, 0% used [0x00000000f5280000,0x00000000f5280000,0x00000000f6100000)
 ParOldGen       total 92672K, used 41523K [0x00000000c1800000, 0x00000000c7280000, 0x00000000eb300000)
  object space 92672K, 44% used [0x00000000c1800000,0x00000000c408ce58,0x00000000c7280000)
 Metaspace       used 16386K, capacity 16588K, committed 16896K, reserved 1064960K
  class space    used 1727K, capacity 1792K, committed 1792K, reserved 1048576K
Event: 13.201 GC heap after
Heap after GC invocations=12 (full 2):
 PSYoungGen      total 162304K, used 11869K [0x00000000eb300000, 0x00000000f6880000, 0x0000000100000000)
  eden space 147456K, 0% used [0x00000000eb300000,0x00000000eb300000,0x00000000f4300000)
  from space 14848K, 79% used [0x00000000f5280000,0x00000000f5e17508,0x00000000f6100000)
  to   space 15872K, 0% used [0x00000000f4300000,0x00000000f4300000,0x00000000f5280000)
 ParOldGen       total 92672K, used 53060K [0x00000000c1800000, 0x00000000c7280000, 0x00000000eb300000)
  object space 92672K, 57% used [0x00000000c1800000,0x00000000c4bd10f0,0x00000000c7280000)
 Metaspace       used 16386K, capacity 16588K, committed 16896K, reserved 1064960K
  class space    used 1727K, capacity 1792K, committed 1792K, reserved 1048576K
}
Event: 16.150 GC heap before
{Heap before GC invocations=13 (full 2):
 PSYoungGen      total 162304K, used 159325K [0x00000000eb300000, 0x00000000f6880000, 0x0000000100000000)
  eden space 147456K, 100% used [0x00000000eb300000,0x00000000f4300000,0x00000000f4300000)
  from space 14848K, 79% used [0x00000000f5280000,0x00000000f5e17508,0x00000000f6100000)
  to   space 15872K, 0% used [0x00000000f4300000,0x00000000f4300000,0x00000000f5280000)
 ParOldGen       total 92672K, used 53060K [0x00000000c1800000, 0x00000000c7280000, 0x00000000eb300000)
  object space 92672K, 57% used [0x00000000c1800000,0x00000000c4bd10f0,0x00000000c7280000)
 Metaspace       used 16597K, capacity 16748K, committed 17024K, reserved 1064960K
  class space    used 1747K, capacity 1824K, committed 1920K, reserved 1048576K
Event: 16.208 GC heap after
Heap after GC invocations=13 (full 2):
 PSYoungGen      total 163328K, used 10143K [0x00000000eb300000, 0x00000000f9380000, 0x0000000100000000)
  eden space 147456K, 0% used [0x00000000eb300000,0x00000000eb300000,0x00000000f4300000)
  from space 15872K, 63% used [0x00000000f4300000,0x00000000f4ce7d50,0x00000000f5280000)
  to   space 16384K, 0% used [0x00000000f8380000,0x00000000f8380000,0x00000000f9380000)
 ParOldGen       total 92672K, used 70344K [0x00000000c1800000, 0x00000000c7280000, 0x00000000eb300000)
  object space 92672K, 75% used [0x00000000c1800000,0x00000000c5cb20c8,0x00000000c7280000)
 Metaspace       used 16597K, capacity 16748K, committed 17024K, reserved 1064960K
  class space    used 1747K, capacity 1824K, committed 1920K, reserved 1048576K
}

Deoptimization events (10 events):
Event: 15.778 Thread 0x00000000563f5800 Uncommon trap: reason=unstable_if action=reinterpret pc=0x0000000002963940 method=java.awt.image.ComponentColorModel.getDataElements(ILjava/lang/Object;)Ljava/lang/Object; @ 2993
Event: 17.791 Thread 0x00000000563f5800 Uncommon trap: reason=unstable_if action=reinterpret pc=0x00000000029855dc method=java.awt.image.ComponentColorModel.getRGB(Ljava/lang/Object;)I @ 4
Event: 17.791 Thread 0x00000000563f5800 Uncommon trap: reason=unstable_if action=reinterpret pc=0x0000000002969a40 method=java.awt.image.ComponentColorModel.getAlpha(Ljava/lang/Object;)I @ 4
Event: 17.791 Thread 0x00000000563f5800 Uncommon trap: reason=unstable_if action=reinterpret pc=0x0000000002952188 method=java.awt.image.ComponentColorModel.extractComponent(Ljava/lang/Object;II)I @ 4
Event: 18.621 Thread 0x00000000563f5800 Uncommon trap: reason=unstable_if action=reinterpret pc=0x0000000002ac62c4 method=java.lang.Math.round(F)I @ 36
Event: 18.937 Thread 0x00000000563f5800 Uncommon trap: reason=unstable_if action=reinterpret pc=0x0000000002a16ac4 method=java.io.BufferedReader.readLine(Z)Ljava/lang/String; @ 192
Event: 21.394 Thread 0x00000000563f5800 Uncommon trap: reason=unstable_if action=reinterpret pc=0x0000000002b2a538 method=functions.MathExt.contain(FFF)F @ 3
Event: 21.413 Thread 0x00000000563f5800 Uncommon trap: reason=unstable_if action=reinterpret pc=0x0000000002b6460c method=datatypes.lists.CleanList$ListIterator.hasNext()Z @ 6
Event: 21.609 Thread 0x00000000563f5800 Uncommon trap: reason=unstable_if action=reinterpret pc=0x0000000002b7d040 method=gfx.GOGL.drawWaveform(FFFFIIIILresource/sound/SoundBuffer;Z)V @ 360
Event: 21.680 Thread 0x00000000563f5800 Uncommon trap: reason=unstable_if action=reinterpret pc=0x0000000002b2fba8 method=java.lang.StrictMath.floorOrCeil(DDDD)D @ 115

Internal exceptions (10 events):
Event: 0.291 Thread 0x0000000001d8e800 Exception <a 'java/security/PrivilegedActionException'> (0x00000000eb40fb58) thrown at [C:\re\workspace\8-2-build-windows-amd64-cygwin\jdk8u45\3627\hotspot\src\share\vm\prims\jvm.cpp, line 1382]
Event: 0.302 Thread 0x0000000001d8e800 Exception <a 'java/io/FileNotFoundException'> (0x00000000eb411ea8) thrown at [C:\re\workspace\8-2-build-windows-amd64-cygwin\jdk8u45\3627\hotspot\src\share\vm\prims\jni.cpp, line 709]
Event: 0.367 Thread 0x0000000001d8e800 Exception <a 'java/io/FileNotFoundException'> (0x00000000eb431d20) thrown at [C:\re\workspace\8-2-build-windows-amd64-cygwin\jdk8u45\3627\hotspot\src\share\vm\prims\jni.cpp, line 709]
Event: 0.459 Thread 0x0000000001d8e800 Exception <a 'java/lang/NoSuchFieldError': method resolution failed> (0x00000000eb506758) thrown at [C:\re\workspace\8-2-build-windows-amd64-cygwin\jdk8u45\3627\hotspot\src\share\vm\prims\methodHandles.cpp, line 1125]
Event: 0.474 Thread 0x0000000001d8e800 Exception <a 'java/lang/NoSuchFieldError': method resolution failed> (0x00000000eb515198) thrown at [C:\re\workspace\8-2-build-windows-amd64-cygwin\jdk8u45\3627\hotspot\src\share\vm\prims\methodHandles.cpp, line 1125]
Event: 0.632 Thread 0x0000000001d8e800 Implicit null exception at 0x00000000026dd04b to 0x00000000026dd1fd
Event: 5.312 Thread 0x0000000001d8e800 Exception <a 'java/lang/InterruptedException'> (0x00000000ebd62848) thrown at [C:\re\workspace\8-2-build-windows-amd64-cygwin\jdk8u45\3627\hotspot\src\share\vm\runtime\objectMonitor.cpp, line 1683]
Event: 5.590 Thread 0x0000000001d8e800 Exception <a 'java/lang/reflect/InvocationTargetException'> (0x00000000ebfe0640) thrown at [C:\re\workspace\8-2-build-windows-amd64-cygwin\jdk8u45\3627\hotspot\src\share\vm\runtime\reflection.cpp, line 1080]
Event: 15.720 Thread 0x00000000563f5800 Implicit null exception at 0x000000000294b3f8 to 0x000000000294b639
Event: 15.778 Thread 0x00000000563f5800 Implicit null exception at 0x0000000002963316 to 0x0000000002963925

Events (10 events):
Event: 21.663 loading class com/jogamp/opengl/glu/gl2/GLUgl2$1 done
Event: 21.664 loading class jogamp/opengl/gl2/ProjectDouble
Event: 21.664 loading class jogamp/opengl/gl2/ProjectDouble done
Event: 21.665 loading class java/nio/DirectDoubleBufferU
Event: 21.665 loading class java/nio/DirectDoubleBufferU done
Event: 21.665 Executing VM operation: Deoptimize
Event: 21.666 Executing VM operation: Deoptimize done
Event: 21.680 Thread 0x00000000563f5800 Uncommon trap: trap_request=0xffffff65 fr.pc=0x0000000002b2fba8
Event: 21.680 Thread 0x00000000563f5800 DEOPT PACKING pc=0x0000000002b2fba8 sp=0x0000000059bdca50
Event: 21.680 Thread 0x00000000563f5800 DEOPT UNPACKING pc=0x000000000259556a sp=0x0000000059bdc9d0 mode 2


Dynamic libraries:
0x000000013f750000 - 0x000000013f787000 	C:\Program Files\Java\jre1.8.0_45\bin\javaw.exe
0x00000000773c0000 - 0x0000000077569000 	C:\Windows\SYSTEM32\ntdll.dll
0x00000000772a0000 - 0x00000000773bf000 	C:\Windows\system32\kernel32.dll
0x000007fefd340000 - 0x000007fefd3ac000 	C:\Windows\system32\KERNELBASE.dll
0x000007fefe3b0000 - 0x000007fefe48b000 	C:\Windows\system32\ADVAPI32.dll
0x000007fefdb20000 - 0x000007fefdbbf000 	C:\Windows\system32\msvcrt.dll
0x000007fefd5b0000 - 0x000007fefd5cf000 	C:\Windows\SYSTEM32\sechost.dll
0x000007fefdcd0000 - 0x000007fefddfd000 	C:\Windows\system32\RPCRT4.dll
0x00000000771a0000 - 0x000000007729a000 	C:\Windows\system32\USER32.dll
0x000007feff660000 - 0x000007feff6c7000 	C:\Windows\system32\GDI32.dll
0x000007fefde90000 - 0x000007fefde9e000 	C:\Windows\system32\LPK.dll
0x000007fefd8d0000 - 0x000007fefd999000 	C:\Windows\system32\USP10.dll
0x000007fefbc00000 - 0x000007fefbdf4000 	C:\Windows\WinSxS\amd64_microsoft.windows.common-controls_6595b64144ccf1df_6.0.7601.18837_none_fa3b1e3d17594757\COMCTL32.dll
0x000007fefd7b0000 - 0x000007fefd821000 	C:\Windows\system32\SHLWAPI.dll
0x000007fefe380000 - 0x000007fefe3ae000 	C:\Windows\system32\IMM32.DLL
0x000007fefdbc0000 - 0x000007fefdcc9000 	C:\Windows\system32\MSCTF.dll
0x000000006abf0000 - 0x000000006acc2000 	C:\Program Files\Java\jre1.8.0_45\bin\msvcr100.dll
0x00000000656a0000 - 0x0000000065f23000 	C:\Program Files\Java\jre1.8.0_45\bin\server\jvm.dll
0x000007fef72a0000 - 0x000007fef72a9000 	C:\Windows\system32\WSOCK32.dll
0x000007fefe490000 - 0x000007fefe4dd000 	C:\Windows\system32\WS2_32.dll
0x000007fefde80000 - 0x000007fefde88000 	C:\Windows\system32\NSI.dll
0x000007fef7260000 - 0x000007fef729b000 	C:\Windows\system32\WINMM.dll
0x000007fefc290000 - 0x000007fefc29c000 	C:\Windows\system32\VERSION.dll
0x0000000077590000 - 0x0000000077597000 	C:\Windows\system32\PSAPI.DLL
0x0000000071c90000 - 0x0000000071c9f000 	C:\Program Files\Java\jre1.8.0_45\bin\verify.dll
0x00000000700e0000 - 0x0000000070109000 	C:\Program Files\Java\jre1.8.0_45\bin\java.dll
0x00000000717a0000 - 0x00000000717b6000 	C:\Program Files\Java\jre1.8.0_45\bin\zip.dll
0x000007fefe770000 - 0x000007feff4f9000 	C:\Windows\system32\SHELL32.dll
0x000007fefe4e0000 - 0x000007fefe6e3000 	C:\Windows\system32\ole32.dll
0x000007fefd1f0000 - 0x000007fefd1ff000 	C:\Windows\system32\profapi.dll
0x000000006aa50000 - 0x000000006abe8000 	C:\Program Files\Java\jre1.8.0_45\bin\awt.dll
0x000007fefd9a0000 - 0x000007fefda77000 	C:\Windows\system32\OLEAUT32.dll
0x000007fefb0a0000 - 0x000007fefb0b8000 	C:\Windows\system32\DWMAPI.DLL
0x000007fefb7c0000 - 0x000007fefb816000 	C:\Windows\system32\uxtheme.dll
0x000007fefcff0000 - 0x000007fefcfff000 	C:\Windows\system32\CRYPTBASE.dll
0x000007feef0c0000 - 0x000007feef2bf000 	C:\Windows\system32\d3d9.dll
0x000007fef41a0000 - 0x000007fef41a7000 	C:\Windows\system32\d3d8thk.dll
0x000007fef4a40000 - 0x000007fef4a4d000 	C:\Windows\system32\atiu9p64.dll
0x000000006a610000 - 0x000000006aa47000 	C:\Windows\system32\atiumd64.dll
0x000000006a390000 - 0x000000006a601000 	C:\Windows\system32\atiumd6a.dll
0x000000006cf90000 - 0x000000006cfd7000 	C:\Program Files\Java\jre1.8.0_45\bin\fontmanager.dll
0x000007fefda80000 - 0x000007fefdb19000 	C:\Windows\system32\CLBCatQ.DLL
0x000007fefc9f0000 - 0x000007fefca08000 	C:\Windows\system32\CRYPTSP.dll
0x000007fefc6f0000 - 0x000007fefc737000 	C:\Windows\system32\rsaenh.dll
0x000007fefd310000 - 0x000007fefd32e000 	C:\Windows\system32\USERENV.dll
0x0000000071850000 - 0x000000007186a000 	C:\Program Files\Java\jre1.8.0_45\bin\net.dll
0x000007fefc990000 - 0x000007fefc9e5000 	C:\Windows\system32\mswsock.dll
0x000007fefc980000 - 0x000007fefc987000 	C:\Windows\System32\wship6.dll
0x000007fefa410000 - 0x000007fefa437000 	C:\Windows\system32\IPHLPAPI.DLL
0x000007fefa400000 - 0x000007fefa40b000 	C:\Windows\system32\WINNSI.DLL
0x000007fefa000000 - 0x000007fefa018000 	C:\Windows\system32\dhcpcsvc.DLL
0x000007fef9fc0000 - 0x000007fef9fd1000 	C:\Windows\system32\dhcpcsvc6.DLL
0x0000000070aa0000 - 0x0000000070ab1000 	C:\Program Files\Java\jre1.8.0_45\bin\nio.dll
0x000007fefd0e0000 - 0x000007fefd137000 	C:\Windows\system32\apphelp.dll
0x00000000637c0000 - 0x00000000637cd000 	C:\Users\Ryan\AppData\Local\Temp\jogamp_0000\file_cache\jln1630376301748392741\jln1997975123076975343\gluegen-rt.dll
0x0000000070ad0000 - 0x0000000070ad7000 	C:\Program Files\Java\jre1.8.0_45\bin\jawt.dll
0x0000000001d30000 - 0x0000000001d3d000 	C:\Users\Ryan\AppData\Local\Temp\jogamp_0000\file_cache\jln1630376301748392741\jln1997975123076975343\nativewindow_awt.dll
0x000000006c100000 - 0x000000006c10f000 	C:\Users\Ryan\AppData\Local\Temp\jogamp_0000\file_cache\jln1630376301748392741\jln1997975123076975343\nativewindow_win32.dll
0x000007feef3a0000 - 0x000007feef4bd000 	C:\Windows\system32\OpenGL32.dll
0x000007fef31b0000 - 0x000007fef31dd000 	C:\Windows\system32\GLU32.dll
0x000007fef1e20000 - 0x000007fef1f11000 	C:\Windows\system32\DDRAW.dll
0x000007fef3da0000 - 0x000007fef3da8000 	C:\Windows\system32\DCIMAN32.dll
0x000007fefd5d0000 - 0x000007fefd7a7000 	C:\Windows\system32\SETUPAPI.dll
0x000007fefd520000 - 0x000007fefd556000 	C:\Windows\system32\CFGMGR32.dll
0x000007fefd2d0000 - 0x000007fefd2ea000 	C:\Windows\system32\DEVOBJ.dll
0x0000000064500000 - 0x00000000645ae000 	C:\Users\Ryan\AppData\Local\Temp\jogamp_0000\file_cache\jln1630376301748392741\jln1997975123076975343\jogl_desktop.dll
0x0000000064340000 - 0x00000000643a0000 	C:\Users\Ryan\AppData\Local\Temp\jogamp_0000\file_cache\jln1630376301748392741\jln1997975123076975343\jogl_mobile.dll
0x000007fef40e0000 - 0x000007fef40e8000 	C:\Windows\system32\atig6pxx.dll
0x0000000069030000 - 0x0000000069ff6000 	C:\Windows\system32\atio6axx.dll
0x000007fef3c80000 - 0x000007fef3c89000 	C:\Windows\system32\atig6txx.dll
0x0000000180000000 - 0x0000000180049000 	C:\Windows\system32\atiadlxx.dll
0x000007fefd560000 - 0x000007fefd59b000 	C:\Windows\system32\WINTRUST.dll
0x000007fefd3b0000 - 0x000007fefd51d000 	C:\Windows\system32\CRYPT32.dll
0x000007fefd200000 - 0x000007fefd20f000 	C:\Windows\system32\MSASN1.dll
0x000000006b600000 - 0x000000006b658000 	C:\Users\Ryan\AppData\Local\Temp\jogamp_0000\file_cache\jln1630376301748392741\jln1997975123076975343\soft_oal.dll
0x00000000680c0000 - 0x00000000680d6000 	C:\Users\Ryan\AppData\Local\Temp\jogamp_0000\file_cache\jln1630376301748392741\jln1997975123076975343\joal.dll
0x000007fefb950000 - 0x000007fefb99b000 	C:\Windows\System32\MMDevApi.dll
0x000007fefb820000 - 0x000007fefb94c000 	C:\Windows\System32\PROPSYS.dll
0x000007fef1b20000 - 0x000007fef1ba8000 	C:\Windows\system32\dsound.dll
0x000007fefc2a0000 - 0x000007fefc2cc000 	C:\Windows\system32\POWRPROF.dll
0x000007fef3340000 - 0x000007fef338f000 	C:\Windows\system32\AUDIOSES.DLL
0x000000006c320000 - 0x000000006c351000 	C:\Program Files\Java\jre1.8.0_45\bin\jpeg.dll
0x000000006c610000 - 0x000000006c64d000 	C:\Program Files\Java\jre1.8.0_45\bin\lcms.dll
0x000007fefb2d0000 - 0x000007fefb3f5000 	C:\Windows\system32\dbghelp.dll

VM Arguments:
jvm_args: -Djava.library.path=C:\Users\Ryan\Desktop\jogamp-all-platforms\lib;C:\Users\Ryan\Desktop\jogamp-all-platforms\lib\windows-i586;C:\Users\Ryan\Desktop\jogamp-all-platforms\lib\windows-i586;C:\Users\Ryan\Desktop\jogamp-all-platforms;C:\Users\Ryan\Desktop\Ghost4J\lib -Dfile.encoding=Cp1252 
java_command: cont.GameController
java_class_path (initial): C:\Users\Ryan\Desktop\j-ogg\build\lib\j-ogg-all.jar;C:\Users\Ryan\Desktop\jogamp-all-platforms\jar\gluegen-rt.jar;C:\Users\Ryan\Desktop\jogamp-all-platforms\jar\jogl-all.jar;C:\Users\Ryan\Desktop\jogamp-all-platforms\jar\joal.jar;C:\Users\Ryan\Desktop\Ghost4J\ghost4j-1.0.0.jar;C:\Users\Ryan\Documents\newWorkspace\JavaGame\bin
Launcher Type: SUN_STANDARD

Environment Variables:
CLASSPATH=.;C:\Program Files (x86)\Java\jre7\lib\ext\QTJava.zip
PATH=C:/Program Files/Java/jre1.8.0_45/bin/server;C:/Program Files/Java/jre1.8.0_45/bin;C:/Program Files/Java/jre1.8.0_45/lib/amd64;C:\Windows\system32;C:\Windows;C:\Windows\system32\wbem;C:\ProgramData\Oracle\Java\javapath;C:\Program Files (x86)\AMD APP\bin\x86_64;C:\Program Files (x86)\AMD APP\bin\x86;C:\Program Files\Common Files\Microsoft Shared\Windows Live;C:\Program Files (x86)\PC Connectivity Solution;C:\Windows\System32\WindowsPowerShell\v1.0;C:\Program Files (x86)\ATI Technologies\ATI.ACE\Core-Static;C:\Program Files (x86)\Common Files\Lenovo;C:\Program Files (x86)\Common Files\Roxio Shared\10.0\DLLShared;C:\Program Files (x86)\Common Files\Roxio Shared\DLLShared;C:\Program Files (x86)\Lenovo\Access Connections;c:\Program Files (x86)\Microsoft SQL Server\90\Tools\binn;c:\Program Files (x86)\Microsoft SQL Server\100\Tools\Binn;c:\Program Files\Microsoft SQL Server\100\Tools\Binn;c:\Program Files\Microsoft SQL Server\100\DTS\Binn;C:\Program Files (x86)\Common Files\Teleca Shared;C:\Program Files (x86)\QuickTime\QTSystem;C:\Windows\System32\WindowsPowerShell\v1.0;C:\Program Files (x86)\Java\jre7\bin;C:\Program Files (x86)\PharosSystems\Core;C:\Program Files (x86)\nodejs;C:\Program Files (x86)\Skype\Phone;C:\Program Files\MATLAB\R2015a\runtime\win64;C:\Program Files\MATLAB\R2015a\bin;C:\Program Files\Common Files\Microsoft Shared\Windows Live;C:\MinGW\bin;C:\MinGW\msys\1.0\bin;C:\Users\Ryan\AppData\Roaming\npm;C:\Users\Ryan\Desktop\Java Development;
USERNAME=Ryan
OS=Windows_NT
PROCESSOR_IDENTIFIER=Intel64 Family 6 Model 23 Stepping 10, GenuineIntel



---------------  S Y S T E M  ---------------

OS: Windows 7 , 64 bit Build 7601 (6.1.7601.18933)

CPU:total 2 (2 cores per cpu, 1 threads per core) family 6 model 23 stepping 10, cmov, cx8, fxsr, mmx, sse, sse2, sse3, ssse3, sse4.1, tsc

Memory: 4k page, physical 4087836k(1131456k free), swap 8173832k(4821144k free)

vm_info: Java HotSpot(TM) 64-Bit Server VM (25.45-b02) for windows-amd64 JRE (1.8.0_45-b15), built on Apr 30 2015 12:40:44 by "java_re" with MS VC++ 10.0 (VS2010)

time: Sun Sep 27 14:03:43 2015
elapsed time: 21 seconds (0d 0h 0m 21s)

