#
# A fatal error has been detected by the Java Runtime Environment:
#
#  EXCEPTION_ACCESS_VIOLATION (0xc0000005) at pc=0x0000000069307900, pid=2568, tid=4200
#
# JRE version: Java(TM) SE Runtime Environment (8.0_45-b15) (build 1.8.0_45-b15)
# Java VM: Java HotSpot(TM) 64-Bit Server VM (25.45-b02 mixed mode windows-amd64 compressed oops)
# Problematic frame:
# C  [atio6axx.dll+0x2d7900]
#
# Failed to write core dump. Minidumps are not enabled by default on client versions of Windows
#
# If you would like to submit a bug report, please visit:
#   http://bugreport.java.com/bugreport/crash.jsp
# The crash happened outside the Java Virtual Machine in native code.
# See problematic frame for where to report the bug.
#

---------------  T H R E A D  ---------------

Current thread (0x00000000591e6000):  JavaThread "AWT-EventQueue-0" [_thread_in_native, id=4200, stack(0x0000000059c10000,0x0000000059d10000)]

siginfo: ExceptionCode=0xc0000005, reading address 0x0000000000000000

Registers:
RAX=0x0000000000000000, RBX=0x0000000000000000, RCX=0x000000005b2a8ed0, RDX=0x0000000000000000
RSP=0x0000000059d0c3b0, RBP=0x0000000000002700, RSI=0x0000000000000003, RDI=0x0000000000000001
R8 =0x000000005b2ab5d0, R9 =0xffffffffa4d57130, R10=0x000000005b2a8ed0, R11=0x000000005b2a8eec
R12=0x0000000000000270, R13=0x0000000000000010, R14=0x000000005af624d0, R15=0x000000005af60a00
RIP=0x0000000069307900, EFLAGS=0x0000000000010287

Top of Stack: (sp=0x0000000059d0c3b0)
0x0000000059d0c3b0:   00000000021fc240 000000000000001b
0x0000000059d0c3c0:   0000000000000000 00000000591e6000
0x0000000059d0c3d0:   000000005688bdb0 00000000565800b0
0x0000000059d0c3e0:   0000000000000001 000000006f1528e1
0x0000000059d0c3f0:   00000000000000d8 0000000059d0d768
0x0000000059d0c400:   0000f935aa18fa2d 00000000543e66d0
0x0000000059d0c410:   0000000000000000 000000006f152bef
0x0000000059d0c420:   0000000059d0c5e0 00000000543e66d0
0x0000000059d0c430:   00000000591e6000 000000006f130a10
0x0000000059d0c440:   0000000059d0c4f9 000000006f24b3e2
0x0000000059d0c450:   0000000059d0c660 00000000591e6000
0x0000000059d0c460:   0000000059d0c580 000000000000000b
0x0000000059d0c470:   00000000591d56c0 000000006f131f8f
0x0000000059d0c480:   0000000000000000 0000000059d0c4f9
0x0000000059d0c490:   00000000564d9ff0 00000000565800f8
0x0000000059d0c4a0:   00000000591e6000 000007fefd461300 

Instructions: (pc=0x0000000069307900)
0x00000000693078e0:   5a 1c 49 8b ca 44 8b c5 8b dd 83 e3 03 44 2b c3
0x00000000693078f0:   4d 03 c2 4d 3b d8 73 4a 4c 8b ca 4d 2b ca 66 90
0x0000000069307900:   8b 02 48 83 c1 20 48 83 c2 20 89 41 e0 42 8b 44
0x0000000069307910:   09 e4 89 41 e4 8b 42 e8 89 41 e8 8b 42 ec 89 41 


Register to memory mapping:

RAX=0x0000000000000000 is an unknown value
RBX=0x0000000000000000 is an unknown value
RCX=0x000000005b2a8ed0 is an unknown value
RDX=0x0000000000000000 is an unknown value
RSP=0x0000000059d0c3b0 is pointing into the stack for thread: 0x00000000591e6000
RBP=0x0000000000002700 is an unknown value
RSI=0x0000000000000003 is an unknown value
RDI=0x0000000000000001 is an unknown value
R8 =0x000000005b2ab5d0 is an unknown value
R9 =0xffffffffa4d57130 is an unknown value
R10=0x000000005b2a8ed0 is an unknown value
R11=0x000000005b2a8eec is an unknown value
R12=0x0000000000000270 is an unknown value
R13=0x0000000000000010 is an unknown value
R14=0x000000005af624d0 is an unknown value
R15=0x000000005af60a00 is an unknown value


Stack: [0x0000000059c10000,0x0000000059d10000],  sp=0x0000000059d0c3b0,  free space=1008k
Native frames: (J=compiled Java code, j=interpreted, Vv=VM code, C=native code)
C  [atio6axx.dll+0x2d7900]
C  [atio6axx.dll+0x2d5dd7]
C  [atio6axx.dll+0x277b2b]
C  [atio6axx.dll+0x40540b]
C  0x0000000002833874

Java frames: (J=compiled Java code, j=interpreted, Vv=VM code)
j  jogamp.opengl.gl4.GL4bcImpl.dispatch_glDrawArrays1(IIIJ)V+0
j  jogamp.opengl.gl4.GL4bcImpl.glDrawArrays(III)V+45
j  resource.model.Model.drawFast()V+112
j  object.environment.BlockTerrain$Section.draw(FF)V+32
j  object.environment.BlockTerrain$Chunk.draw()V+55
j  object.environment.BlockTerrain.draw()V+34
j  object.primitive.Drawable.draw3D()V+166
j  gfx.Camera.renderAll()V+58
j  gfx.GOGL$1.display(Lcom/jogamp/opengl/GLAutoDrawable;)V+34
j  jogamp.opengl.GLDrawableHelper.displayImpl(Lcom/jogamp/opengl/GLAutoDrawable;)V+81
j  jogamp.opengl.GLDrawableHelper.display(Lcom/jogamp/opengl/GLAutoDrawable;)V+2
j  com.jogamp.opengl.awt.GLCanvas$11.run()V+118
j  jogamp.opengl.GLDrawableHelper.invokeGLImpl(Lcom/jogamp/opengl/GLDrawable;Lcom/jogamp/opengl/GLContext;Ljava/lang/Runnable;Ljava/lang/Runnable;)V+203
j  jogamp.opengl.GLDrawableHelper.invokeGL(Lcom/jogamp/opengl/GLDrawable;Lcom/jogamp/opengl/GLContext;Ljava/lang/Runnable;Ljava/lang/Runnable;)V+72
j  com.jogamp.opengl.awt.GLCanvas$12.run()V+104
j  com.jogamp.opengl.Threading.invoke(ZLjava/lang/Runnable;Ljava/lang/Object;)V+27
j  com.jogamp.opengl.awt.GLCanvas.display()V+64
j  com.jogamp.opengl.awt.GLCanvas.paint(Ljava/awt/Graphics;)V+137
j  sun.awt.RepaintArea.paintComponent(Ljava/awt/Component;Ljava/awt/Graphics;)V+6
j  sun.awt.RepaintArea.paint(Ljava/lang/Object;Z)V+326
j  sun.awt.windows.WComponentPeer.handleEvent(Ljava/awt/AWTEvent;)V+155
j  java.awt.Component.dispatchEventImpl(Ljava/awt/AWTEvent;)V+877
j  java.awt.Component.dispatchEvent(Ljava/awt/AWTEvent;)V+2
j  java.awt.EventQueue.dispatchEventImpl(Ljava/awt/AWTEvent;Ljava/lang/Object;)V+41
j  java.awt.EventQueue.access$500(Ljava/awt/EventQueue;Ljava/awt/AWTEvent;Ljava/lang/Object;)V+3
j  java.awt.EventQueue$3.run()Ljava/lang/Void;+32
j  java.awt.EventQueue$3.run()Ljava/lang/Object;+1
v  ~StubRoutines::call_stub
j  java.security.AccessController.doPrivileged(Ljava/security/PrivilegedAction;Ljava/security/AccessControlContext;)Ljava/lang/Object;+0
j  java.security.ProtectionDomain$1.doIntersectionPrivilege(Ljava/security/PrivilegedAction;Ljava/security/AccessControlContext;Ljava/security/AccessControlContext;)Ljava/lang/Object;+28
j  java.security.ProtectionDomain$1.doIntersectionPrivilege(Ljava/security/PrivilegedAction;Ljava/security/AccessControlContext;)Ljava/lang/Object;+6
j  java.awt.EventQueue$4.run()Ljava/lang/Void;+11
j  java.awt.EventQueue$4.run()Ljava/lang/Object;+1
v  ~StubRoutines::call_stub
j  java.security.AccessController.doPrivileged(Ljava/security/PrivilegedAction;Ljava/security/AccessControlContext;)Ljava/lang/Object;+0
j  java.security.ProtectionDomain$1.doIntersectionPrivilege(Ljava/security/PrivilegedAction;Ljava/security/AccessControlContext;Ljava/security/AccessControlContext;)Ljava/lang/Object;+28
j  java.awt.EventQueue.dispatchEvent(Ljava/awt/AWTEvent;)V+73
j  java.awt.EventDispatchThread.pumpOneEventForFilters(I)V+245
j  java.awt.EventDispatchThread.pumpEventsForFilter(ILjava/awt/Conditional;Ljava/awt/EventFilter;)V+35
j  java.awt.EventDispatchThread.pumpEventsForHierarchy(ILjava/awt/Conditional;Ljava/awt/Component;)V+11
j  java.awt.EventDispatchThread.pumpEvents(ILjava/awt/Conditional;)V+4
j  java.awt.EventDispatchThread.pumpEvents(Ljava/awt/Conditional;)V+3
j  java.awt.EventDispatchThread.run()V+9
v  ~StubRoutines::call_stub

---------------  P R O C E S S  ---------------

Java Threads: ( => current thread )
  0x00000000021fe800 JavaThread "DestroyJavaVM" [_thread_blocked, id=5024, stack(0x0000000002300000,0x0000000002400000)]
  0x0000000056789800 JavaThread "Thread-4" [_thread_blocked, id=5844, stack(0x000000005bc80000,0x000000005bd80000)]
  0x000000005930f800 JavaThread "D3D Screen Updater" daemon [_thread_blocked, id=6676, stack(0x000000005b3a0000,0x000000005b4a0000)]
  0x000000005929f000 JavaThread "main-SharedResourceRunner" daemon [_thread_blocked, id=1508, stack(0x000000005a7e0000,0x000000005a8e0000)]
=>0x00000000591e6000 JavaThread "AWT-EventQueue-0" [_thread_in_native, id=4200, stack(0x0000000059c10000,0x0000000059d10000)]
  0x000000005688f800 JavaThread "AWT-Windows" daemon [_thread_in_native, id=5776, stack(0x0000000056d40000,0x0000000056e40000)]
  0x000000005688b000 JavaThread "AWT-Shutdown" [_thread_blocked, id=7004, stack(0x0000000056bc0000,0x0000000056cc0000)]
  0x000000005688a000 JavaThread "Java2D Disposer" daemon [_thread_blocked, id=5556, stack(0x00000000569e0000,0x0000000056ae0000)]
  0x0000000054dcb000 JavaThread "Service Thread" daemon [_thread_blocked, id=5504, stack(0x00000000561b0000,0x00000000562b0000)]
  0x0000000054dc8000 JavaThread "C1 CompilerThread1" daemon [_thread_blocked, id=1300, stack(0x0000000055fb0000,0x00000000560b0000)]
  0x0000000054d6e000 JavaThread "C2 CompilerThread0" daemon [_thread_blocked, id=7160, stack(0x0000000055e50000,0x0000000055f50000)]
  0x0000000054d6c800 JavaThread "Attach Listener" daemon [_thread_blocked, id=832, stack(0x0000000055d10000,0x0000000055e10000)]
  0x0000000054d6b800 JavaThread "Signal Dispatcher" daemon [_thread_blocked, id=3780, stack(0x0000000055660000,0x0000000055760000)]
  0x0000000054d0f800 JavaThread "Finalizer" daemon [_thread_blocked, id=6808, stack(0x0000000055b70000,0x0000000055c70000)]
  0x0000000054d08800 JavaThread "Reference Handler" daemon [_thread_blocked, id=5976, stack(0x00000000559b0000,0x0000000055ab0000)]

Other Threads:
  0x0000000054cfd000 VMThread [stack: 0x0000000055820000,0x0000000055920000] [id=5652]
  0x0000000054dcf800 WatcherThread [stack: 0x00000000563d0000,0x00000000564d0000] [id=6924]

VM state:not at safepoint (normal execution)

VM Mutex/Monitor currently owned by a thread: None

Heap:
 PSYoungGen      total 178176K, used 50405K [0x00000000eb300000, 0x00000000f9800000, 0x0000000100000000)
  eden space 164352K, 22% used [0x00000000eb300000,0x00000000ed6c0910,0x00000000f5380000)
  from space 13824K, 99% used [0x00000000f6c00000,0x00000000f7978ec8,0x00000000f7980000)
  to   space 25088K, 0% used [0x00000000f5380000,0x00000000f5380000,0x00000000f6c00000)
 ParOldGen       total 139264K, used 94871K [0x00000000c1800000, 0x00000000ca000000, 0x00000000eb300000)
  object space 139264K, 68% used [0x00000000c1800000,0x00000000c74a5d38,0x00000000ca000000)
 Metaspace       used 17451K, capacity 17644K, committed 17792K, reserved 1064960K
  class space    used 1812K, capacity 1888K, committed 1920K, reserved 1048576K

Card table byte_map: [0x0000000011be0000,0x0000000011de0000] byte_map_base: 0x00000000115d4000

Marking Bits: (ParMarkBitMap*) 0x000000006f724040
 Begin Bits: [0x0000000012290000, 0x0000000013230000)
 End Bits:   [0x0000000013230000, 0x00000000141d0000)

Polling page: 0x0000000000330000

CodeCache: size=245760Kb used=6235Kb max_used=6247Kb free=239524Kb
 bounds [0x0000000002820000, 0x0000000002e40000, 0x0000000011820000]
 total_blobs=2586 nmethods=1674 adapters=827
 compilation: enabled

Compilation events (10 events):
Event: 21.752 Thread 0x0000000054d6e000 nmethod 1691 0x0000000002e2d150 code [0x0000000002e2d2a0, 0x0000000002e2d3f8]
Event: 21.752 Thread 0x0000000054dc8000 1688       3       java.lang.StrictMath::floorOrCeil (128 bytes)
Event: 21.753 Thread 0x0000000054dc8000 nmethod 1688 0x0000000002e2ca10 code [0x0000000002e2cb80, 0x0000000002e2d010]
Event: 21.753 Thread 0x0000000054dc8000 1690       2       resource.model.Model::mult (73 bytes)
Event: 21.753 Thread 0x0000000054dc8000 nmethod 1690 0x0000000002e2e610 code [0x0000000002e2e780, 0x0000000002e2eab0]
Event: 21.753 Thread 0x0000000054dc8000 1687       3       gfx.GOGL::mult (69 bytes)
Event: 21.753 Thread 0x0000000054dc8000 nmethod 1687 0x0000000002e2de90 code [0x0000000002e2e020, 0x0000000002e2e3b0]
Event: 21.753 Thread 0x0000000054dc8000 1692       3       jogamp.opengl.gl4.GL4bcImpl::glTexCoord2fv (101 bytes)
Event: 21.756 Thread 0x0000000054dc8000 nmethod 1692 0x0000000002e303d0 code [0x0000000002e306e0, 0x0000000002e31e58]
Event: 21.756 Thread 0x0000000054dc8000 1696       3       jogamp.opengl.gl4.GL4bcImpl::glVertex3fv (101 bytes)

GC Heap History (10 events):
Event: 12.624 GC heap before
{Heap before GC invocations=11 (full 2):
 PSYoungGen      total 116224K, used 6956K [0x00000000eb300000, 0x00000000f5500000, 0x0000000100000000)
  eden space 104448K, 0% used [0x00000000eb300000,0x00000000eb300000,0x00000000f1900000)
  from space 11776K, 59% used [0x00000000f1900000,0x00000000f1fcb010,0x00000000f2480000)
  to   space 11776K, 0% used [0x00000000f4980000,0x00000000f4980000,0x00000000f5500000)
 ParOldGen       total 58368K, used 47333K [0x00000000c1800000, 0x00000000c5100000, 0x00000000eb300000)
  object space 58368K, 81% used [0x00000000c1800000,0x00000000c4639640,0x00000000c5100000)
 Metaspace       used 16366K, capacity 16588K, committed 16896K, reserved 1064960K
  class space    used 1724K, capacity 1792K, committed 1792K, reserved 1048576K
Event: 12.688 GC heap after
Heap after GC invocations=11 (full 2):
 PSYoungGen      total 116224K, used 0K [0x00000000eb300000, 0x00000000f5500000, 0x0000000100000000)
  eden space 104448K, 0% used [0x00000000eb300000,0x00000000eb300000,0x00000000f1900000)
  from space 11776K, 0% used [0x00000000f1900000,0x00000000f1900000,0x00000000f2480000)
  to   space 11776K, 0% used [0x00000000f4980000,0x00000000f4980000,0x00000000f5500000)
 ParOldGen       total 83456K, used 32471K [0x00000000c1800000, 0x00000000c6980000, 0x00000000eb300000)
  object space 83456K, 38% used [0x00000000c1800000,0x00000000c37b5c80,0x00000000c6980000)
 Metaspace       used 16366K, capacity 16588K, committed 16896K, reserved 1064960K
  class space    used 1724K, capacity 1792K, committed 1792K, reserved 1048576K
}
Event: 14.089 GC heap before
{Heap before GC invocations=12 (full 2):
 PSYoungGen      total 116224K, used 104448K [0x00000000eb300000, 0x00000000f5500000, 0x0000000100000000)
  eden space 104448K, 100% used [0x00000000eb300000,0x00000000f1900000,0x00000000f1900000)
  from space 11776K, 0% used [0x00000000f1900000,0x00000000f1900000,0x00000000f2480000)
  to   space 11776K, 0% used [0x00000000f4980000,0x00000000f4980000,0x00000000f5500000)
 ParOldGen       total 83456K, used 32471K [0x00000000c1800000, 0x00000000c6980000, 0x00000000eb300000)
  object space 83456K, 38% used [0x00000000c1800000,0x00000000c37b5c80,0x00000000c6980000)
 Metaspace       used 16366K, capacity 16588K, committed 16896K, reserved 1064960K
  class space    used 1724K, capacity 1792K, committed 1792K, reserved 1048576K
Event: 14.105 GC heap after
Heap after GC invocations=12 (full 2):
 PSYoungGen      total 147968K, used 11600K [0x00000000eb300000, 0x00000000f5500000, 0x0000000100000000)
  eden space 136192K, 0% used [0x00000000eb300000,0x00000000eb300000,0x00000000f3800000)
  from space 11776K, 98% used [0x00000000f4980000,0x00000000f54d4298,0x00000000f5500000)
  to   space 13312K, 0% used [0x00000000f3b00000,0x00000000f3b00000,0x00000000f4800000)
 ParOldGen       total 83456K, used 50466K [0x00000000c1800000, 0x00000000c6980000, 0x00000000eb300000)
  object space 83456K, 60% used [0x00000000c1800000,0x00000000c4948820,0x00000000c6980000)
 Metaspace       used 16366K, capacity 16588K, committed 16896K, reserved 1064960K
  class space    used 1724K, capacity 1792K, committed 1792K, reserved 1048576K
}
Event: 16.170 GC heap before
{Heap before GC invocations=13 (full 2):
 PSYoungGen      total 147968K, used 142870K [0x00000000eb300000, 0x00000000f5500000, 0x0000000100000000)
  eden space 136192K, 96% used [0x00000000eb300000,0x00000000f33318b8,0x00000000f3800000)
  from space 11776K, 98% used [0x00000000f4980000,0x00000000f54d4298,0x00000000f5500000)
  to   space 13312K, 0% used [0x00000000f3b00000,0x00000000f3b00000,0x00000000f4800000)
 ParOldGen       total 83456K, used 50466K [0x00000000c1800000, 0x00000000c6980000, 0x00000000eb300000)
  object space 83456K, 60% used [0x00000000c1800000,0x00000000c4948820,0x00000000c6980000)
 Metaspace       used 16368K, capacity 16588K, committed 16896K, reserved 1064960K
  class space    used 1724K, capacity 1792K, committed 1792K, reserved 1048576K
Event: 16.191 GC heap after
Heap after GC invocations=13 (full 2):
 PSYoungGen      total 152576K, used 8398K [0x00000000eb300000, 0x00000000f7980000, 0x0000000100000000)
  eden space 139264K, 0% used [0x00000000eb300000,0x00000000eb300000,0x00000000f3b00000)
  from space 13312K, 63% used [0x00000000f3b00000,0x00000000f43339f8,0x00000000f4800000)
  to   space 13824K, 0% used [0x00000000f6c00000,0x00000000f6c00000,0x00000000f7980000)
 ParOldGen       total 83456K, used 71160K [0x00000000c1800000, 0x00000000c6980000, 0x00000000eb300000)
  object space 83456K, 85% used [0x00000000c1800000,0x00000000c5d7e158,0x00000000c6980000)
 Metaspace       used 16368K, capacity 16588K, committed 16896K, reserved 1064960K
  class space    used 1724K, capacity 1792K, committed 1792K, reserved 1048576K
}
Event: 16.191 GC heap before
{Heap before GC invocations=14 (full 3):
 PSYoungGen      total 152576K, used 8398K [0x00000000eb300000, 0x00000000f7980000, 0x0000000100000000)
  eden space 139264K, 0% used [0x00000000eb300000,0x00000000eb300000,0x00000000f3b00000)
  from space 13312K, 63% used [0x00000000f3b00000,0x00000000f43339f8,0x00000000f4800000)
  to   space 13824K, 0% used [0x00000000f6c00000,0x00000000f6c00000,0x00000000f7980000)
 ParOldGen       total 83456K, used 71160K [0x00000000c1800000, 0x00000000c6980000, 0x00000000eb300000)
  object space 83456K, 85% used [0x00000000c1800000,0x00000000c5d7e158,0x00000000c6980000)
 Metaspace       used 16368K, capacity 16588K, committed 16896K, reserved 1064960K
  class space    used 1724K, capacity 1792K, committed 1792K, reserved 1048576K
Event: 16.290 GC heap after
Heap after GC invocations=14 (full 3):
 PSYoungGen      total 152576K, used 0K [0x00000000eb300000, 0x00000000f7980000, 0x0000000100000000)
  eden space 139264K, 0% used [0x00000000eb300000,0x00000000eb300000,0x00000000f3b00000)
  from space 13312K, 0% used [0x00000000f3b00000,0x00000000f3b00000,0x00000000f4800000)
  to   space 13824K, 0% used [0x00000000f6c00000,0x00000000f6c00000,0x00000000f7980000)
 ParOldGen       total 139264K, used 70369K [0x00000000c1800000, 0x00000000ca000000, 0x00000000eb300000)
  object space 139264K, 50% used [0x00000000c1800000,0x00000000c5cb8638,0x00000000ca000000)
 Metaspace       used 16368K, capacity 16588K, committed 16896K, reserved 1064960K
  class space    used 1724K, capacity 1792K, committed 1792K, reserved 1048576K
}
Event: 18.204 GC heap before
{Heap before GC invocations=15 (full 3):
 PSYoungGen      total 152576K, used 139264K [0x00000000eb300000, 0x00000000f7980000, 0x0000000100000000)
  eden space 139264K, 100% used [0x00000000eb300000,0x00000000f3b00000,0x00000000f3b00000)
  from space 13312K, 0% used [0x00000000f3b00000,0x00000000f3b00000,0x00000000f4800000)
  to   space 13824K, 0% used [0x00000000f6c00000,0x00000000f6c00000,0x00000000f7980000)
 ParOldGen       total 139264K, used 70369K [0x00000000c1800000, 0x00000000ca000000, 0x00000000eb300000)
  object space 139264K, 50% used [0x00000000c1800000,0x00000000c5cb8638,0x00000000ca000000)
 Metaspace       used 17053K, capacity 17260K, committed 17536K, reserved 1064960K
  class space    used 1768K, capacity 1824K, committed 1920K, reserved 1048576K
Event: 18.299 GC heap after
Heap after GC invocations=15 (full 3):
 PSYoungGen      total 178176K, used 13795K [0x00000000eb300000, 0x00000000f9800000, 0x0000000100000000)
  eden space 164352K, 0% used [0x00000000eb300000,0x00000000eb300000,0x00000000f5380000)
  from space 13824K, 99% used [0x00000000f6c00000,0x00000000f7978ec8,0x00000000f7980000)
  to   space 25088K, 0% used [0x00000000f5380000,0x00000000f5380000,0x00000000f6c00000)
 ParOldGen       total 139264K, used 94871K [0x00000000c1800000, 0x00000000ca000000, 0x00000000eb300000)
  object space 139264K, 68% used [0x00000000c1800000,0x00000000c74a5d38,0x00000000ca000000)
 Metaspace       used 17053K, capacity 17260K, committed 17536K, reserved 1064960K
  class space    used 1768K, capacity 1824K, committed 1920K, reserved 1048576K
}

Deoptimization events (10 events):
Event: 16.628 Thread 0x00000000591e6000 Uncommon trap: reason=unstable_if action=reinterpret pc=0x0000000002c00614 method=sun.awt.image.ByteInterleavedRaster.putByteData(IIII[B)V @ 395
Event: 16.892 Thread 0x00000000591e6000 Uncommon trap: reason=unstable_if action=reinterpret pc=0x0000000002c4b53c method=image.filter.BGEraserFilter.filterPixels(II[ILjava/awt/Rectangle;)[I @ 96
Event: 17.623 Thread 0x00000000591e6000 Uncommon trap: reason=unstable_if action=reinterpret pc=0x0000000002c4125c method=java.awt.image.ComponentColorModel.getRGB(Ljava/lang/Object;)I @ 4
Event: 17.623 Thread 0x00000000591e6000 Uncommon trap: reason=unstable_if action=reinterpret pc=0x0000000002c36608 method=java.awt.image.ComponentColorModel.extractComponent(Ljava/lang/Object;II)I @ 4
Event: 18.421 Thread 0x00000000591e6000 Uncommon trap: reason=unstable_if action=reinterpret pc=0x0000000002d78704 method=java.lang.Math.round(F)I @ 36
Event: 18.706 Thread 0x00000000591e6000 Uncommon trap: reason=unstable_if action=reinterpret pc=0x0000000002ded53c method=java.io.BufferedReader.readLine(Z)Ljava/lang/String; @ 192
Event: 21.533 Thread 0x00000000591e6000 Uncommon trap: reason=unstable_if action=reinterpret pc=0x0000000002deb638 method=functions.MathExt.contain(FFF)F @ 3
Event: 21.543 Thread 0x00000000591e6000 Uncommon trap: reason=unstable_if action=reinterpret pc=0x0000000002de7860 method=datatypes.lists.CleanList$ListIterator.checkNotDone()Z @ 21
Event: 21.665 Thread 0x00000000591e6000 Uncommon trap: reason=unstable_if action=reinterpret pc=0x0000000002e1c350 method=gfx.GOGL.drawWaveform(FFFFIIIILresource/sound/SoundBuffer;Z)V @ 360
Event: 21.742 Thread 0x00000000591e6000 Uncommon trap: reason=unstable_if action=reinterpret pc=0x0000000002dbc428 method=java.lang.StrictMath.floorOrCeil(DDDD)D @ 115

Internal exceptions (10 events):
Event: 0.523 Thread 0x00000000021fe800 Exception <a 'java/security/PrivilegedActionException'> (0x00000000eb45dae0) thrown at [C:\re\workspace\8-2-build-windows-amd64-cygwin\jdk8u45\3627\hotspot\src\share\vm\prims\jvm.cpp, line 1382]
Event: 0.523 Thread 0x00000000021fe800 Exception <a 'java/security/PrivilegedActionException'> (0x00000000eb45dc98) thrown at [C:\re\workspace\8-2-build-windows-amd64-cygwin\jdk8u45\3627\hotspot\src\share\vm\prims\jvm.cpp, line 1382]
Event: 0.525 Thread 0x00000000021fe800 Exception <a 'java/security/PrivilegedActionException'> (0x00000000eb461790) thrown at [C:\re\workspace\8-2-build-windows-amd64-cygwin\jdk8u45\3627\hotspot\src\share\vm\prims\jvm.cpp, line 1382]
Event: 0.525 Thread 0x00000000021fe800 Exception <a 'java/security/PrivilegedActionException'> (0x00000000eb461948) thrown at [C:\re\workspace\8-2-build-windows-amd64-cygwin\jdk8u45\3627\hotspot\src\share\vm\prims\jvm.cpp, line 1382]
Event: 0.532 Thread 0x00000000021fe800 Exception <a 'java/io/FileNotFoundException'> (0x00000000eb463c98) thrown at [C:\re\workspace\8-2-build-windows-amd64-cygwin\jdk8u45\3627\hotspot\src\share\vm\prims\jni.cpp, line 709]
Event: 0.598 Thread 0x00000000021fe800 Exception <a 'java/io/FileNotFoundException'> (0x00000000eb483b10) thrown at [C:\re\workspace\8-2-build-windows-amd64-cygwin\jdk8u45\3627\hotspot\src\share\vm\prims\jni.cpp, line 709]
Event: 0.707 Thread 0x00000000021fe800 Exception <a 'java/lang/NoSuchFieldError': method resolution failed> (0x00000000eb558500) thrown at [C:\re\workspace\8-2-build-windows-amd64-cygwin\jdk8u45\3627\hotspot\src\share\vm\prims\methodHandles.cpp, line 1125]
Event: 0.724 Thread 0x00000000021fe800 Exception <a 'java/lang/NoSuchFieldError': method resolution failed> (0x00000000eb566f40) thrown at [C:\re\workspace\8-2-build-windows-amd64-cygwin\jdk8u45\3627\hotspot\src\share\vm\prims\methodHandles.cpp, line 1125]
Event: 6.037 Thread 0x00000000021fe800 Exception <a 'java/lang/InterruptedException'> (0x00000000ebf94260) thrown at [C:\re\workspace\8-2-build-windows-amd64-cygwin\jdk8u45\3627\hotspot\src\share\vm\runtime\objectMonitor.cpp, line 1683]
Event: 6.405 Thread 0x00000000021fe800 Exception <a 'java/lang/reflect/InvocationTargetException'> (0x00000000ec2126c0) thrown at [C:\re\workspace\8-2-build-windows-amd64-cygwin\jdk8u45\3627\hotspot\src\share\vm\runtime\reflection.cpp, line 1080]

Events (10 events):
Event: 21.719 loading class com/jogamp/opengl/glu/gl2/GLUgl2$1 done
Event: 21.720 loading class jogamp/opengl/gl2/ProjectDouble
Event: 21.720 loading class jogamp/opengl/gl2/ProjectDouble done
Event: 21.721 loading class java/nio/DirectDoubleBufferU
Event: 21.721 loading class java/nio/DirectDoubleBufferU done
Event: 21.721 Executing VM operation: Deoptimize
Event: 21.722 Executing VM operation: Deoptimize done
Event: 21.742 Thread 0x00000000591e6000 Uncommon trap: trap_request=0xffffff65 fr.pc=0x0000000002dbc428
Event: 21.742 Thread 0x00000000591e6000 DEOPT PACKING pc=0x0000000002dbc428 sp=0x0000000059d0c800
Event: 21.742 Thread 0x00000000591e6000 DEOPT UNPACKING pc=0x000000000286556a sp=0x0000000059d0c780 mode 2


Dynamic libraries:
0x000000013f1b0000 - 0x000000013f1e7000 	C:\Program Files\Java\jre1.8.0_45\bin\javaw.exe
0x00000000772f0000 - 0x0000000077499000 	C:\Windows\SYSTEM32\ntdll.dll
0x00000000771d0000 - 0x00000000772ef000 	C:\Windows\system32\kernel32.dll
0x000007fefd460000 - 0x000007fefd4cc000 	C:\Windows\system32\KERNELBASE.dll
0x000007fefe740000 - 0x000007fefe81b000 	C:\Windows\system32\ADVAPI32.dll
0x000007fefe410000 - 0x000007fefe4af000 	C:\Windows\system32\msvcrt.dll
0x000007fefe5b0000 - 0x000007fefe5cf000 	C:\Windows\SYSTEM32\sechost.dll
0x000007fefd7b0000 - 0x000007fefd8dd000 	C:\Windows\system32\RPCRT4.dll
0x00000000770d0000 - 0x00000000771ca000 	C:\Windows\system32\USER32.dll
0x000007fefe360000 - 0x000007fefe3c7000 	C:\Windows\system32\GDI32.dll
0x000007fefe5a0000 - 0x000007fefe5ae000 	C:\Windows\system32\LPK.dll
0x000007fefe4b0000 - 0x000007fefe579000 	C:\Windows\system32\USP10.dll
0x000007fefbb30000 - 0x000007fefbd24000 	C:\Windows\WinSxS\amd64_microsoft.windows.common-controls_6595b64144ccf1df_6.0.7601.17514_none_fa396087175ac9ac\COMCTL32.dll
0x000007fefdaf0000 - 0x000007fefdb61000 	C:\Windows\system32\SHLWAPI.dll
0x000007fefe3d0000 - 0x000007fefe3fe000 	C:\Windows\system32\IMM32.DLL
0x000007fefe5d0000 - 0x000007fefe6d9000 	C:\Windows\system32\MSCTF.dll
0x000000006ed60000 - 0x000000006ee32000 	C:\Program Files\Java\jre1.8.0_45\bin\msvcr100.dll
0x000000006ef20000 - 0x000000006f7a3000 	C:\Program Files\Java\jre1.8.0_45\bin\server\jvm.dll
0x000007fef6160000 - 0x000007fef6169000 	C:\Windows\system32\WSOCK32.dll
0x000007feff5b0000 - 0x000007feff5fd000 	C:\Windows\system32\WS2_32.dll
0x000007fefe400000 - 0x000007fefe408000 	C:\Windows\system32\NSI.dll
0x000007fef8b40000 - 0x000007fef8b7b000 	C:\Windows\system32\WINMM.dll
0x000007fefc1c0000 - 0x000007fefc1cc000 	C:\Windows\system32\VERSION.dll
0x00000000774c0000 - 0x00000000774c7000 	C:\Windows\system32\PSAPI.DLL
0x0000000074aa0000 - 0x0000000074aaf000 	C:\Program Files\Java\jre1.8.0_45\bin\verify.dll
0x00000000749a0000 - 0x00000000749c9000 	C:\Program Files\Java\jre1.8.0_45\bin\java.dll
0x0000000074980000 - 0x0000000074996000 	C:\Program Files\Java\jre1.8.0_45\bin\zip.dll
0x000007fefe820000 - 0x000007feff5a8000 	C:\Windows\system32\SHELL32.dll
0x000007fefd8e0000 - 0x000007fefdae3000 	C:\Windows\system32\ole32.dll
0x000007fefd120000 - 0x000007fefd12f000 	C:\Windows\system32\profapi.dll
0x000000006e7a0000 - 0x000000006e938000 	C:\Program Files\Java\jre1.8.0_45\bin\awt.dll
0x000007fefdb70000 - 0x000007fefdc47000 	C:\Windows\system32\OLEAUT32.dll
0x000007fefb100000 - 0x000007fefb118000 	C:\Windows\system32\DWMAPI.DLL
0x000007fefb6f0000 - 0x000007fefb746000 	C:\Windows\system32\uxtheme.dll
0x000007fefcfc0000 - 0x000007fefcfcf000 	C:\Windows\system32\CRYPTBASE.dll
0x000007feec9a0000 - 0x000007feecb9f000 	C:\Windows\system32\d3d9.dll
0x000007fef68a0000 - 0x000007fef68a7000 	C:\Windows\system32\d3d8thk.dll
0x000007fefaea0000 - 0x000007fefaead000 	C:\Windows\system32\atiu9p64.dll
0x00000000649e0000 - 0x0000000064e17000 	C:\Windows\system32\atiumd64.dll
0x0000000065d80000 - 0x0000000065ff1000 	C:\Windows\system32\atiumd6a.dll
0x00000000748a0000 - 0x00000000748e7000 	C:\Program Files\Java\jre1.8.0_45\bin\fontmanager.dll
0x000007fefd4e0000 - 0x000007fefd579000 	C:\Windows\system32\CLBCatQ.DLL
0x000007fefc920000 - 0x000007fefc937000 	C:\Windows\system32\CRYPTSP.dll
0x000007fefc620000 - 0x000007fefc667000 	C:\Windows\system32\rsaenh.dll
0x000007fefd160000 - 0x000007fefd17e000 	C:\Windows\system32\USERENV.dll
0x0000000074960000 - 0x000000007497a000 	C:\Program Files\Java\jre1.8.0_45\bin\net.dll
0x000007fefc8c0000 - 0x000007fefc915000 	C:\Windows\system32\mswsock.dll
0x000007fefc8b0000 - 0x000007fefc8b7000 	C:\Windows\System32\wship6.dll
0x000007fefaec0000 - 0x000007fefaee7000 	C:\Windows\system32\IPHLPAPI.DLL
0x000007fefae70000 - 0x000007fefae7b000 	C:\Windows\system32\WINNSI.DLL
0x000007fefacb0000 - 0x000007fefacc8000 	C:\Windows\system32\dhcpcsvc.DLL
0x000007fefabb0000 - 0x000007fefabc1000 	C:\Windows\system32\dhcpcsvc6.DLL
0x0000000074940000 - 0x0000000074951000 	C:\Program Files\Java\jre1.8.0_45\bin\nio.dll
0x000007fefcf20000 - 0x000007fefcf77000 	C:\Windows\system32\apphelp.dll
0x00000000637c0000 - 0x00000000637cd000 	C:\Users\Ryan\AppData\Local\Temp\jogamp_0000\file_cache\jln4572629340640655927\jln5310713000606343984\gluegen-rt.dll
0x0000000074930000 - 0x0000000074937000 	C:\Program Files\Java\jre1.8.0_45\bin\jawt.dll
0x000000006a440000 - 0x000000006a44d000 	C:\Users\Ryan\AppData\Local\Temp\jogamp_0000\file_cache\jln4572629340640655927\jln5310713000606343984\nativewindow_awt.dll
0x000000006c100000 - 0x000000006c10f000 	C:\Users\Ryan\AppData\Local\Temp\jogamp_0000\file_cache\jln4572629340640655927\jln5310713000606343984\nativewindow_win32.dll
0x000007fee7be0000 - 0x000007fee7cfd000 	C:\Windows\system32\OpenGL32.dll
0x000007fef6680000 - 0x000007fef66ad000 	C:\Windows\system32\GLU32.dll
0x000007fee7ae0000 - 0x000007fee7bd1000 	C:\Windows\system32\DDRAW.dll
0x000007fef6740000 - 0x000007fef6748000 	C:\Windows\system32\DCIMAN32.dll
0x000007fefded0000 - 0x000007fefe0a7000 	C:\Windows\system32\SETUPAPI.dll
0x000007fefd420000 - 0x000007fefd456000 	C:\Windows\system32\CFGMGR32.dll
0x000007fefd140000 - 0x000007fefd15a000 	C:\Windows\system32\DEVOBJ.dll
0x0000000064500000 - 0x00000000645ae000 	C:\Users\Ryan\AppData\Local\Temp\jogamp_0000\file_cache\jln4572629340640655927\jln5310713000606343984\jogl_desktop.dll
0x0000000064340000 - 0x00000000643a0000 	C:\Users\Ryan\AppData\Local\Temp\jogamp_0000\file_cache\jln4572629340640655927\jln5310713000606343984\jogl_mobile.dll
0x000007fef6890000 - 0x000007fef6898000 	C:\Windows\system32\atig6pxx.dll
0x0000000069030000 - 0x0000000069ff6000 	C:\Windows\system32\atio6axx.dll
0x000007fef6620000 - 0x000007fef6629000 	C:\Windows\system32\atig6txx.dll
0x0000000180000000 - 0x0000000180049000 	C:\Windows\system32\atiadlxx.dll
0x000007fefd180000 - 0x000007fefd1ba000 	C:\Windows\system32\WINTRUST.dll
0x000007fefd2b0000 - 0x000007fefd41c000 	C:\Windows\system32\CRYPT32.dll
0x000007fefd130000 - 0x000007fefd13f000 	C:\Windows\system32\MSASN1.dll
0x000000006b600000 - 0x000000006b658000 	C:\Users\Ryan\AppData\Local\Temp\jogamp_0000\file_cache\jln4572629340640655927\jln5310713000606343984\soft_oal.dll
0x00000000680c0000 - 0x00000000680d6000 	C:\Users\Ryan\AppData\Local\Temp\jogamp_0000\file_cache\jln4572629340640655927\jln5310713000606343984\joal.dll
0x000007fefb8b0000 - 0x000007fefb8fb000 	C:\Windows\System32\MMDevApi.dll
0x000007fefb750000 - 0x000007fefb87c000 	C:\Windows\System32\PROPSYS.dll
0x000007feee360000 - 0x000007feee3e8000 	C:\Windows\system32\dsound.dll
0x000007fefc1d0000 - 0x000007fefc1fc000 	C:\Windows\system32\POWRPROF.dll
0x000007fef8500000 - 0x000007fef854f000 	C:\Windows\system32\AUDIOSES.DLL
0x0000000074860000 - 0x0000000074891000 	C:\Program Files\Java\jre1.8.0_45\bin\jpeg.dll
0x00000000745f0000 - 0x000000007462d000 	C:\Program Files\Java\jre1.8.0_45\bin\lcms.dll
0x000007fef0660000 - 0x000007fef0785000 	C:\Windows\system32\dbghelp.dll

VM Arguments:
jvm_args: -Djava.library.path=C:\Users\Ryan\Desktop\jogamp-all-platforms\lib;C:\Users\Ryan\Desktop\jogamp-all-platforms\lib\windows-i586;C:\Users\Ryan\Desktop\jogamp-all-platforms\lib\windows-i586;C:\Users\Ryan\Desktop\jogamp-all-platforms;C:\Users\Ryan\Desktop\Ghost4J\lib -Dfile.encoding=Cp1252 
java_command: cont.GameController
java_class_path (initial): C:\Users\Ryan\Desktop\j-ogg\build\lib\j-ogg-all.jar;C:\Users\Ryan\Desktop\jogamp-all-platforms\jar\gluegen-rt.jar;C:\Users\Ryan\Desktop\jogamp-all-platforms\jar\jogl-all.jar;C:\Users\Ryan\Desktop\jogamp-all-platforms\jar\joal.jar;C:\Users\Ryan\Desktop\Ghost4J\ghost4j-1.0.0.jar;C:\Users\Ryan\Documents\newWorkspace\JavaGame\bin
Launcher Type: SUN_STANDARD

Environment Variables:
CLASSPATH=.;C:\Program Files (x86)\Java\jre7\lib\ext\QTJava.zip
PATH=C:/Program Files/Java/jre1.8.0_45/bin/server;C:/Program Files/Java/jre1.8.0_45/bin;C:/Program Files/Java/jre1.8.0_45/lib/amd64;C:\Windows\system32;C:\Windows;C:\Windows\system32\wbem;C:\ProgramData\Oracle\Java\javapath;C:\Program Files (x86)\AMD APP\bin\x86_64;C:\Program Files (x86)\AMD APP\bin\x86;C:\Program Files\Common Files\Microsoft Shared\Windows Live;C:\Program Files (x86)\PC Connectivity Solution;C:\Windows\System32\WindowsPowerShell\v1.0;C:\Program Files (x86)\ATI Technologies\ATI.ACE\Core-Static;C:\Program Files (x86)\Common Files\Lenovo;C:\Program Files (x86)\Common Files\Roxio Shared\10.0\DLLShared;C:\Program Files (x86)\Common Files\Roxio Shared\DLLShared;C:\Program Files (x86)\Lenovo\Access Connections;c:\Program Files (x86)\Microsoft SQL Server\90\Tools\binn;c:\Program Files (x86)\Microsoft SQL Server\100\Tools\Binn;c:\Program Files\Microsoft SQL Server\100\Tools\Binn;c:\Program Files\Microsoft SQL Server\100\DTS\Binn;C:\Program Files (x86)\Common Files\Teleca Shared;C:\Program Files (x86)\QuickTime\QTSystem;C:\Windows\System32\WindowsPowerShell\v1.0;C:\Program Files (x86)\Java\jre7\bin;C:\Program Files (x86)\PharosSystems\Core;C:\Program Files (x86)\nodejs;C:\Program Files (x86)\Skype\Phone;C:\Program Files\MATLAB\R2015a\runtime\win64;C:\Program Files\MATLAB\R2015a\bin;C:\Program Files\Common Files\Microsoft Shared\Windows Live;C:\MinGW\bin;C:\MinGW\msys\1.0\bin;C:\Users\Ryan\AppData\Roaming\npm;C:\Users\Ryan\Desktop\Java Development;
USERNAME=Ryan
OS=Windows_NT
PROCESSOR_IDENTIFIER=Intel64 Family 6 Model 23 Stepping 10, GenuineIntel



---------------  S Y S T E M  ---------------

OS: Windows 7 , 64 bit Build 7601 (6.1.7601.18409)

CPU:total 2 (2 cores per cpu, 1 threads per core) family 6 model 23 stepping 10, cmov, cx8, fxsr, mmx, sse, sse2, sse3, ssse3, sse4.1, tsc

Memory: 4k page, physical 4087836k(814084k free), swap 8173808k(2390812k free)

vm_info: Java HotSpot(TM) 64-Bit Server VM (25.45-b02) for windows-amd64 JRE (1.8.0_45-b15), built on Apr 30 2015 12:40:44 by "java_re" with MS VC++ 10.0 (VS2010)

time: Sun Sep 27 11:38:17 2015
elapsed time: 21 seconds (0d 0h 0m 21s)

